2025-10-03T05:38:45 INFO - Database connection established
2025-10-03T05:39:00 ERROR - File uploaded: document.pdf
2025-10-03T05:39:14 ERROR - Request processed successfully
2025-10-03T05:39:29 DEBUG - Cache hit on key: product_123
2025-10-03T05:39:43 WARN - Request processed successfully
2025-10-03T05:39:57 WARN - File uploaded: document.pdf
2025-10-03T05:40:12 INFO - Email sent to user
2025-10-03T05:40:26 DEBUG - File uploaded: document.pdf
2025-10-03T05:40:41 INFO - Cache hit on key: product_123
2025-10-03T05:40:55 INFO - Background job completed
2025-10-03T05:41:09 DEBUG - Cache hit on key: product_123
2025-10-03T05:41:24 ERROR - Email sent to user
2025-10-03T05:41:38 ERROR - Email sent to user
2025-10-03T05:41:53 DEBUG - User authentication successful
2025-10-03T05:42:07 WARN - Cache hit on key: product_123
2025-10-03T05:42:21 INFO - Session created
2025-10-03T05:42:36 INFO - Background job completed
2025-10-03T05:42:50 ERROR - Email sent to user
2025-10-03T05:43:05 ERROR - Cache hit on key: product_123
2025-10-03T05:43:19 WARN - Cache hit on key: product_123
2025-10-03T05:43:33 INFO - Request processed successfully
2025-10-03T05:43:48 DEBUG - Background job completed
2025-10-03T05:44:02 INFO - Email sent to user
2025-10-03T05:44:17 ERROR - Request processed successfully
2025-10-03T05:44:31 ERROR - User authentication successful
2025-10-03T05:44:45 ERROR - Email sent to user
2025-10-03T05:45:00 WARN - User authentication successful
2025-10-03T05:45:14 INFO - Email sent to user
2025-10-03T05:45:29 DEBUG - File uploaded: document.pdf
2025-10-03T05:45:43 WARN - Payment processed
2025-10-03T05:45:57 INFO - Email sent to user
2025-10-03T05:46:12 ERROR - Email sent to user
2025-10-03T05:46:26 DEBUG - Database connection established
2025-10-03T05:46:41 INFO - User authentication successful
2025-10-03T05:46:55 ERROR - Request processed successfully
2025-10-03T05:47:09 INFO - Cache hit on key: product_123
2025-10-03T05:47:24 DEBUG - API response time: 45ms
2025-10-03T05:47:38 ERROR - Email sent to user
2025-10-03T05:47:53 INFO - Cache hit on key: product_123
2025-10-03T05:48:07 INFO - Request processed successfully
2025-10-03T05:48:21 ERROR - Cache hit on key: product_123
2025-10-03T05:48:36 DEBUG - Request processed successfully
2025-10-03T05:48:50 ERROR - User authentication successful
2025-10-03T05:49:05 WARN - File uploaded: document.pdf
2025-10-03T05:49:19 ERROR - API response time: 45ms
2025-10-03T05:49:33 INFO - Session created
2025-10-03T05:49:48 WARN - Database connection established
2025-10-03T05:50:02 ERROR - API response time: 45ms
2025-10-03T05:50:17 DEBUG - Database connection established
2025-10-03T05:50:31 INFO - User authentication successful
2025-10-03T05:50:45 WARN - Background job completed
2025-10-03T05:51:00 ERROR - Database connection established
2025-10-03T05:51:14 ERROR - File uploaded: document.pdf
2025-10-03T05:51:29 INFO - File uploaded: document.pdf
2025-10-03T05:51:43 INFO - File uploaded: document.pdf
2025-10-03T05:51:57 ERROR - User authentication successful
2025-10-03T05:52:12 INFO - API response time: 45ms
2025-10-03T05:52:26 WARN - Email sent to user
2025-10-03T05:52:41 DEBUG - File uploaded: document.pdf
2025-10-03T05:52:55 DEBUG - API response time: 45ms
2025-10-03T05:53:09 DEBUG - File uploaded: document.pdf
2025-10-03T05:53:24 WARN - User authentication successful
2025-10-03T05:53:38 DEBUG - API response time: 45ms
2025-10-03T05:53:53 DEBUG - Email sent to user
2025-10-03T05:54:07 WARN - User authentication successful
2025-10-03T05:54:21 WARN - File uploaded: document.pdf
2025-10-03T05:54:36 DEBUG - Email sent to user
2025-10-03T05:54:50 ERROR - API response time: 45ms
2025-10-03T05:55:05 ERROR - Database connection established
2025-10-03T05:55:19 DEBUG - File uploaded: document.pdf
2025-10-03T05:55:33 INFO - User authentication successful
2025-10-03T05:55:48 DEBUG - Payment processed
2025-10-03T05:56:02 DEBUG - API response time: 45ms
2025-10-03T05:56:17 INFO - Cache hit on key: product_123
2025-10-03T05:56:31 WARN - Payment processed
2025-10-03T05:56:45 WARN - Session created
2025-10-03T05:57:00 WARN - Email sent to user
2025-10-03T05:57:14 DEBUG - File uploaded: document.pdf
2025-10-03T05:57:29 DEBUG - Database connection established
2025-10-03T05:57:43 DEBUG - User authentication successful
2025-10-03T05:57:57 DEBUG - Background job completed
2025-10-03T05:58:12 INFO - API response time: 45ms
2025-10-03T05:58:26 DEBUG - File uploaded: document.pdf
2025-10-03T05:58:41 DEBUG - Payment processed
2025-10-03T05:58:55 WARN - Session created
2025-10-03T05:59:09 INFO - File uploaded: document.pdf
2025-10-03T05:59:24 DEBUG - Payment processed
2025-10-03T05:59:38 DEBUG - Background job completed
2025-10-03T05:59:53 ERROR - Payment processed
2025-10-03T06:00:07 DEBUG - Database connection established
2025-10-03T06:00:21 WARN - User authentication successful
2025-10-03T06:00:36 WARN - Request processed successfully
2025-10-03T06:00:50 DEBUG - Request processed successfully
2025-10-03T06:01:05 ERROR - Database connection established
2025-10-03T06:01:19 DEBUG - Cache hit on key: product_123
2025-10-03T06:01:33 WARN - User authentication successful
2025-10-03T06:01:48 ERROR - Database connection established
2025-10-03T06:02:02 DEBUG - Email sent to user
2025-10-03T06:02:17 WARN - Database connection established
2025-10-03T06:02:31 INFO - Request processed successfully
2025-10-03T06:02:45 WARN - Payment processed
2025-10-03T06:03:00 ERROR - User authentication successful
2025-10-03T06:03:14 DEBUG - Database connection established
2025-10-03T06:03:29 DEBUG - API response time: 45ms
2025-10-03T06:03:43 WARN - Request processed successfully
2025-10-03T06:03:57 ERROR - Request processed successfully
2025-10-03T06:04:12 DEBUG - Email sent to user
2025-10-03T06:04:26 INFO - File uploaded: document.pdf
2025-10-03T06:04:41 WARN - Session created
2025-10-03T06:04:55 INFO - File uploaded: document.pdf
2025-10-03T06:05:09 ERROR - Background job completed
2025-10-03T06:05:24 WARN - File uploaded: document.pdf
2025-10-03T06:05:38 ERROR - Request processed successfully
2025-10-03T06:05:53 INFO - API response time: 45ms
2025-10-03T06:06:07 ERROR - Email sent to user
2025-10-03T06:06:21 ERROR - Request processed successfully
2025-10-03T06:06:36 DEBUG - Background job completed
2025-10-03T06:06:50 WARN - Database connection established
2025-10-03T06:07:05 WARN - User authentication successful
2025-10-03T06:07:19 ERROR - Payment processed
2025-10-03T06:07:33 WARN - Background job completed
2025-10-03T06:07:48 DEBUG - Email sent to user
2025-10-03T06:08:02 INFO - File uploaded: document.pdf
2025-10-03T06:08:17 WARN - Background job completed
2025-10-03T06:08:31 INFO - User authentication successful
2025-10-03T06:08:45 INFO - Database connection established
2025-10-03T06:09:00 WARN - Request processed successfully
2025-10-03T06:09:14 DEBUG - API response time: 45ms
2025-10-03T06:09:29 INFO - API response time: 45ms
2025-10-03T06:09:43 DEBUG - Request processed successfully
2025-10-03T06:09:57 INFO - Email sent to user
2025-10-03T06:10:12 INFO - Background job completed
2025-10-03T06:10:26 WARN - User authentication successful
2025-10-03T06:10:41 INFO - Request processed successfully
2025-10-03T06:10:55 INFO - User authentication successful
2025-10-03T06:11:09 ERROR - Request processed successfully
2025-10-03T06:11:24 WARN - Database connection established
2025-10-03T06:11:38 INFO - Payment processed
2025-10-03T06:11:53 INFO - Database connection established
2025-10-03T06:12:07 DEBUG - Session created
2025-10-03T06:12:21 ERROR - Background job completed
2025-10-03T06:12:36 ERROR - Background job completed
2025-10-03T06:12:50 ERROR - Email sent to user
2025-10-03T06:13:05 WARN - Background job completed
2025-10-03T06:13:19 ERROR - User authentication successful
2025-10-03T06:13:33 INFO - Session created
2025-10-03T06:13:48 ERROR - Database connection established
2025-10-03T06:14:02 DEBUG - Database connection established
2025-10-03T06:14:17 WARN - Background job completed
2025-10-03T06:14:31 DEBUG - Background job completed
2025-10-03T06:14:45 ERROR - Request processed successfully
2025-10-03T06:15:00 ERROR - Cache hit on key: product_123
2025-10-03T06:15:14 WARN - Database connection established
2025-10-03T06:15:29 ERROR - File uploaded: document.pdf
2025-10-03T06:15:43 INFO - API response time: 45ms
2025-10-03T06:15:57 ERROR - Payment processed
2025-10-03T06:16:12 WARN - Session created
2025-10-03T06:16:26 INFO - Payment processed
2025-10-03T06:16:41 ERROR - Database connection established
2025-10-03T06:16:55 WARN - File uploaded: document.pdf
2025-10-03T06:17:09 INFO - API response time: 45ms
2025-10-03T06:17:24 ERROR - Database connection established
2025-10-03T06:17:38 ERROR - Session created
2025-10-03T06:17:53 WARN - Session created
2025-10-03T06:18:07 WARN - Database connection established
2025-10-03T06:18:21 WARN - User authentication successful
2025-10-03T06:18:36 WARN - API response time: 45ms
2025-10-03T06:18:50 ERROR - API response time: 45ms
2025-10-03T06:19:05 ERROR - Cache hit on key: product_123
2025-10-03T06:19:19 DEBUG - Payment processed
2025-10-03T06:19:33 INFO - Database connection established
2025-10-03T06:19:48 ERROR - File uploaded: document.pdf
2025-10-03T06:20:02 ERROR - Request processed successfully
2025-10-03T06:20:17 WARN - Email sent to user
2025-10-03T06:20:31 DEBUG - Payment processed
2025-10-03T06:20:45 DEBUG - Background job completed
2025-10-03T06:21:00 WARN - Cache hit on key: product_123
2025-10-03T06:21:14 DEBUG - API response time: 45ms
2025-10-03T06:21:29 ERROR - Database connection established
2025-10-03T06:21:43 DEBUG - Database connection established
2025-10-03T06:21:57 WARN - File uploaded: document.pdf
2025-10-03T06:22:12 DEBUG - Email sent to user
2025-10-03T06:22:26 ERROR - API response time: 45ms
2025-10-03T06:22:41 ERROR - Background job completed
2025-10-03T06:22:55 DEBUG - User authentication successful
2025-10-03T06:23:09 DEBUG - Cache hit on key: product_123
2025-10-03T06:23:24 DEBUG - User authentication successful
2025-10-03T06:23:38 DEBUG - Email sent to user
2025-10-03T06:23:53 WARN - Email sent to user
2025-10-03T06:24:07 ERROR - Database connection established
2025-10-03T06:24:21 DEBUG - File uploaded: document.pdf
2025-10-03T06:24:36 INFO - Request processed successfully
2025-10-03T06:24:50 WARN - User authentication successful
2025-10-03T06:25:05 DEBUG - Payment processed
2025-10-03T06:25:19 ERROR - Request processed successfully
2025-10-03T06:25:33 WARN - User authentication successful
2025-10-03T06:25:48 DEBUG - Payment processed
2025-10-03T06:26:02 DEBUG - User authentication successful
2025-10-03T06:26:17 ERROR - User authentication successful
2025-10-03T06:26:31 INFO - User authentication successful
2025-10-03T06:26:45 INFO - Cache hit on key: product_123
2025-10-03T06:27:00 DEBUG - API response time: 45ms
2025-10-03T06:27:14 DEBUG - Request processed successfully
2025-10-03T06:27:29 INFO - User authentication successful
2025-10-03T06:27:43 WARN - Cache hit on key: product_123
2025-10-03T06:27:57 DEBUG - Cache hit on key: product_123
2025-10-03T06:28:12 INFO - Session created
2025-10-03T06:28:26 WARN - Database connection established
2025-10-03T06:28:41 ERROR - Database connection established
2025-10-03T06:28:55 DEBUG - File uploaded: document.pdf
2025-10-03T06:29:09 DEBUG - Email sent to user
2025-10-03T06:29:24 INFO - Cache hit on key: product_123
2025-10-03T06:29:38 DEBUG - User authentication successful
2025-10-03T06:29:53 INFO - API response time: 45ms
2025-10-03T06:30:07 ERROR - Payment processed
2025-10-03T06:30:21 ERROR - Cache hit on key: product_123
2025-10-03T06:30:36 INFO - File uploaded: document.pdf
2025-10-03T06:30:50 DEBUG - File uploaded: document.pdf
2025-10-03T06:31:05 ERROR - Request processed successfully
2025-10-03T06:31:19 ERROR - User authentication successful
2025-10-03T06:31:33 WARN - Database connection established
2025-10-03T06:31:48 WARN - Cache hit on key: product_123
2025-10-03T06:32:02 ERROR - Email sent to user
2025-10-03T06:32:17 DEBUG - Background job completed
2025-10-03T06:32:31 ERROR - Payment processed
2025-10-03T06:32:45 ERROR - Email sent to user
2025-10-03T06:33:00 ERROR - API response time: 45ms
2025-10-03T06:33:14 DEBUG - Database connection established
2025-10-03T06:33:29 ERROR - Cache hit on key: product_123
2025-10-03T06:33:43 INFO - Session created
2025-10-03T06:33:57 DEBUG - Database connection established
2025-10-03T06:34:12 ERROR - Database connection established
2025-10-03T06:34:26 DEBUG - Email sent to user
2025-10-03T06:34:41 WARN - Session created
2025-10-03T06:34:55 DEBUG - Request processed successfully
2025-10-03T06:35:09 ERROR - Cache hit on key: product_123
2025-10-03T06:35:24 WARN - Session created
2025-10-03T06:35:38 DEBUG - API response time: 45ms
2025-10-03T06:35:53 WARN - Database connection established
2025-10-03T06:36:07 WARN - Payment processed
2025-10-03T06:36:21 DEBUG - Cache hit on key: product_123
2025-10-03T06:36:36 WARN - Session created
2025-10-03T06:36:50 INFO - Email sent to user
2025-10-03T06:37:05 WARN - Background job completed
2025-10-03T06:37:19 WARN - File uploaded: document.pdf
2025-10-03T06:37:33 ERROR - Cache hit on key: product_123
2025-10-03T06:37:48 INFO - Payment processed
2025-10-03T06:38:02 INFO - Database connection established
2025-10-03T06:38:17 ERROR - Cache hit on key: product_123
2025-10-03T06:38:31 INFO - Cache hit on key: product_123
2025-10-03T06:38:45 DEBUG - Cache hit on key: product_123
2025-10-03T06:39:00 WARN - API response time: 45ms
2025-10-03T06:39:14 WARN - Session created
2025-10-03T06:39:29 DEBUG - Email sent to user
2025-10-03T06:39:43 WARN - User authentication successful
2025-10-03T06:39:57 INFO - Background job completed
2025-10-03T06:40:12 DEBUG - Email sent to user
2025-10-03T06:40:26 INFO - Payment processed
2025-10-03T06:40:41 INFO - Cache hit on key: product_123
2025-10-03T06:40:55 INFO - API response time: 45ms
2025-10-03T06:41:09 WARN - User authentication successful
2025-10-03T06:41:24 INFO - Request processed successfully
2025-10-03T06:41:38 WARN - Email sent to user
2025-10-03T06:41:53 DEBUG - Session created
2025-10-03T06:42:07 ERROR - Email sent to user
2025-10-03T06:42:21 INFO - Database connection established
2025-10-03T06:42:36 INFO - Request processed successfully
2025-10-03T06:42:50 ERROR - Email sent to user
2025-10-03T06:43:05 INFO - Request processed successfully
2025-10-03T06:43:19 INFO - Cache hit on key: product_123
2025-10-03T06:43:33 DEBUG - Background job completed
2025-10-03T06:43:48 WARN - Request processed successfully
2025-10-03T06:44:02 WARN - User authentication successful
2025-10-03T06:44:17 WARN - API response time: 45ms
2025-10-03T06:44:31 ERROR - User authentication successful
2025-10-03T06:44:45 ERROR - API response time: 45ms
2025-10-03T06:45:00 INFO - Cache hit on key: product_123
2025-10-03T06:45:14 DEBUG - API response time: 45ms
2025-10-03T06:45:29 ERROR - Payment processed
2025-10-03T06:45:43 INFO - Session created
2025-10-03T06:45:57 ERROR - API response time: 45ms
2025-10-03T06:46:12 DEBUG - Database connection established
2025-10-03T06:46:26 INFO - Database connection established
2025-10-03T06:46:41 INFO - API response time: 45ms
2025-10-03T06:46:55 ERROR - API response time: 45ms
2025-10-03T06:47:09 WARN - Database connection established
2025-10-03T06:47:24 ERROR - Email sent to user
2025-10-03T06:47:38 ERROR - Email sent to user
2025-10-03T06:47:53 ERROR - Email sent to user
2025-10-03T06:48:07 DEBUG - Email sent to user
2025-10-03T06:48:21 DEBUG - Background job completed
2025-10-03T06:48:36 WARN - Payment processed
2025-10-03T06:48:50 DEBUG - Session created
2025-10-03T06:49:05 INFO - Cache hit on key: product_123
2025-10-03T06:49:19 ERROR - User authentication successful
2025-10-03T06:49:33 INFO - Payment processed
2025-10-03T06:49:48 WARN - Email sent to user
2025-10-03T06:50:02 ERROR - Background job completed
2025-10-03T06:50:17 WARN - User authentication successful
2025-10-03T06:50:31 ERROR - File uploaded: document.pdf
2025-10-03T06:50:45 DEBUG - API response time: 45ms
2025-10-03T06:51:00 ERROR - Session created
2025-10-03T06:51:14 WARN - Email sent to user
2025-10-03T06:51:29 ERROR - File uploaded: document.pdf
2025-10-03T06:51:43 DEBUG - Background job completed
2025-10-03T06:51:57 DEBUG - API response time: 45ms
2025-10-03T06:52:12 ERROR - Payment processed
2025-10-03T06:52:26 DEBUG - User authentication successful
2025-10-03T06:52:41 DEBUG - API response time: 45ms
2025-10-03T06:52:55 INFO - User authentication successful
2025-10-03T06:53:09 INFO - Email sent to user
2025-10-03T06:53:24 ERROR - Database connection established
2025-10-03T06:53:38 ERROR - Database connection established
2025-10-03T06:53:53 INFO - Payment processed
2025-10-03T06:54:07 WARN - API response time: 45ms
2025-10-03T06:54:21 INFO - Email sent to user
2025-10-03T06:54:36 ERROR - Cache hit on key: product_123
2025-10-03T06:54:50 ERROR - API response time: 45ms
2025-10-03T06:55:05 WARN - Email sent to user
2025-10-03T06:55:19 DEBUG - File uploaded: document.pdf
2025-10-03T06:55:33 DEBUG - Background job completed
2025-10-03T06:55:48 INFO - Database connection established
2025-10-03T06:56:02 ERROR - Payment processed
2025-10-03T06:56:17 ERROR - Request processed successfully
2025-10-03T06:56:31 INFO - Request processed successfully
2025-10-03T06:56:45 ERROR - Background job completed
2025-10-03T06:57:00 ERROR - Cache hit on key: product_123
2025-10-03T06:57:14 ERROR - API response time: 45ms
2025-10-03T06:57:29 ERROR - Cache hit on key: product_123
2025-10-03T06:57:43 WARN - Background job completed
2025-10-03T06:57:57 DEBUG - User authentication successful
2025-10-03T06:58:12 INFO - Payment processed
2025-10-03T06:58:26 INFO - Database connection established
2025-10-03T06:58:41 ERROR - Background job completed
2025-10-03T06:58:55 DEBUG - Cache hit on key: product_123
2025-10-03T06:59:09 WARN - Request processed successfully
2025-10-03T06:59:24 WARN - Email sent to user
2025-10-03T06:59:38 WARN - Email sent to user
2025-10-03T06:59:53 WARN - API response time: 45ms
2025-10-03T07:00:07 INFO - File uploaded: document.pdf
2025-10-03T07:00:21 INFO - Cache hit on key: product_123
2025-10-03T07:00:36 WARN - File uploaded: document.pdf
2025-10-03T07:00:50 DEBUG - Email sent to user
2025-10-03T07:01:05 ERROR - Cache hit on key: product_123
2025-10-03T07:01:19 ERROR - User authentication successful
2025-10-03T07:01:33 WARN - Payment processed
2025-10-03T07:01:48 ERROR - Email sent to user
2025-10-03T07:02:02 INFO - User authentication successful
2025-10-03T07:02:17 WARN - Request processed successfully
2025-10-03T07:02:31 DEBUG - Database connection established
2025-10-03T07:02:45 WARN - Background job completed
2025-10-03T07:03:00 ERROR - Database connection established
2025-10-03T07:03:14 DEBUG - Cache hit on key: product_123
2025-10-03T07:03:29 ERROR - User authentication successful
2025-10-03T07:03:43 INFO - Request processed successfully
2025-10-03T07:03:57 WARN - Request processed successfully
2025-10-03T07:04:12 ERROR - Request processed successfully
2025-10-03T07:04:26 DEBUG - Database connection established
2025-10-03T07:04:41 INFO - User authentication successful
2025-10-03T07:04:55 DEBUG - Background job completed
2025-10-03T07:05:09 ERROR - Database connection established
2025-10-03T07:05:24 ERROR - Cache hit on key: product_123
2025-10-03T07:05:38 DEBUG - User authentication successful
2025-10-03T07:05:53 WARN - Database connection established
2025-10-03T07:06:07 INFO - File uploaded: document.pdf
2025-10-03T07:06:21 ERROR - Payment processed
2025-10-03T07:06:36 INFO - Request processed successfully
2025-10-03T07:06:50 INFO - Email sent to user
2025-10-03T07:07:05 INFO - Cache hit on key: product_123
2025-10-03T07:07:19 DEBUG - Request processed successfully
2025-10-03T07:07:33 WARN - Payment processed
2025-10-03T07:07:48 INFO - User authentication successful
2025-10-03T07:08:02 INFO - API response time: 45ms
2025-10-03T07:08:17 INFO - Payment processed
2025-10-03T07:08:31 DEBUG - User authentication successful
2025-10-03T07:08:45 INFO - Request processed successfully
2025-10-03T07:09:00 DEBUG - File uploaded: document.pdf
2025-10-03T07:09:14 DEBUG - API response time: 45ms
2025-10-03T07:09:29 ERROR - API response time: 45ms
2025-10-03T07:09:43 INFO - Email sent to user
2025-10-03T07:09:57 WARN - Request processed successfully
2025-10-03T07:10:12 DEBUG - Background job completed
2025-10-03T07:10:26 ERROR - API response time: 45ms
2025-10-03T07:10:41 ERROR - User authentication successful
2025-10-03T07:10:55 DEBUG - API response time: 45ms
2025-10-03T07:11:09 ERROR - Session created
2025-10-03T07:11:24 WARN - Session created
2025-10-03T07:11:38 ERROR - File uploaded: document.pdf
2025-10-03T07:11:53 INFO - Request processed successfully
2025-10-03T07:12:07 INFO - Request processed successfully
2025-10-03T07:12:21 ERROR - Background job completed
2025-10-03T07:12:36 INFO - User authentication successful
2025-10-03T07:12:50 WARN - Background job completed
2025-10-03T07:13:05 DEBUG - Email sent to user
2025-10-03T07:13:19 WARN - API response time: 45ms
2025-10-03T07:13:33 DEBUG - Session created
2025-10-03T07:13:48 ERROR - API response time: 45ms
2025-10-03T07:14:02 DEBUG - Database connection established
2025-10-03T07:14:17 WARN - User authentication successful
2025-10-03T07:14:31 INFO - Payment processed
2025-10-03T07:14:45 DEBUG - Request processed successfully
2025-10-03T07:15:00 ERROR - Session created
2025-10-03T07:15:14 WARN - Database connection established
2025-10-03T07:15:29 DEBUG - Background job completed
2025-10-03T07:15:43 ERROR - User authentication successful
2025-10-03T07:15:57 DEBUG - File uploaded: document.pdf
2025-10-03T07:16:12 WARN - Cache hit on key: product_123
2025-10-03T07:16:26 INFO - Request processed successfully
2025-10-03T07:16:41 WARN - Payment processed
2025-10-03T07:16:55 INFO - Payment processed
2025-10-03T07:17:09 WARN - User authentication successful
2025-10-03T07:17:24 INFO - Cache hit on key: product_123
2025-10-03T07:17:38 ERROR - Database connection established
2025-10-03T07:17:53 ERROR - Request processed successfully
2025-10-03T07:18:07 WARN - User authentication successful
2025-10-03T07:18:21 WARN - File uploaded: document.pdf
2025-10-03T07:18:36 ERROR - Session created
2025-10-03T07:18:50 DEBUG - API response time: 45ms
2025-10-03T07:19:05 WARN - API response time: 45ms
2025-10-03T07:19:19 ERROR - API response time: 45ms
2025-10-03T07:19:33 DEBUG - Request processed successfully
2025-10-03T07:19:48 WARN - Request processed successfully
2025-10-03T07:20:02 DEBUG - Session created
2025-10-03T07:20:17 INFO - User authentication successful
2025-10-03T07:20:31 DEBUG - Background job completed
2025-10-03T07:20:45 ERROR - API response time: 45ms
2025-10-03T07:21:00 DEBUG - Cache hit on key: product_123
2025-10-03T07:21:14 DEBUG - Request processed successfully
2025-10-03T07:21:29 DEBUG - Request processed successfully
2025-10-03T07:21:43 WARN - Payment processed
2025-10-03T07:21:57 ERROR - User authentication successful
2025-10-03T07:22:12 INFO - Payment processed
2025-10-03T07:22:26 WARN - Cache hit on key: product_123
2025-10-03T07:22:41 INFO - Session created
2025-10-03T07:22:55 INFO - API response time: 45ms
2025-10-03T07:23:09 ERROR - File uploaded: document.pdf
2025-10-03T07:23:24 DEBUG - Background job completed
2025-10-03T07:23:38 DEBUG - Background job completed
2025-10-03T07:23:53 INFO - Background job completed
2025-10-03T07:24:07 INFO - Database connection established
2025-10-03T07:24:21 INFO - Request processed successfully
2025-10-03T07:24:36 INFO - Request processed successfully
2025-10-03T07:24:50 ERROR - Request processed successfully
2025-10-03T07:25:05 DEBUG - Email sent to user
2025-10-03T07:25:19 INFO - Session created
2025-10-03T07:25:33 DEBUG - File uploaded: document.pdf
2025-10-03T07:25:48 DEBUG - Payment processed
2025-10-03T07:26:02 DEBUG - File uploaded: document.pdf
2025-10-03T07:26:17 WARN - API response time: 45ms
2025-10-03T07:26:31 WARN - API response time: 45ms
2025-10-03T07:26:45 DEBUG - File uploaded: document.pdf
2025-10-03T07:27:00 ERROR - Background job completed
2025-10-03T07:27:14 WARN - Background job completed
2025-10-03T07:27:29 ERROR - Database connection established
2025-10-03T07:27:43 ERROR - File uploaded: document.pdf
2025-10-03T07:27:57 DEBUG - Request processed successfully
2025-10-03T07:28:12 WARN - Payment processed
2025-10-03T07:28:26 ERROR - File uploaded: document.pdf
2025-10-03T07:28:41 INFO - User authentication successful
2025-10-03T07:28:55 WARN - Payment processed
2025-10-03T07:29:09 ERROR - API response time: 45ms
2025-10-03T07:29:24 ERROR - Payment processed
2025-10-03T07:29:38 ERROR - Cache hit on key: product_123
2025-10-03T07:29:53 DEBUG - Payment processed
2025-10-03T07:30:07 DEBUG - API response time: 45ms
2025-10-03T07:30:21 DEBUG - Background job completed
2025-10-03T07:30:36 INFO - Email sent to user
2025-10-03T07:30:50 ERROR - File uploaded: document.pdf
2025-10-03T07:31:05 ERROR - Database connection established
2025-10-03T07:31:19 INFO - Email sent to user
2025-10-03T07:31:33 WARN - Email sent to user
2025-10-03T07:31:48 ERROR - Cache hit on key: product_123
2025-10-03T07:32:02 INFO - User authentication successful
2025-10-03T07:32:17 INFO - User authentication successful
2025-10-03T07:32:31 ERROR - Email sent to user
2025-10-03T07:32:45 DEBUG - Database connection established
2025-10-03T07:33:00 DEBUG - Request processed successfully
2025-10-03T07:33:14 DEBUG - Request processed successfully
2025-10-03T07:33:29 WARN - Payment processed
2025-10-03T07:33:43 ERROR - Request processed successfully
2025-10-03T07:33:57 DEBUG - Session created
2025-10-03T07:34:12 INFO - API response time: 45ms
2025-10-03T07:34:26 DEBUG - User authentication successful
2025-10-03T07:34:41 ERROR - Request processed successfully
2025-10-03T07:34:55 ERROR - Cache hit on key: product_123
2025-10-03T07:35:09 WARN - User authentication successful
2025-10-03T07:35:24 INFO - Request processed successfully
2025-10-03T07:35:38 ERROR - Request processed successfully
2025-10-03T07:35:53 INFO - Session created
2025-10-03T07:36:07 WARN - API response time: 45ms
2025-10-03T07:36:21 INFO - File uploaded: document.pdf
2025-10-03T07:36:36 DEBUG - Cache hit on key: product_123
2025-10-03T07:36:50 ERROR - File uploaded: document.pdf
2025-10-03T07:37:05 DEBUG - Payment processed
2025-10-03T07:37:19 ERROR - Database connection established
2025-10-03T07:37:33 INFO - User authentication successful
2025-10-03T07:37:48 DEBUG - Payment processed
2025-10-03T07:38:02 WARN - Email sent to user
2025-10-03T07:38:17 DEBUG - User authentication successful
2025-10-03T07:38:31 INFO - Database connection established
