2025-10-03 05:38:45.831357 ERROR - Request processed successfully
2025-10-03 05:39:00.231357 WARN - Cache hit on key: product_123
2025-10-03 05:39:14.631357 DEBUG - Background job completed
2025-10-03 05:39:29.031357 WARN - File uploaded: document.pdf
2025-10-03 05:39:43.431357 ERROR - Payment processed
2025-10-03 05:39:57.831357 INFO - File uploaded: document.pdf
2025-10-03 05:40:12.231357 INFO - Request processed successfully
2025-10-03 05:40:26.631357 INFO - File uploaded: document.pdf
2025-10-03 05:40:41.031357 ERROR - API response time: 45ms
2025-10-03 05:40:55.431357 ERROR - Request processed successfully
2025-10-03 05:41:09.831357 WARN - API response time: 45ms
2025-10-03 05:41:24.231357 DEBUG - Background job completed
2025-10-03 05:41:38.631357 INFO - Background job completed
2025-10-03 05:41:53.031357 ERROR - User authentication successful
2025-10-03 05:42:07.431357 ERROR - API response time: 45ms
2025-10-03 05:42:21.831357 INFO - Background job completed
2025-10-03 05:42:36.231357 INFO - Email sent to user
2025-10-03 05:42:50.631357 DEBUG - Email sent to user
2025-10-03 05:43:05.031357 WARN - Background job completed
2025-10-03 05:43:19.431357 INFO - Email sent to user
2025-10-03 05:43:33.831357 WARN - Session created
2025-10-03 05:43:48.231357 DEBUG - Background job completed
2025-10-03 05:44:02.631357 DEBUG - User authentication successful
2025-10-03 05:44:17.031357 WARN - Database connection established
2025-10-03 05:44:31.431357 ERROR - File uploaded: document.pdf
2025-10-03 05:44:45.831357 WARN - Request processed successfully
2025-10-03 05:45:00.231357 DEBUG - Request processed successfully
2025-10-03 05:45:14.631357 DEBUG - User authentication successful
2025-10-03 05:45:29.031357 ERROR - Request processed successfully
2025-10-03 05:45:43.431357 WARN - Background job completed
2025-10-03 05:45:57.831357 WARN - Request processed successfully
2025-10-03 05:46:12.231357 WARN - User authentication successful
2025-10-03 05:46:26.631357 ERROR - User authentication successful
2025-10-03 05:46:41.031357 DEBUG - File uploaded: document.pdf
2025-10-03 05:46:55.431357 INFO - File uploaded: document.pdf
2025-10-03 05:47:09.831357 ERROR - Background job completed
2025-10-03 05:47:24.231357 INFO - API response time: 45ms
2025-10-03 05:47:38.631357 WARN - User authentication successful
2025-10-03 05:47:53.031357 DEBUG - Session created
2025-10-03 05:48:07.431357 ERROR - Payment processed
2025-10-03 05:48:21.831357 WARN - API response time: 45ms
2025-10-03 05:48:36.231357 ERROR - Background job completed
2025-10-03 05:48:50.631357 WARN - File uploaded: document.pdf
2025-10-03 05:49:05.031357 DEBUG - Database connection established
2025-10-03 05:49:19.431357 DEBUG - Database connection established
2025-10-03 05:49:33.831357 INFO - Background job completed
2025-10-03 05:49:48.231357 INFO - Session created
2025-10-03 05:50:02.631357 INFO - API response time: 45ms
2025-10-03 05:50:17.031357 DEBUG - User authentication successful
2025-10-03 05:50:31.431357 WARN - API response time: 45ms
2025-10-03 05:50:45.831357 DEBUG - Session created
2025-10-03 05:51:00.231357 INFO - API response time: 45ms
2025-10-03 05:51:14.631357 INFO - User authentication successful
2025-10-03 05:51:29.031357 ERROR - Cache hit on key: product_123
2025-10-03 05:51:43.431357 ERROR - Email sent to user
2025-10-03 05:51:57.831357 INFO - Session created
2025-10-03 05:52:12.231357 ERROR - Email sent to user
2025-10-03 05:52:26.631357 ERROR - User authentication successful
2025-10-03 05:52:41.031357 ERROR - Request processed successfully
2025-10-03 05:52:55.431357 WARN - Background job completed
2025-10-03 05:53:09.831357 ERROR - Payment processed
2025-10-03 05:53:24.231357 INFO - API response time: 45ms
2025-10-03 05:53:38.631357 INFO - Payment processed
2025-10-03 05:53:53.031357 ERROR - API response time: 45ms
2025-10-03 05:54:07.431357 WARN - User authentication successful
2025-10-03 05:54:21.831357 INFO - Session created
2025-10-03 05:54:36.231357 ERROR - File uploaded: document.pdf
2025-10-03 05:54:50.631357 ERROR - Payment processed
2025-10-03 05:55:05.031357 ERROR - Session created
2025-10-03 05:55:19.431357 INFO - Session created
2025-10-03 05:55:33.831357 ERROR - Background job completed
2025-10-03 05:55:48.231357 WARN - Request processed successfully
2025-10-03 05:56:02.631357 INFO - Session created
2025-10-03 05:56:17.031357 ERROR - User authentication successful
2025-10-03 05:56:31.431357 INFO - API response time: 45ms
2025-10-03 05:56:45.831357 INFO - Email sent to user
2025-10-03 05:57:00.231357 INFO - Email sent to user
2025-10-03 05:57:14.631357 ERROR - User authentication successful
2025-10-03 05:57:29.031357 INFO - Payment processed
2025-10-03 05:57:43.431357 INFO - File uploaded: document.pdf
2025-10-03 05:57:57.831357 DEBUG - Email sent to user
2025-10-03 05:58:12.231357 DEBUG - User authentication successful
2025-10-03 05:58:26.631357 WARN - Request processed successfully
2025-10-03 05:58:41.031357 ERROR - File uploaded: document.pdf
2025-10-03 05:58:55.431357 INFO - API response time: 45ms
2025-10-03 05:59:09.831357 INFO - API response time: 45ms
2025-10-03 05:59:24.231357 INFO - Background job completed
2025-10-03 05:59:38.631357 WARN - File uploaded: document.pdf
2025-10-03 05:59:53.031357 DEBUG - Email sent to user
2025-10-03 06:00:07.431357 DEBUG - Cache hit on key: product_123
2025-10-03 06:00:21.831357 ERROR - Session created
2025-10-03 06:00:36.231357 ERROR - Request processed successfully
2025-10-03 06:00:50.631357 WARN - Database connection established
2025-10-03 06:01:05.031357 INFO - Database connection established
2025-10-03 06:01:19.431357 WARN - Request processed successfully
2025-10-03 06:01:33.831357 DEBUG - Payment processed
2025-10-03 06:01:48.231357 ERROR - Database connection established
2025-10-03 06:02:02.631357 INFO - Database connection established
2025-10-03 06:02:17.031357 WARN - Session created
2025-10-03 06:02:31.431357 INFO - Payment processed
2025-10-03 06:02:45.831357 ERROR - Payment processed
2025-10-03 06:03:00.231357 ERROR - Payment processed
2025-10-03 06:03:14.631357 DEBUG - Email sent to user
2025-10-03 06:03:29.031357 DEBUG - Session created
2025-10-03 06:03:43.431357 ERROR - Email sent to user
2025-10-03 06:03:57.831357 ERROR - Session created
2025-10-03 06:04:12.231357 WARN - User authentication successful
2025-10-03 06:04:26.631357 WARN - Database connection established
2025-10-03 06:04:41.031357 DEBUG - Payment processed
2025-10-03 06:04:55.431357 INFO - Email sent to user
2025-10-03 06:05:09.831357 INFO - Email sent to user
2025-10-03 06:05:24.231357 ERROR - API response time: 45ms
2025-10-03 06:05:38.631357 ERROR - API response time: 45ms
2025-10-03 06:05:53.031357 DEBUG - File uploaded: document.pdf
2025-10-03 06:06:07.431357 DEBUG - Request processed successfully
2025-10-03 06:06:21.831357 ERROR - File uploaded: document.pdf
2025-10-03 06:06:36.231357 INFO - Cache hit on key: product_123
2025-10-03 06:06:50.631357 ERROR - Request processed successfully
2025-10-03 06:07:05.031357 INFO - File uploaded: document.pdf
2025-10-03 06:07:19.431357 ERROR - Database connection established
2025-10-03 06:07:33.831357 INFO - Background job completed
2025-10-03 06:07:48.231357 INFO - API response time: 45ms
2025-10-03 06:08:02.631357 WARN - API response time: 45ms
2025-10-03 06:08:17.031357 WARN - File uploaded: document.pdf
2025-10-03 06:08:31.431357 WARN - Request processed successfully
2025-10-03 06:08:45.831357 INFO - File uploaded: document.pdf
2025-10-03 06:09:00.231357 WARN - Cache hit on key: product_123
2025-10-03 06:09:14.631357 WARN - Request processed successfully
2025-10-03 06:09:29.031357 WARN - Background job completed
2025-10-03 06:09:43.431357 INFO - Request processed successfully
2025-10-03 06:09:57.831357 ERROR - Request processed successfully
2025-10-03 06:10:12.231357 WARN - Session created
2025-10-03 06:10:26.631357 ERROR - Cache hit on key: product_123
2025-10-03 06:10:41.031357 INFO - API response time: 45ms
2025-10-03 06:10:55.431357 ERROR - Session created
2025-10-03 06:11:09.831357 ERROR - Email sent to user
2025-10-03 06:11:24.231357 WARN - Background job completed
2025-10-03 06:11:38.631357 WARN - Email sent to user
2025-10-03 06:11:53.031357 WARN - Cache hit on key: product_123
2025-10-03 06:12:07.431357 ERROR - File uploaded: document.pdf
2025-10-03 06:12:21.831357 ERROR - Background job completed
2025-10-03 06:12:36.231357 WARN - Cache hit on key: product_123
2025-10-03 06:12:50.631357 WARN - User authentication successful
2025-10-03 06:13:05.031357 INFO - Session created
2025-10-03 06:13:19.431357 WARN - API response time: 45ms
2025-10-03 06:13:33.831357 WARN - Cache hit on key: product_123
2025-10-03 06:13:48.231357 ERROR - Request processed successfully
2025-10-03 06:14:02.631357 INFO - API response time: 45ms
2025-10-03 06:14:17.031357 WARN - Request processed successfully
2025-10-03 06:14:31.431357 ERROR - Cache hit on key: product_123
2025-10-03 06:14:45.831357 WARN - File uploaded: document.pdf
2025-10-03 06:15:00.231357 INFO - Payment processed
2025-10-03 06:15:14.631357 WARN - Cache hit on key: product_123
2025-10-03 06:15:29.031357 WARN - Request processed successfully
2025-10-03 06:15:43.431357 DEBUG - Cache hit on key: product_123
2025-10-03 06:15:57.831357 INFO - Email sent to user
2025-10-03 06:16:12.231357 WARN - Cache hit on key: product_123
2025-10-03 06:16:26.631357 ERROR - Payment processed
2025-10-03 06:16:41.031357 WARN - Request processed successfully
2025-10-03 06:16:55.431357 WARN - Payment processed
2025-10-03 06:17:09.831357 ERROR - Payment processed
2025-10-03 06:17:24.231357 WARN - Payment processed
2025-10-03 06:17:38.631357 ERROR - File uploaded: document.pdf
2025-10-03 06:17:53.031357 ERROR - Payment processed
2025-10-03 06:18:07.431357 WARN - Session created
2025-10-03 06:18:21.831357 WARN - Background job completed
2025-10-03 06:18:36.231357 DEBUG - User authentication successful
2025-10-03 06:18:50.631357 ERROR - API response time: 45ms
2025-10-03 06:19:05.031357 ERROR - Cache hit on key: product_123
2025-10-03 06:19:19.431357 WARN - Session created
2025-10-03 06:19:33.831357 INFO - User authentication successful
2025-10-03 06:19:48.231357 INFO - User authentication successful
2025-10-03 06:20:02.631357 ERROR - Background job completed
2025-10-03 06:20:17.031357 ERROR - API response time: 45ms
2025-10-03 06:20:31.431357 DEBUG - Cache hit on key: product_123
2025-10-03 06:20:45.831357 INFO - Email sent to user
2025-10-03 06:21:00.231357 WARN - API response time: 45ms
2025-10-03 06:21:14.631357 DEBUG - Database connection established
2025-10-03 06:21:29.031357 INFO - Cache hit on key: product_123
2025-10-03 06:21:43.431357 DEBUG - User authentication successful
2025-10-03 06:21:57.831357 WARN - User authentication successful
2025-10-03 06:22:12.231357 DEBUG - Payment processed
2025-10-03 06:22:26.631357 WARN - API response time: 45ms
2025-10-03 06:22:41.031357 WARN - Session created
2025-10-03 06:22:55.431357 INFO - Background job completed
2025-10-03 06:23:09.831357 DEBUG - User authentication successful
2025-10-03 06:23:24.231357 WARN - User authentication successful
2025-10-03 06:23:38.631357 WARN - Request processed successfully
2025-10-03 06:23:53.031357 DEBUG - Database connection established
2025-10-03 06:24:07.431357 ERROR - User authentication successful
2025-10-03 06:24:21.831357 INFO - Email sent to user
2025-10-03 06:24:36.231357 ERROR - Session created
2025-10-03 06:24:50.631357 ERROR - Payment processed
2025-10-03 06:25:05.031357 WARN - Background job completed
2025-10-03 06:25:19.431357 INFO - Request processed successfully
2025-10-03 06:25:33.831357 DEBUG - File uploaded: document.pdf
2025-10-03 06:25:48.231357 ERROR - Background job completed
2025-10-03 06:26:02.631357 ERROR - Database connection established
2025-10-03 06:26:17.031357 INFO - Background job completed
2025-10-03 06:26:31.431357 WARN - Session created
2025-10-03 06:26:45.831357 DEBUG - Database connection established
2025-10-03 06:27:00.231357 ERROR - File uploaded: document.pdf
2025-10-03 06:27:14.631357 ERROR - Payment processed
2025-10-03 06:27:29.031357 DEBUG - Email sent to user
2025-10-03 06:27:43.431357 INFO - Database connection established
2025-10-03 06:27:57.831357 DEBUG - Cache hit on key: product_123
2025-10-03 06:28:12.231357 DEBUG - File uploaded: document.pdf
2025-10-03 06:28:26.631357 INFO - Background job completed
2025-10-03 06:28:41.031357 DEBUG - User authentication successful
2025-10-03 06:28:55.431357 ERROR - API response time: 45ms
2025-10-03 06:29:09.831357 INFO - Cache hit on key: product_123
2025-10-03 06:29:24.231357 WARN - File uploaded: document.pdf
2025-10-03 06:29:38.631357 DEBUG - Session created
2025-10-03 06:29:53.031357 ERROR - Background job completed
2025-10-03 06:30:07.431357 WARN - Database connection established
2025-10-03 06:30:21.831357 DEBUG - Background job completed
2025-10-03 06:30:36.231357 DEBUG - Cache hit on key: product_123
2025-10-03 06:30:50.631357 ERROR - User authentication successful
2025-10-03 06:31:05.031357 INFO - User authentication successful
2025-10-03 06:31:19.431357 ERROR - Request processed successfully
2025-10-03 06:31:33.831357 INFO - User authentication successful
2025-10-03 06:31:48.231357 INFO - API response time: 45ms
2025-10-03 06:32:02.631357 ERROR - File uploaded: document.pdf
2025-10-03 06:32:17.031357 WARN - Database connection established
2025-10-03 06:32:31.431357 WARN - Database connection established
2025-10-03 06:32:45.831357 INFO - Session created
2025-10-03 06:33:00.231357 WARN - Email sent to user
2025-10-03 06:33:14.631357 ERROR - Background job completed
2025-10-03 06:33:29.031357 WARN - User authentication successful
2025-10-03 06:33:43.431357 ERROR - User authentication successful
2025-10-03 06:33:57.831357 DEBUG - Email sent to user
2025-10-03 06:34:12.231357 INFO - Background job completed
2025-10-03 06:34:26.631357 WARN - API response time: 45ms
2025-10-03 06:34:41.031357 WARN - Email sent to user
2025-10-03 06:34:55.431357 WARN - User authentication successful
2025-10-03 06:35:09.831357 WARN - Database connection established
2025-10-03 06:35:24.231357 INFO - Request processed successfully
2025-10-03 06:35:38.631357 DEBUG - Background job completed
2025-10-03 06:35:53.031357 INFO - Request processed successfully
2025-10-03 06:36:07.431357 DEBUG - File uploaded: document.pdf
2025-10-03 06:36:21.831357 DEBUG - Background job completed
2025-10-03 06:36:36.231357 DEBUG - User authentication successful
2025-10-03 06:36:50.631357 DEBUG - File uploaded: document.pdf
2025-10-03 06:37:05.031357 DEBUG - Email sent to user
2025-10-03 06:37:19.431357 ERROR - Background job completed
2025-10-03 06:37:33.831357 DEBUG - Database connection established
2025-10-03 06:37:48.231357 INFO - Email sent to user
2025-10-03 06:38:02.631357 DEBUG - API response time: 45ms
2025-10-03 06:38:17.031357 WARN - Session created
2025-10-03 06:38:31.431357 DEBUG - File uploaded: document.pdf
2025-10-03 06:38:45.831357 INFO - Database connection established
2025-10-03 06:39:00.231357 WARN - Cache hit on key: product_123
2025-10-03 06:39:14.631357 WARN - User authentication successful
2025-10-03 06:39:29.031357 DEBUG - Cache hit on key: product_123
2025-10-03 06:39:43.431357 ERROR - Email sent to user
2025-10-03 06:39:57.831357 WARN - Request processed successfully
2025-10-03 06:40:12.231357 INFO - Database connection established
2025-10-03 06:40:26.631357 DEBUG - File uploaded: document.pdf
2025-10-03 06:40:41.031357 ERROR - Email sent to user
2025-10-03 06:40:55.431357 INFO - File uploaded: document.pdf
2025-10-03 06:41:09.831357 DEBUG - Request processed successfully
2025-10-03 06:41:24.231357 INFO - Cache hit on key: product_123
2025-10-03 06:41:38.631357 ERROR - Database connection established
2025-10-03 06:41:53.031357 WARN - Payment processed
2025-10-03 06:42:07.431357 DEBUG - Email sent to user
2025-10-03 06:42:21.831357 DEBUG - File uploaded: document.pdf
2025-10-03 06:42:36.231357 INFO - Request processed successfully
2025-10-03 06:42:50.631357 INFO - Database connection established
2025-10-03 06:43:05.031357 DEBUG - User authentication successful
2025-10-03 06:43:19.431357 WARN - API response time: 45ms
2025-10-03 06:43:33.831357 ERROR - Email sent to user
2025-10-03 06:43:48.231357 DEBUG - Payment processed
2025-10-03 06:44:02.631357 ERROR - API response time: 45ms
2025-10-03 06:44:17.031357 ERROR - Database connection established
2025-10-03 06:44:31.431357 ERROR - API response time: 45ms
2025-10-03 06:44:45.831357 INFO - Email sent to user
2025-10-03 06:45:00.231357 INFO - Background job completed
2025-10-03 06:45:14.631357 INFO - Background job completed
2025-10-03 06:45:29.031357 ERROR - Background job completed
2025-10-03 06:45:43.431357 WARN - Database connection established
2025-10-03 06:45:57.831357 DEBUG - User authentication successful
2025-10-03 06:46:12.231357 ERROR - Database connection established
2025-10-03 06:46:26.631357 DEBUG - Session created
2025-10-03 06:46:41.031357 WARN - Database connection established
2025-10-03 06:46:55.431357 ERROR - User authentication successful
2025-10-03 06:47:09.831357 DEBUG - File uploaded: document.pdf
2025-10-03 06:47:24.231357 INFO - Request processed successfully
2025-10-03 06:47:38.631357 ERROR - User authentication successful
2025-10-03 06:47:53.031357 WARN - API response time: 45ms
2025-10-03 06:48:07.431357 DEBUG - Request processed successfully
2025-10-03 06:48:21.831357 WARN - Session created
2025-10-03 06:48:36.231357 WARN - Cache hit on key: product_123
2025-10-03 06:48:50.631357 INFO - Payment processed
2025-10-03 06:49:05.031357 ERROR - User authentication successful
2025-10-03 06:49:19.431357 INFO - Database connection established
2025-10-03 06:49:33.831357 ERROR - Request processed successfully
2025-10-03 06:49:48.231357 INFO - Session created
2025-10-03 06:50:02.631357 ERROR - Session created
2025-10-03 06:50:17.031357 WARN - File uploaded: document.pdf
2025-10-03 06:50:31.431357 DEBUG - Cache hit on key: product_123
2025-10-03 06:50:45.831357 ERROR - Request processed successfully
2025-10-03 06:51:00.231357 INFO - Cache hit on key: product_123
2025-10-03 06:51:14.631357 DEBUG - Session created
2025-10-03 06:51:29.031357 INFO - Cache hit on key: product_123
2025-10-03 06:51:43.431357 INFO - Database connection established
2025-10-03 06:51:57.831357 WARN - File uploaded: document.pdf
2025-10-03 06:52:12.231357 INFO - File uploaded: document.pdf
2025-10-03 06:52:26.631357 DEBUG - Background job completed
2025-10-03 06:52:41.031357 INFO - Database connection established
2025-10-03 06:52:55.431357 ERROR - Payment processed
2025-10-03 06:53:09.831357 WARN - Session created
2025-10-03 06:53:24.231357 WARN - API response time: 45ms
2025-10-03 06:53:38.631357 DEBUG - API response time: 45ms
2025-10-03 06:53:53.031357 INFO - Cache hit on key: product_123
2025-10-03 06:54:07.431357 DEBUG - Request processed successfully
2025-10-03 06:54:21.831357 DEBUG - Payment processed
2025-10-03 06:54:36.231357 DEBUG - Request processed successfully
2025-10-03 06:54:50.631357 ERROR - Payment processed
2025-10-03 06:55:05.031357 INFO - Email sent to user
2025-10-03 06:55:19.431357 INFO - Request processed successfully
2025-10-03 06:55:33.831357 WARN - File uploaded: document.pdf
2025-10-03 06:55:48.231357 WARN - Payment processed
2025-10-03 06:56:02.631357 ERROR - Request processed successfully
2025-10-03 06:56:17.031357 DEBUG - File uploaded: document.pdf
2025-10-03 06:56:31.431357 DEBUG - Payment processed
2025-10-03 06:56:45.831357 WARN - Background job completed
2025-10-03 06:57:00.231357 ERROR - Cache hit on key: product_123
2025-10-03 06:57:14.631357 DEBUG - Database connection established
2025-10-03 06:57:29.031357 WARN - Cache hit on key: product_123
2025-10-03 06:57:43.431357 ERROR - Request processed successfully
2025-10-03 06:57:57.831357 DEBUG - File uploaded: document.pdf
2025-10-03 06:58:12.231357 INFO - User authentication successful
2025-10-03 06:58:26.631357 WARN - Background job completed
2025-10-03 06:58:41.031357 ERROR - Database connection established
2025-10-03 06:58:55.431357 DEBUG - File uploaded: document.pdf
2025-10-03 06:59:09.831357 INFO - Email sent to user
2025-10-03 06:59:24.231357 DEBUG - Email sent to user
2025-10-03 06:59:38.631357 ERROR - Email sent to user
2025-10-03 06:59:53.031357 INFO - File uploaded: document.pdf
2025-10-03 07:00:07.431357 INFO - Background job completed
2025-10-03 07:00:21.831357 INFO - API response time: 45ms
2025-10-03 07:00:36.231357 DEBUG - Database connection established
2025-10-03 07:00:50.631357 DEBUG - User authentication successful
2025-10-03 07:01:05.031357 ERROR - File uploaded: document.pdf
2025-10-03 07:01:19.431357 ERROR - Session created
2025-10-03 07:01:33.831357 INFO - Payment processed
2025-10-03 07:01:48.231357 WARN - File uploaded: document.pdf
2025-10-03 07:02:02.631357 ERROR - Session created
2025-10-03 07:02:17.031357 INFO - Payment processed
2025-10-03 07:02:31.431357 DEBUG - Database connection established
2025-10-03 07:02:45.831357 DEBUG - Session created
2025-10-03 07:03:00.231357 DEBUG - Session created
2025-10-03 07:03:14.631357 WARN - Database connection established
2025-10-03 07:03:29.031357 WARN - API response time: 45ms
2025-10-03 07:03:43.431357 DEBUG - User authentication successful
2025-10-03 07:03:57.831357 INFO - Session created
2025-10-03 07:04:12.231357 INFO - Cache hit on key: product_123
2025-10-03 07:04:26.631357 DEBUG - Payment processed
2025-10-03 07:04:41.031357 DEBUG - User authentication successful
2025-10-03 07:04:55.431357 DEBUG - Background job completed
2025-10-03 07:05:09.831357 WARN - Session created
2025-10-03 07:05:24.231357 ERROR - Payment processed
2025-10-03 07:05:38.631357 ERROR - Background job completed
2025-10-03 07:05:53.031357 DEBUG - Cache hit on key: product_123
2025-10-03 07:06:07.431357 ERROR - Session created
2025-10-03 07:06:21.831357 DEBUG - Email sent to user
2025-10-03 07:06:36.231357 WARN - Cache hit on key: product_123
2025-10-03 07:06:50.631357 WARN - Payment processed
2025-10-03 07:07:05.031357 ERROR - User authentication successful
2025-10-03 07:07:19.431357 ERROR - File uploaded: document.pdf
2025-10-03 07:07:33.831357 WARN - Request processed successfully
2025-10-03 07:07:48.231357 ERROR - Background job completed
2025-10-03 07:08:02.631357 DEBUG - Payment processed
2025-10-03 07:08:17.031357 WARN - Request processed successfully
2025-10-03 07:08:31.431357 ERROR - File uploaded: document.pdf
2025-10-03 07:08:45.831357 DEBUG - File uploaded: document.pdf
2025-10-03 07:09:00.231357 WARN - Request processed successfully
2025-10-03 07:09:14.631357 ERROR - Database connection established
2025-10-03 07:09:29.031357 WARN - API response time: 45ms
2025-10-03 07:09:43.431357 WARN - Database connection established
2025-10-03 07:09:57.831357 WARN - File uploaded: document.pdf
2025-10-03 07:10:12.231357 ERROR - Email sent to user
2025-10-03 07:10:26.631357 DEBUG - API response time: 45ms
2025-10-03 07:10:41.031357 WARN - Background job completed
2025-10-03 07:10:55.431357 ERROR - Email sent to user
2025-10-03 07:11:09.831357 INFO - Database connection established
2025-10-03 07:11:24.231357 WARN - Email sent to user
2025-10-03 07:11:38.631357 WARN - Session created
2025-10-03 07:11:53.031357 DEBUG - API response time: 45ms
2025-10-03 07:12:07.431357 INFO - Request processed successfully
2025-10-03 07:12:21.831357 WARN - API response time: 45ms
2025-10-03 07:12:36.231357 ERROR - Email sent to user
2025-10-03 07:12:50.631357 ERROR - Request processed successfully
2025-10-03 07:13:05.031357 WARN - Payment processed
2025-10-03 07:13:19.431357 DEBUG - Database connection established
2025-10-03 07:13:33.831357 DEBUG - Session created
2025-10-03 07:13:48.231357 INFO - Payment processed
2025-10-03 07:14:02.631357 INFO - Database connection established
2025-10-03 07:14:17.031357 INFO - File uploaded: document.pdf
2025-10-03 07:14:31.431357 WARN - Background job completed
2025-10-03 07:14:45.831357 DEBUG - Background job completed
2025-10-03 07:15:00.231357 ERROR - User authentication successful
2025-10-03 07:15:14.631357 DEBUG - Email sent to user
2025-10-03 07:15:29.031357 WARN - File uploaded: document.pdf
2025-10-03 07:15:43.431357 WARN - User authentication successful
2025-10-03 07:15:57.831357 INFO - Session created
2025-10-03 07:16:12.231357 INFO - File uploaded: document.pdf
2025-10-03 07:16:26.631357 ERROR - User authentication successful
2025-10-03 07:16:41.031357 DEBUG - Request processed successfully
2025-10-03 07:16:55.431357 WARN - Email sent to user
2025-10-03 07:17:09.831357 INFO - Background job completed
2025-10-03 07:17:24.231357 INFO - Session created
2025-10-03 07:17:38.631357 WARN - Session created
2025-10-03 07:17:53.031357 DEBUG - User authentication successful
2025-10-03 07:18:07.431357 DEBUG - Email sent to user
2025-10-03 07:18:21.831357 WARN - Background job completed
2025-10-03 07:18:36.231357 WARN - Session created
2025-10-03 07:18:50.631357 ERROR - Database connection established
2025-10-03 07:19:05.031357 INFO - Request processed successfully
2025-10-03 07:19:19.431357 DEBUG - Background job completed
2025-10-03 07:19:33.831357 DEBUG - Database connection established
2025-10-03 07:19:48.231357 INFO - Background job completed
2025-10-03 07:20:02.631357 DEBUG - User authentication successful
2025-10-03 07:20:17.031357 WARN - File uploaded: document.pdf
2025-10-03 07:20:31.431357 DEBUG - User authentication successful
2025-10-03 07:20:45.831357 DEBUG - Email sent to user
2025-10-03 07:21:00.231357 DEBUG - Request processed successfully
2025-10-03 07:21:14.631357 DEBUG - Email sent to user
2025-10-03 07:21:29.031357 DEBUG - Payment processed
2025-10-03 07:21:43.431357 INFO - Email sent to user
2025-10-03 07:21:57.831357 WARN - User authentication successful
2025-10-03 07:22:12.231357 ERROR - Request processed successfully
2025-10-03 07:22:26.631357 INFO - API response time: 45ms
2025-10-03 07:22:41.031357 WARN - Database connection established
2025-10-03 07:22:55.431357 DEBUG - User authentication successful
2025-10-03 07:23:09.831357 ERROR - Cache hit on key: product_123
2025-10-03 07:23:24.231357 DEBUG - Request processed successfully
2025-10-03 07:23:38.631357 WARN - User authentication successful
2025-10-03 07:23:53.031357 INFO - Cache hit on key: product_123
2025-10-03 07:24:07.431357 WARN - API response time: 45ms
2025-10-03 07:24:21.831357 INFO - Payment processed
2025-10-03 07:24:36.231357 DEBUG - Email sent to user
2025-10-03 07:24:50.631357 DEBUG - File uploaded: document.pdf
2025-10-03 07:25:05.031357 INFO - Request processed successfully
2025-10-03 07:25:19.431357 ERROR - API response time: 45ms
2025-10-03 07:25:33.831357 WARN - Request processed successfully
2025-10-03 07:25:48.231357 INFO - File uploaded: document.pdf
2025-10-03 07:26:02.631357 INFO - Database connection established
2025-10-03 07:26:17.031357 INFO - Cache hit on key: product_123
2025-10-03 07:26:31.431357 ERROR - Background job completed
2025-10-03 07:26:45.831357 ERROR - API response time: 45ms
2025-10-03 07:27:00.231357 INFO - User authentication successful
2025-10-03 07:27:14.631357 INFO - API response time: 45ms
2025-10-03 07:27:29.031357 INFO - Database connection established
2025-10-03 07:27:43.431357 INFO - Request processed successfully
2025-10-03 07:27:57.831357 DEBUG - Email sent to user
2025-10-03 07:28:12.231357 ERROR - Database connection established
2025-10-03 07:28:26.631357 WARN - API response time: 45ms
2025-10-03 07:28:41.031357 INFO - File uploaded: document.pdf
2025-10-03 07:28:55.431357 INFO - Email sent to user
2025-10-03 07:29:09.831357 WARN - Database connection established
2025-10-03 07:29:24.231357 INFO - Background job completed
2025-10-03 07:29:38.631357 DEBUG - Payment processed
2025-10-03 07:29:53.031357 ERROR - Request processed successfully
2025-10-03 07:30:07.431357 DEBUG - User authentication successful
2025-10-03 07:30:21.831357 INFO - Payment processed
2025-10-03 07:30:36.231357 DEBUG - Database connection established
2025-10-03 07:30:50.631357 DEBUG - Session created
2025-10-03 07:31:05.031357 WARN - Background job completed
2025-10-03 07:31:19.431357 INFO - Session created
2025-10-03 07:31:33.831357 DEBUG - Cache hit on key: product_123
2025-10-03 07:31:48.231357 WARN - User authentication successful
2025-10-03 07:32:02.631357 DEBUG - Request processed successfully
2025-10-03 07:32:17.031357 INFO - Background job completed
2025-10-03 07:32:31.431357 WARN - Request processed successfully
2025-10-03 07:32:45.831357 ERROR - Database connection established
2025-10-03 07:33:00.231357 ERROR - Payment processed
2025-10-03 07:33:14.631357 DEBUG - User authentication successful
2025-10-03 07:33:29.031357 WARN - Email sent to user
2025-10-03 07:33:43.431357 INFO - Request processed successfully
2025-10-03 07:33:57.831357 WARN - File uploaded: document.pdf
2025-10-03 07:34:12.231357 DEBUG - Session created
2025-10-03 07:34:26.631357 DEBUG - Database connection established
2025-10-03 07:34:41.031357 ERROR - Background job completed
2025-10-03 07:34:55.431357 ERROR - User authentication successful
2025-10-03 07:35:09.831357 DEBUG - Payment processed
2025-10-03 07:35:24.231357 WARN - Cache hit on key: product_123
2025-10-03 07:35:38.631357 WARN - Background job completed
2025-10-03 07:35:53.031357 INFO - User authentication successful
2025-10-03 07:36:07.431357 INFO - Background job completed
2025-10-03 07:36:21.831357 INFO - API response time: 45ms
2025-10-03 07:36:36.231357 WARN - Cache hit on key: product_123
2025-10-03 07:36:50.631357 ERROR - Request processed successfully
2025-10-03 07:37:05.031357 DEBUG - User authentication successful
2025-10-03 07:37:19.431357 DEBUG - Payment processed
2025-10-03 07:37:33.831357 ERROR - Payment processed
2025-10-03 07:37:48.231357 INFO - API response time: 45ms
2025-10-03 07:38:02.631357 DEBUG - User authentication successful
2025-10-03 07:38:17.031357 DEBUG - Payment processed
2025-10-03 07:38:31.431357 INFO - Session created
