Fri, 03 Oct 2025 05:38:45 GMT WARN - Request processed successfully
Fri, 03 Oct 2025 05:39:00 GMT ERROR - Request processed successfully
Fri, 03 Oct 2025 05:39:14 GMT DEBUG - Database connection established
Fri, 03 Oct 2025 05:39:29 GMT WARN - Payment processed
Fri, 03 Oct 2025 05:39:43 GMT WARN - Cache hit on key: product_123
Fri, 03 Oct 2025 05:39:57 GMT DEBUG - API response time: 45ms
Fri, 03 Oct 2025 05:40:12 GMT INFO - API response time: 45ms
Fri, 03 Oct 2025 05:40:26 GMT WARN - Session created
Fri, 03 Oct 2025 05:40:41 GMT ERROR - File uploaded: document.pdf
Fri, 03 Oct 2025 05:40:55 GMT INFO - Email sent to user
Fri, 03 Oct 2025 05:41:09 GMT DEBUG - Database connection established
Fri, 03 Oct 2025 05:41:24 GMT DEBUG - Background job completed
Fri, 03 Oct 2025 05:41:38 GMT INFO - Background job completed
Fri, 03 Oct 2025 05:41:53 GMT WARN - Cache hit on key: product_123
Fri, 03 Oct 2025 05:42:07 GMT WARN - Background job completed
Fri, 03 Oct 2025 05:42:21 GMT ERROR - Request processed successfully
Fri, 03 Oct 2025 05:42:36 GMT INFO - Email sent to user
Fri, 03 Oct 2025 05:42:50 GMT INFO - File uploaded: document.pdf
Fri, 03 Oct 2025 05:43:05 GMT WARN - Payment processed
Fri, 03 Oct 2025 05:43:19 GMT DEBUG - Email sent to user
Fri, 03 Oct 2025 05:43:33 GMT ERROR - Background job completed
Fri, 03 Oct 2025 05:43:48 GMT WARN - Session created
Fri, 03 Oct 2025 05:44:02 GMT WARN - API response time: 45ms
Fri, 03 Oct 2025 05:44:17 GMT WARN - Email sent to user
Fri, 03 Oct 2025 05:44:31 GMT WARN - Database connection established
Fri, 03 Oct 2025 05:44:45 GMT DEBUG - Cache hit on key: product_123
Fri, 03 Oct 2025 05:45:00 GMT INFO - File uploaded: document.pdf
Fri, 03 Oct 2025 05:45:14 GMT ERROR - Session created
Fri, 03 Oct 2025 05:45:29 GMT ERROR - Background job completed
Fri, 03 Oct 2025 05:45:43 GMT WARN - Cache hit on key: product_123
Fri, 03 Oct 2025 05:45:57 GMT DEBUG - Request processed successfully
Fri, 03 Oct 2025 05:46:12 GMT DEBUG - API response time: 45ms
Fri, 03 Oct 2025 05:46:26 GMT DEBUG - Request processed successfully
Fri, 03 Oct 2025 05:46:41 GMT WARN - Background job completed
Fri, 03 Oct 2025 05:46:55 GMT INFO - Payment processed
Fri, 03 Oct 2025 05:47:09 GMT DEBUG - Background job completed
Fri, 03 Oct 2025 05:47:24 GMT WARN - Cache hit on key: product_123
Fri, 03 Oct 2025 05:47:38 GMT DEBUG - Request processed successfully
Fri, 03 Oct 2025 05:47:53 GMT INFO - Email sent to user
Fri, 03 Oct 2025 05:48:07 GMT WARN - API response time: 45ms
Fri, 03 Oct 2025 05:48:21 GMT WARN - Background job completed
Fri, 03 Oct 2025 05:48:36 GMT DEBUG - Payment processed
Fri, 03 Oct 2025 05:48:50 GMT WARN - API response time: 45ms
Fri, 03 Oct 2025 05:49:05 GMT ERROR - Database connection established
Fri, 03 Oct 2025 05:49:19 GMT ERROR - Request processed successfully
Fri, 03 Oct 2025 05:49:33 GMT WARN - Cache hit on key: product_123
Fri, 03 Oct 2025 05:49:48 GMT INFO - User authentication successful
Fri, 03 Oct 2025 05:50:02 GMT DEBUG - Session created
Fri, 03 Oct 2025 05:50:17 GMT DEBUG - Database connection established
Fri, 03 Oct 2025 05:50:31 GMT WARN - Cache hit on key: product_123
Fri, 03 Oct 2025 05:50:45 GMT ERROR - Payment processed
Fri, 03 Oct 2025 05:51:00 GMT DEBUG - Payment processed
Fri, 03 Oct 2025 05:51:14 GMT ERROR - Background job completed
Fri, 03 Oct 2025 05:51:29 GMT WARN - Request processed successfully
Fri, 03 Oct 2025 05:51:43 GMT WARN - Database connection established
Fri, 03 Oct 2025 05:51:57 GMT WARN - Background job completed
Fri, 03 Oct 2025 05:52:12 GMT ERROR - Payment processed
Fri, 03 Oct 2025 05:52:26 GMT WARN - File uploaded: document.pdf
Fri, 03 Oct 2025 05:52:41 GMT DEBUG - File uploaded: document.pdf
Fri, 03 Oct 2025 05:52:55 GMT DEBUG - API response time: 45ms
Fri, 03 Oct 2025 05:53:09 GMT WARN - Payment processed
Fri, 03 Oct 2025 05:53:24 GMT DEBUG - Request processed successfully
Fri, 03 Oct 2025 05:53:38 GMT WARN - Request processed successfully
Fri, 03 Oct 2025 05:53:53 GMT ERROR - Database connection established
Fri, 03 Oct 2025 05:54:07 GMT DEBUG - Payment processed
Fri, 03 Oct 2025 05:54:21 GMT WARN - Payment processed
Fri, 03 Oct 2025 05:54:36 GMT WARN - File uploaded: document.pdf
Fri, 03 Oct 2025 05:54:50 GMT WARN - API response time: 45ms
Fri, 03 Oct 2025 05:55:05 GMT INFO - Background job completed
Fri, 03 Oct 2025 05:55:19 GMT ERROR - Background job completed
Fri, 03 Oct 2025 05:55:33 GMT DEBUG - Email sent to user
Fri, 03 Oct 2025 05:55:48 GMT DEBUG - Payment processed
Fri, 03 Oct 2025 05:56:02 GMT DEBUG - Background job completed
Fri, 03 Oct 2025 05:56:17 GMT INFO - Session created
Fri, 03 Oct 2025 05:56:31 GMT WARN - Background job completed
Fri, 03 Oct 2025 05:56:45 GMT ERROR - Cache hit on key: product_123
Fri, 03 Oct 2025 05:57:00 GMT INFO - API response time: 45ms
Fri, 03 Oct 2025 05:57:14 GMT DEBUG - Request processed successfully
Fri, 03 Oct 2025 05:57:29 GMT INFO - File uploaded: document.pdf
Fri, 03 Oct 2025 05:57:43 GMT ERROR - Session created
Fri, 03 Oct 2025 05:57:57 GMT DEBUG - Email sent to user
Fri, 03 Oct 2025 05:58:12 GMT ERROR - Session created
Fri, 03 Oct 2025 05:58:26 GMT ERROR - API response time: 45ms
Fri, 03 Oct 2025 05:58:41 GMT WARN - Background job completed
Fri, 03 Oct 2025 05:58:55 GMT ERROR - Database connection established
Fri, 03 Oct 2025 05:59:09 GMT INFO - File uploaded: document.pdf
Fri, 03 Oct 2025 05:59:24 GMT WARN - Cache hit on key: product_123
Fri, 03 Oct 2025 05:59:38 GMT DEBUG - Cache hit on key: product_123
Fri, 03 Oct 2025 05:59:53 GMT INFO - Session created
Fri, 03 Oct 2025 06:00:07 GMT WARN - Cache hit on key: product_123
Fri, 03 Oct 2025 06:00:21 GMT DEBUG - API response time: 45ms
Fri, 03 Oct 2025 06:00:36 GMT WARN - Payment processed
Fri, 03 Oct 2025 06:00:50 GMT ERROR - Cache hit on key: product_123
Fri, 03 Oct 2025 06:01:05 GMT DEBUG - Request processed successfully
Fri, 03 Oct 2025 06:01:19 GMT WARN - Background job completed
Fri, 03 Oct 2025 06:01:33 GMT ERROR - Background job completed
Fri, 03 Oct 2025 06:01:48 GMT ERROR - Background job completed
Fri, 03 Oct 2025 06:02:02 GMT DEBUG - Email sent to user
Fri, 03 Oct 2025 06:02:17 GMT ERROR - User authentication successful
Fri, 03 Oct 2025 06:02:31 GMT ERROR - Payment processed
Fri, 03 Oct 2025 06:02:45 GMT DEBUG - Email sent to user
Fri, 03 Oct 2025 06:03:00 GMT ERROR - Background job completed
Fri, 03 Oct 2025 06:03:14 GMT DEBUG - Request processed successfully
Fri, 03 Oct 2025 06:03:29 GMT WARN - Background job completed
Fri, 03 Oct 2025 06:03:43 GMT INFO - Session created
Fri, 03 Oct 2025 06:03:57 GMT WARN - Payment processed
Fri, 03 Oct 2025 06:04:12 GMT INFO - Email sent to user
Fri, 03 Oct 2025 06:04:26 GMT ERROR - Request processed successfully
Fri, 03 Oct 2025 06:04:41 GMT INFO - Background job completed
Fri, 03 Oct 2025 06:04:55 GMT WARN - Payment processed
Fri, 03 Oct 2025 06:05:09 GMT INFO - API response time: 45ms
Fri, 03 Oct 2025 06:05:24 GMT WARN - User authentication successful
Fri, 03 Oct 2025 06:05:38 GMT DEBUG - Cache hit on key: product_123
Fri, 03 Oct 2025 06:05:53 GMT DEBUG - Session created
Fri, 03 Oct 2025 06:06:07 GMT DEBUG - Email sent to user
Fri, 03 Oct 2025 06:06:21 GMT WARN - File uploaded: document.pdf
Fri, 03 Oct 2025 06:06:36 GMT DEBUG - Cache hit on key: product_123
Fri, 03 Oct 2025 06:06:50 GMT ERROR - Background job completed
Fri, 03 Oct 2025 06:07:05 GMT INFO - Background job completed
Fri, 03 Oct 2025 06:07:19 GMT ERROR - Payment processed
Fri, 03 Oct 2025 06:07:33 GMT ERROR - Cache hit on key: product_123
Fri, 03 Oct 2025 06:07:48 GMT ERROR - Session created
Fri, 03 Oct 2025 06:08:02 GMT ERROR - User authentication successful
Fri, 03 Oct 2025 06:08:17 GMT WARN - User authentication successful
Fri, 03 Oct 2025 06:08:31 GMT ERROR - Cache hit on key: product_123
Fri, 03 Oct 2025 06:08:45 GMT DEBUG - Request processed successfully
Fri, 03 Oct 2025 06:09:00 GMT WARN - Session created
Fri, 03 Oct 2025 06:09:14 GMT INFO - Request processed successfully
Fri, 03 Oct 2025 06:09:29 GMT INFO - User authentication successful
Fri, 03 Oct 2025 06:09:43 GMT WARN - Background job completed
Fri, 03 Oct 2025 06:09:57 GMT WARN - Request processed successfully
Fri, 03 Oct 2025 06:10:12 GMT DEBUG - Email sent to user
Fri, 03 Oct 2025 06:10:26 GMT WARN - Session created
Fri, 03 Oct 2025 06:10:41 GMT INFO - Session created
Fri, 03 Oct 2025 06:10:55 GMT WARN - Session created
Fri, 03 Oct 2025 06:11:09 GMT INFO - Background job completed
Fri, 03 Oct 2025 06:11:24 GMT INFO - Background job completed
Fri, 03 Oct 2025 06:11:38 GMT ERROR - Cache hit on key: product_123
Fri, 03 Oct 2025 06:11:53 GMT ERROR - Database connection established
Fri, 03 Oct 2025 06:12:07 GMT WARN - Request processed successfully
Fri, 03 Oct 2025 06:12:21 GMT DEBUG - User authentication successful
Fri, 03 Oct 2025 06:12:36 GMT DEBUG - Background job completed
Fri, 03 Oct 2025 06:12:50 GMT WARN - Payment processed
Fri, 03 Oct 2025 06:13:05 GMT DEBUG - Request processed successfully
Fri, 03 Oct 2025 06:13:19 GMT WARN - File uploaded: document.pdf
Fri, 03 Oct 2025 06:13:33 GMT WARN - User authentication successful
Fri, 03 Oct 2025 06:13:48 GMT INFO - Background job completed
Fri, 03 Oct 2025 06:14:02 GMT WARN - Email sent to user
Fri, 03 Oct 2025 06:14:17 GMT INFO - Payment processed
Fri, 03 Oct 2025 06:14:31 GMT ERROR - File uploaded: document.pdf
Fri, 03 Oct 2025 06:14:45 GMT WARN - Request processed successfully
Fri, 03 Oct 2025 06:15:00 GMT INFO - Background job completed
Fri, 03 Oct 2025 06:15:14 GMT INFO - Database connection established
Fri, 03 Oct 2025 06:15:29 GMT INFO - Session created
Fri, 03 Oct 2025 06:15:43 GMT INFO - Database connection established
Fri, 03 Oct 2025 06:15:57 GMT WARN - Database connection established
Fri, 03 Oct 2025 06:16:12 GMT INFO - Background job completed
Fri, 03 Oct 2025 06:16:26 GMT ERROR - Request processed successfully
Fri, 03 Oct 2025 06:16:41 GMT WARN - Database connection established
Fri, 03 Oct 2025 06:16:55 GMT DEBUG - User authentication successful
Fri, 03 Oct 2025 06:17:09 GMT INFO - File uploaded: document.pdf
Fri, 03 Oct 2025 06:17:24 GMT INFO - File uploaded: document.pdf
Fri, 03 Oct 2025 06:17:38 GMT WARN - Email sent to user
Fri, 03 Oct 2025 06:17:53 GMT ERROR - Email sent to user
Fri, 03 Oct 2025 06:18:07 GMT ERROR - API response time: 45ms
Fri, 03 Oct 2025 06:18:21 GMT INFO - Email sent to user
Fri, 03 Oct 2025 06:18:36 GMT DEBUG - File uploaded: document.pdf
Fri, 03 Oct 2025 06:18:50 GMT DEBUG - Session created
Fri, 03 Oct 2025 06:19:05 GMT WARN - Background job completed
Fri, 03 Oct 2025 06:19:19 GMT ERROR - Payment processed
Fri, 03 Oct 2025 06:19:33 GMT WARN - Request processed successfully
Fri, 03 Oct 2025 06:19:48 GMT DEBUG - Background job completed
Fri, 03 Oct 2025 06:20:02 GMT ERROR - Email sent to user
Fri, 03 Oct 2025 06:20:17 GMT WARN - API response time: 45ms
Fri, 03 Oct 2025 06:20:31 GMT WARN - API response time: 45ms
Fri, 03 Oct 2025 06:20:45 GMT DEBUG - File uploaded: document.pdf
Fri, 03 Oct 2025 06:21:00 GMT DEBUG - File uploaded: document.pdf
Fri, 03 Oct 2025 06:21:14 GMT INFO - Payment processed
Fri, 03 Oct 2025 06:21:29 GMT INFO - Database connection established
Fri, 03 Oct 2025 06:21:43 GMT INFO - Email sent to user
Fri, 03 Oct 2025 06:21:57 GMT DEBUG - Request processed successfully
Fri, 03 Oct 2025 06:22:12 GMT WARN - Session created
Fri, 03 Oct 2025 06:22:26 GMT WARN - Email sent to user
Fri, 03 Oct 2025 06:22:41 GMT WARN - Payment processed
Fri, 03 Oct 2025 06:22:55 GMT ERROR - Payment processed
Fri, 03 Oct 2025 06:23:09 GMT INFO - Request processed successfully
Fri, 03 Oct 2025 06:23:24 GMT DEBUG - Cache hit on key: product_123
Fri, 03 Oct 2025 06:23:38 GMT DEBUG - Email sent to user
Fri, 03 Oct 2025 06:23:53 GMT ERROR - Database connection established
Fri, 03 Oct 2025 06:24:07 GMT INFO - Cache hit on key: product_123
Fri, 03 Oct 2025 06:24:21 GMT INFO - Session created
Fri, 03 Oct 2025 06:24:36 GMT WARN - Background job completed
Fri, 03 Oct 2025 06:24:50 GMT DEBUG - Database connection established
Fri, 03 Oct 2025 06:25:05 GMT ERROR - Background job completed
Fri, 03 Oct 2025 06:25:19 GMT WARN - User authentication successful
Fri, 03 Oct 2025 06:25:33 GMT ERROR - Payment processed
Fri, 03 Oct 2025 06:25:48 GMT DEBUG - User authentication successful
Fri, 03 Oct 2025 06:26:02 GMT WARN - Cache hit on key: product_123
Fri, 03 Oct 2025 06:26:17 GMT WARN - API response time: 45ms
Fri, 03 Oct 2025 06:26:31 GMT ERROR - Email sent to user
Fri, 03 Oct 2025 06:26:45 GMT DEBUG - Background job completed
Fri, 03 Oct 2025 06:27:00 GMT WARN - API response time: 45ms
Fri, 03 Oct 2025 06:27:14 GMT ERROR - Database connection established
Fri, 03 Oct 2025 06:27:29 GMT DEBUG - Payment processed
Fri, 03 Oct 2025 06:27:43 GMT DEBUG - Database connection established
Fri, 03 Oct 2025 06:27:57 GMT WARN - Background job completed
Fri, 03 Oct 2025 06:28:12 GMT WARN - File uploaded: document.pdf
Fri, 03 Oct 2025 06:28:26 GMT INFO - Session created
Fri, 03 Oct 2025 06:28:41 GMT DEBUG - Session created
Fri, 03 Oct 2025 06:28:55 GMT INFO - Payment processed
Fri, 03 Oct 2025 06:29:09 GMT INFO - Payment processed
Fri, 03 Oct 2025 06:29:24 GMT WARN - Session created
Fri, 03 Oct 2025 06:29:38 GMT ERROR - Email sent to user
Fri, 03 Oct 2025 06:29:53 GMT ERROR - Database connection established
Fri, 03 Oct 2025 06:30:07 GMT INFO - Email sent to user
Fri, 03 Oct 2025 06:30:21 GMT INFO - Background job completed
Fri, 03 Oct 2025 06:30:36 GMT ERROR - Background job completed
Fri, 03 Oct 2025 06:30:50 GMT DEBUG - Cache hit on key: product_123
Fri, 03 Oct 2025 06:31:05 GMT DEBUG - Email sent to user
Fri, 03 Oct 2025 06:31:19 GMT ERROR - Request processed successfully
Fri, 03 Oct 2025 06:31:33 GMT DEBUG - Session created
Fri, 03 Oct 2025 06:31:48 GMT ERROR - Payment processed
Fri, 03 Oct 2025 06:32:02 GMT DEBUG - API response time: 45ms
Fri, 03 Oct 2025 06:32:17 GMT DEBUG - API response time: 45ms
Fri, 03 Oct 2025 06:32:31 GMT ERROR - Database connection established
Fri, 03 Oct 2025 06:32:45 GMT INFO - Session created
Fri, 03 Oct 2025 06:33:00 GMT INFO - Session created
Fri, 03 Oct 2025 06:33:14 GMT ERROR - Session created
Fri, 03 Oct 2025 06:33:29 GMT INFO - Session created
Fri, 03 Oct 2025 06:33:43 GMT WARN - File uploaded: document.pdf
Fri, 03 Oct 2025 06:33:57 GMT WARN - API response time: 45ms
Fri, 03 Oct 2025 06:34:12 GMT INFO - Database connection established
Fri, 03 Oct 2025 06:34:26 GMT ERROR - User authentication successful
Fri, 03 Oct 2025 06:34:41 GMT ERROR - Database connection established
Fri, 03 Oct 2025 06:34:55 GMT INFO - API response time: 45ms
Fri, 03 Oct 2025 06:35:09 GMT DEBUG - Request processed successfully
Fri, 03 Oct 2025 06:35:24 GMT WARN - Session created
Fri, 03 Oct 2025 06:35:38 GMT DEBUG - User authentication successful
Fri, 03 Oct 2025 06:35:53 GMT DEBUG - Email sent to user
Fri, 03 Oct 2025 06:36:07 GMT INFO - User authentication successful
Fri, 03 Oct 2025 06:36:21 GMT DEBUG - Database connection established
Fri, 03 Oct 2025 06:36:36 GMT WARN - User authentication successful
Fri, 03 Oct 2025 06:36:50 GMT WARN - Session created
Fri, 03 Oct 2025 06:37:05 GMT WARN - Background job completed
Fri, 03 Oct 2025 06:37:19 GMT WARN - API response time: 45ms
Fri, 03 Oct 2025 06:37:33 GMT INFO - Request processed successfully
Fri, 03 Oct 2025 06:37:48 GMT ERROR - Background job completed
Fri, 03 Oct 2025 06:38:02 GMT DEBUG - User authentication successful
Fri, 03 Oct 2025 06:38:17 GMT WARN - Cache hit on key: product_123
Fri, 03 Oct 2025 06:38:31 GMT DEBUG - File uploaded: document.pdf
Fri, 03 Oct 2025 06:38:45 GMT INFO - Payment processed
Fri, 03 Oct 2025 06:39:00 GMT ERROR - Background job completed
Fri, 03 Oct 2025 06:39:14 GMT WARN - Request processed successfully
Fri, 03 Oct 2025 06:39:29 GMT WARN - Database connection established
Fri, 03 Oct 2025 06:39:43 GMT ERROR - User authentication successful
Fri, 03 Oct 2025 06:39:57 GMT DEBUG - File uploaded: document.pdf
Fri, 03 Oct 2025 06:40:12 GMT INFO - Request processed successfully
Fri, 03 Oct 2025 06:40:26 GMT DEBUG - File uploaded: document.pdf
Fri, 03 Oct 2025 06:40:41 GMT WARN - API response time: 45ms
Fri, 03 Oct 2025 06:40:55 GMT INFO - Background job completed
Fri, 03 Oct 2025 06:41:09 GMT DEBUG - API response time: 45ms
Fri, 03 Oct 2025 06:41:24 GMT DEBUG - User authentication successful
Fri, 03 Oct 2025 06:41:38 GMT ERROR - Background job completed
Fri, 03 Oct 2025 06:41:53 GMT ERROR - User authentication successful
Fri, 03 Oct 2025 06:42:07 GMT WARN - Cache hit on key: product_123
Fri, 03 Oct 2025 06:42:21 GMT DEBUG - Database connection established
Fri, 03 Oct 2025 06:42:36 GMT WARN - Cache hit on key: product_123
Fri, 03 Oct 2025 06:42:50 GMT INFO - Request processed successfully
Fri, 03 Oct 2025 06:43:05 GMT DEBUG - API response time: 45ms
Fri, 03 Oct 2025 06:43:19 GMT DEBUG - Background job completed
Fri, 03 Oct 2025 06:43:33 GMT WARN - User authentication successful
Fri, 03 Oct 2025 06:43:48 GMT DEBUG - User authentication successful
Fri, 03 Oct 2025 06:44:02 GMT INFO - Email sent to user
Fri, 03 Oct 2025 06:44:17 GMT INFO - Session created
Fri, 03 Oct 2025 06:44:31 GMT ERROR - Session created
Fri, 03 Oct 2025 06:44:45 GMT WARN - File uploaded: document.pdf
Fri, 03 Oct 2025 06:45:00 GMT DEBUG - User authentication successful
Fri, 03 Oct 2025 06:45:14 GMT WARN - User authentication successful
Fri, 03 Oct 2025 06:45:29 GMT DEBUG - Payment processed
Fri, 03 Oct 2025 06:45:43 GMT WARN - API response time: 45ms
Fri, 03 Oct 2025 06:45:57 GMT DEBUG - Background job completed
Fri, 03 Oct 2025 06:46:12 GMT ERROR - Email sent to user
Fri, 03 Oct 2025 06:46:26 GMT WARN - Payment processed
Fri, 03 Oct 2025 06:46:41 GMT INFO - Request processed successfully
Fri, 03 Oct 2025 06:46:55 GMT DEBUG - Session created
Fri, 03 Oct 2025 06:47:09 GMT WARN - Request processed successfully
Fri, 03 Oct 2025 06:47:24 GMT WARN - Request processed successfully
Fri, 03 Oct 2025 06:47:38 GMT INFO - Payment processed
Fri, 03 Oct 2025 06:47:53 GMT ERROR - Session created
Fri, 03 Oct 2025 06:48:07 GMT WARN - User authentication successful
Fri, 03 Oct 2025 06:48:21 GMT ERROR - Background job completed
Fri, 03 Oct 2025 06:48:36 GMT DEBUG - User authentication successful
Fri, 03 Oct 2025 06:48:50 GMT WARN - Payment processed
Fri, 03 Oct 2025 06:49:05 GMT DEBUG - Payment processed
Fri, 03 Oct 2025 06:49:19 GMT DEBUG - Background job completed
Fri, 03 Oct 2025 06:49:33 GMT INFO - Payment processed
Fri, 03 Oct 2025 06:49:48 GMT DEBUG - User authentication successful
Fri, 03 Oct 2025 06:50:02 GMT ERROR - User authentication successful
Fri, 03 Oct 2025 06:50:17 GMT INFO - Email sent to user
Fri, 03 Oct 2025 06:50:31 GMT WARN - Email sent to user
Fri, 03 Oct 2025 06:50:45 GMT DEBUG - Email sent to user
Fri, 03 Oct 2025 06:51:00 GMT INFO - File uploaded: document.pdf
Fri, 03 Oct 2025 06:51:14 GMT ERROR - API response time: 45ms
Fri, 03 Oct 2025 06:51:29 GMT ERROR - Session created
Fri, 03 Oct 2025 06:51:43 GMT INFO - Payment processed
Fri, 03 Oct 2025 06:51:57 GMT WARN - Database connection established
Fri, 03 Oct 2025 06:52:12 GMT WARN - Cache hit on key: product_123
Fri, 03 Oct 2025 06:52:26 GMT ERROR - User authentication successful
Fri, 03 Oct 2025 06:52:41 GMT INFO - Session created
Fri, 03 Oct 2025 06:52:55 GMT WARN - Cache hit on key: product_123
Fri, 03 Oct 2025 06:53:09 GMT DEBUG - Request processed successfully
Fri, 03 Oct 2025 06:53:24 GMT INFO - API response time: 45ms
Fri, 03 Oct 2025 06:53:38 GMT WARN - Email sent to user
Fri, 03 Oct 2025 06:53:53 GMT DEBUG - API response time: 45ms
Fri, 03 Oct 2025 06:54:07 GMT INFO - File uploaded: document.pdf
Fri, 03 Oct 2025 06:54:21 GMT INFO - Session created
Fri, 03 Oct 2025 06:54:36 GMT DEBUG - Cache hit on key: product_123
Fri, 03 Oct 2025 06:54:50 GMT WARN - User authentication successful
Fri, 03 Oct 2025 06:55:05 GMT INFO - User authentication successful
Fri, 03 Oct 2025 06:55:19 GMT INFO - API response time: 45ms
Fri, 03 Oct 2025 06:55:33 GMT DEBUG - Background job completed
Fri, 03 Oct 2025 06:55:48 GMT INFO - User authentication successful
Fri, 03 Oct 2025 06:56:02 GMT ERROR - API response time: 45ms
Fri, 03 Oct 2025 06:56:17 GMT DEBUG - Email sent to user
Fri, 03 Oct 2025 06:56:31 GMT INFO - Request processed successfully
Fri, 03 Oct 2025 06:56:45 GMT ERROR - Session created
Fri, 03 Oct 2025 06:57:00 GMT ERROR - API response time: 45ms
Fri, 03 Oct 2025 06:57:14 GMT ERROR - File uploaded: document.pdf
Fri, 03 Oct 2025 06:57:29 GMT INFO - Database connection established
Fri, 03 Oct 2025 06:57:43 GMT WARN - Request processed successfully
Fri, 03 Oct 2025 06:57:57 GMT WARN - Payment processed
Fri, 03 Oct 2025 06:58:12 GMT WARN - Request processed successfully
Fri, 03 Oct 2025 06:58:26 GMT INFO - Email sent to user
Fri, 03 Oct 2025 06:58:41 GMT INFO - Cache hit on key: product_123
Fri, 03 Oct 2025 06:58:55 GMT ERROR - Payment processed
Fri, 03 Oct 2025 06:59:09 GMT DEBUG - API response time: 45ms
Fri, 03 Oct 2025 06:59:24 GMT WARN - Database connection established
Fri, 03 Oct 2025 06:59:38 GMT DEBUG - Database connection established
Fri, 03 Oct 2025 06:59:53 GMT ERROR - Email sent to user
Fri, 03 Oct 2025 07:00:07 GMT ERROR - Request processed successfully
Fri, 03 Oct 2025 07:00:21 GMT DEBUG - Payment processed
Fri, 03 Oct 2025 07:00:36 GMT DEBUG - Database connection established
Fri, 03 Oct 2025 07:00:50 GMT ERROR - Email sent to user
Fri, 03 Oct 2025 07:01:05 GMT DEBUG - Email sent to user
Fri, 03 Oct 2025 07:01:19 GMT ERROR - Email sent to user
Fri, 03 Oct 2025 07:01:33 GMT INFO - Payment processed
Fri, 03 Oct 2025 07:01:48 GMT INFO - Background job completed
Fri, 03 Oct 2025 07:02:02 GMT WARN - File uploaded: document.pdf
Fri, 03 Oct 2025 07:02:17 GMT DEBUG - Email sent to user
Fri, 03 Oct 2025 07:02:31 GMT WARN - Payment processed
Fri, 03 Oct 2025 07:02:45 GMT WARN - File uploaded: document.pdf
Fri, 03 Oct 2025 07:03:00 GMT INFO - User authentication successful
Fri, 03 Oct 2025 07:03:14 GMT ERROR - Email sent to user
Fri, 03 Oct 2025 07:03:29 GMT DEBUG - Payment processed
Fri, 03 Oct 2025 07:03:43 GMT ERROR - Session created
Fri, 03 Oct 2025 07:03:57 GMT DEBUG - Session created
Fri, 03 Oct 2025 07:04:12 GMT DEBUG - Background job completed
Fri, 03 Oct 2025 07:04:26 GMT WARN - User authentication successful
Fri, 03 Oct 2025 07:04:41 GMT INFO - Cache hit on key: product_123
Fri, 03 Oct 2025 07:04:55 GMT DEBUG - Request processed successfully
Fri, 03 Oct 2025 07:05:09 GMT DEBUG - Session created
Fri, 03 Oct 2025 07:05:24 GMT INFO - Email sent to user
Fri, 03 Oct 2025 07:05:38 GMT INFO - Cache hit on key: product_123
Fri, 03 Oct 2025 07:05:53 GMT WARN - Payment processed
Fri, 03 Oct 2025 07:06:07 GMT ERROR - Payment processed
Fri, 03 Oct 2025 07:06:21 GMT WARN - Database connection established
Fri, 03 Oct 2025 07:06:36 GMT DEBUG - User authentication successful
Fri, 03 Oct 2025 07:06:50 GMT INFO - User authentication successful
Fri, 03 Oct 2025 07:07:05 GMT WARN - Database connection established
Fri, 03 Oct 2025 07:07:19 GMT WARN - Session created
Fri, 03 Oct 2025 07:07:33 GMT ERROR - Cache hit on key: product_123
Fri, 03 Oct 2025 07:07:48 GMT DEBUG - File uploaded: document.pdf
Fri, 03 Oct 2025 07:08:02 GMT ERROR - Payment processed
Fri, 03 Oct 2025 07:08:17 GMT WARN - API response time: 45ms
Fri, 03 Oct 2025 07:08:31 GMT INFO - Database connection established
Fri, 03 Oct 2025 07:08:45 GMT INFO - Request processed successfully
Fri, 03 Oct 2025 07:09:00 GMT WARN - Email sent to user
Fri, 03 Oct 2025 07:09:14 GMT DEBUG - Cache hit on key: product_123
Fri, 03 Oct 2025 07:09:29 GMT DEBUG - Session created
Fri, 03 Oct 2025 07:09:43 GMT WARN - Request processed successfully
Fri, 03 Oct 2025 07:09:57 GMT INFO - Session created
Fri, 03 Oct 2025 07:10:12 GMT ERROR - File uploaded: document.pdf
Fri, 03 Oct 2025 07:10:26 GMT WARN - Cache hit on key: product_123
Fri, 03 Oct 2025 07:10:41 GMT DEBUG - User authentication successful
Fri, 03 Oct 2025 07:10:55 GMT ERROR - API response time: 45ms
Fri, 03 Oct 2025 07:11:09 GMT ERROR - Database connection established
Fri, 03 Oct 2025 07:11:24 GMT WARN - User authentication successful
Fri, 03 Oct 2025 07:11:38 GMT ERROR - File uploaded: document.pdf
Fri, 03 Oct 2025 07:11:53 GMT WARN - Background job completed
Fri, 03 Oct 2025 07:12:07 GMT DEBUG - File uploaded: document.pdf
Fri, 03 Oct 2025 07:12:21 GMT DEBUG - Database connection established
Fri, 03 Oct 2025 07:12:36 GMT DEBUG - Request processed successfully
Fri, 03 Oct 2025 07:12:50 GMT INFO - File uploaded: document.pdf
Fri, 03 Oct 2025 07:13:05 GMT ERROR - Cache hit on key: product_123
Fri, 03 Oct 2025 07:13:19 GMT DEBUG - Request processed successfully
Fri, 03 Oct 2025 07:13:33 GMT INFO - Cache hit on key: product_123
Fri, 03 Oct 2025 07:13:48 GMT INFO - Session created
Fri, 03 Oct 2025 07:14:02 GMT ERROR - File uploaded: document.pdf
Fri, 03 Oct 2025 07:14:17 GMT DEBUG - Database connection established
Fri, 03 Oct 2025 07:14:31 GMT DEBUG - Request processed successfully
Fri, 03 Oct 2025 07:14:45 GMT INFO - Email sent to user
Fri, 03 Oct 2025 07:15:00 GMT WARN - User authentication successful
Fri, 03 Oct 2025 07:15:14 GMT WARN - User authentication successful
Fri, 03 Oct 2025 07:15:29 GMT WARN - Background job completed
Fri, 03 Oct 2025 07:15:43 GMT INFO - Session created
Fri, 03 Oct 2025 07:15:57 GMT DEBUG - Background job completed
Fri, 03 Oct 2025 07:16:12 GMT ERROR - Payment processed
Fri, 03 Oct 2025 07:16:26 GMT ERROR - API response time: 45ms
Fri, 03 Oct 2025 07:16:41 GMT INFO - API response time: 45ms
Fri, 03 Oct 2025 07:16:55 GMT DEBUG - Background job completed
Fri, 03 Oct 2025 07:17:09 GMT ERROR - API response time: 45ms
Fri, 03 Oct 2025 07:17:24 GMT DEBUG - User authentication successful
Fri, 03 Oct 2025 07:17:38 GMT INFO - User authentication successful
Fri, 03 Oct 2025 07:17:53 GMT ERROR - Email sent to user
Fri, 03 Oct 2025 07:18:07 GMT INFO - Payment processed
Fri, 03 Oct 2025 07:18:21 GMT DEBUG - Background job completed
Fri, 03 Oct 2025 07:18:36 GMT WARN - Session created
Fri, 03 Oct 2025 07:18:50 GMT DEBUG - File uploaded: document.pdf
Fri, 03 Oct 2025 07:19:05 GMT INFO - File uploaded: document.pdf
Fri, 03 Oct 2025 07:19:19 GMT INFO - Email sent to user
Fri, 03 Oct 2025 07:19:33 GMT DEBUG - API response time: 45ms
Fri, 03 Oct 2025 07:19:48 GMT WARN - Email sent to user
Fri, 03 Oct 2025 07:20:02 GMT ERROR - Cache hit on key: product_123
Fri, 03 Oct 2025 07:20:17 GMT INFO - User authentication successful
Fri, 03 Oct 2025 07:20:31 GMT INFO - Session created
Fri, 03 Oct 2025 07:20:45 GMT DEBUG - Cache hit on key: product_123
Fri, 03 Oct 2025 07:21:00 GMT WARN - Database connection established
Fri, 03 Oct 2025 07:21:14 GMT ERROR - Database connection established
Fri, 03 Oct 2025 07:21:29 GMT DEBUG - File uploaded: document.pdf
Fri, 03 Oct 2025 07:21:43 GMT ERROR - Cache hit on key: product_123
Fri, 03 Oct 2025 07:21:57 GMT DEBUG - Payment processed
Fri, 03 Oct 2025 07:22:12 GMT INFO - Payment processed
Fri, 03 Oct 2025 07:22:26 GMT DEBUG - Email sent to user
Fri, 03 Oct 2025 07:22:41 GMT ERROR - Request processed successfully
Fri, 03 Oct 2025 07:22:55 GMT ERROR - Email sent to user
Fri, 03 Oct 2025 07:23:09 GMT ERROR - Request processed successfully
Fri, 03 Oct 2025 07:23:24 GMT INFO - Request processed successfully
Fri, 03 Oct 2025 07:23:38 GMT DEBUG - Session created
Fri, 03 Oct 2025 07:23:53 GMT ERROR - Database connection established
Fri, 03 Oct 2025 07:24:07 GMT ERROR - Email sent to user
Fri, 03 Oct 2025 07:24:21 GMT INFO - User authentication successful
Fri, 03 Oct 2025 07:24:36 GMT WARN - Database connection established
Fri, 03 Oct 2025 07:24:50 GMT DEBUG - Request processed successfully
Fri, 03 Oct 2025 07:25:05 GMT WARN - API response time: 45ms
Fri, 03 Oct 2025 07:25:19 GMT INFO - File uploaded: document.pdf
Fri, 03 Oct 2025 07:25:33 GMT ERROR - Email sent to user
Fri, 03 Oct 2025 07:25:48 GMT INFO - Request processed successfully
Fri, 03 Oct 2025 07:26:02 GMT INFO - Session created
Fri, 03 Oct 2025 07:26:17 GMT WARN - Session created
Fri, 03 Oct 2025 07:26:31 GMT DEBUG - Email sent to user
Fri, 03 Oct 2025 07:26:45 GMT ERROR - Payment processed
Fri, 03 Oct 2025 07:27:00 GMT ERROR - API response time: 45ms
Fri, 03 Oct 2025 07:27:14 GMT DEBUG - API response time: 45ms
Fri, 03 Oct 2025 07:27:29 GMT ERROR - Session created
Fri, 03 Oct 2025 07:27:43 GMT ERROR - Payment processed
Fri, 03 Oct 2025 07:27:57 GMT DEBUG - Payment processed
Fri, 03 Oct 2025 07:28:12 GMT WARN - User authentication successful
Fri, 03 Oct 2025 07:28:26 GMT WARN - API response time: 45ms
Fri, 03 Oct 2025 07:28:41 GMT ERROR - Session created
Fri, 03 Oct 2025 07:28:55 GMT WARN - User authentication successful
Fri, 03 Oct 2025 07:29:09 GMT ERROR - API response time: 45ms
Fri, 03 Oct 2025 07:29:24 GMT WARN - Request processed successfully
Fri, 03 Oct 2025 07:29:38 GMT INFO - Database connection established
Fri, 03 Oct 2025 07:29:53 GMT DEBUG - Background job completed
Fri, 03 Oct 2025 07:30:07 GMT WARN - Payment processed
Fri, 03 Oct 2025 07:30:21 GMT INFO - Background job completed
Fri, 03 Oct 2025 07:30:36 GMT WARN - File uploaded: document.pdf
Fri, 03 Oct 2025 07:30:50 GMT INFO - Session created
Fri, 03 Oct 2025 07:31:05 GMT DEBUG - Cache hit on key: product_123
Fri, 03 Oct 2025 07:31:19 GMT ERROR - Payment processed
Fri, 03 Oct 2025 07:31:33 GMT DEBUG - File uploaded: document.pdf
Fri, 03 Oct 2025 07:31:48 GMT ERROR - Session created
Fri, 03 Oct 2025 07:32:02 GMT DEBUG - API response time: 45ms
Fri, 03 Oct 2025 07:32:17 GMT WARN - Request processed successfully
Fri, 03 Oct 2025 07:32:31 GMT INFO - API response time: 45ms
Fri, 03 Oct 2025 07:32:45 GMT DEBUG - Email sent to user
Fri, 03 Oct 2025 07:33:00 GMT INFO - File uploaded: document.pdf
Fri, 03 Oct 2025 07:33:14 GMT DEBUG - Database connection established
Fri, 03 Oct 2025 07:33:29 GMT WARN - API response time: 45ms
Fri, 03 Oct 2025 07:33:43 GMT INFO - Cache hit on key: product_123
Fri, 03 Oct 2025 07:33:57 GMT DEBUG - API response time: 45ms
Fri, 03 Oct 2025 07:34:12 GMT DEBUG - Payment processed
Fri, 03 Oct 2025 07:34:26 GMT DEBUG - File uploaded: document.pdf
Fri, 03 Oct 2025 07:34:41 GMT ERROR - Session created
Fri, 03 Oct 2025 07:34:55 GMT ERROR - Payment processed
Fri, 03 Oct 2025 07:35:09 GMT ERROR - Payment processed
Fri, 03 Oct 2025 07:35:24 GMT INFO - Request processed successfully
Fri, 03 Oct 2025 07:35:38 GMT ERROR - Request processed successfully
Fri, 03 Oct 2025 07:35:53 GMT DEBUG - Payment processed
Fri, 03 Oct 2025 07:36:07 GMT DEBUG - Session created
Fri, 03 Oct 2025 07:36:21 GMT DEBUG - API response time: 45ms
Fri, 03 Oct 2025 07:36:36 GMT WARN - API response time: 45ms
Fri, 03 Oct 2025 07:36:50 GMT ERROR - Email sent to user
Fri, 03 Oct 2025 07:37:05 GMT WARN - Payment processed
Fri, 03 Oct 2025 07:37:19 GMT ERROR - Database connection established
Fri, 03 Oct 2025 07:37:33 GMT INFO - Request processed successfully
Fri, 03 Oct 2025 07:37:48 GMT WARN - Payment processed
Fri, 03 Oct 2025 07:38:02 GMT INFO - Background job completed
Fri, 03 Oct 2025 07:38:17 GMT WARN - User authentication successful
Fri, 03 Oct 2025 07:38:31 GMT ERROR - Request processed successfully
