Oct 03 05:38:45 myserver myapp[9731]: WARN - User authentication successful
Oct 03 05:39:00 myserver myapp[7816]: DEBUG - Request processed successfully
Oct 03 05:39:14 myserver myapp[1094]: INFO - Database connection established
Oct 03 05:39:29 myserver myapp[7223]: ERROR - Database connection established
Oct 03 05:39:43 myserver myapp[3128]: WARN - Payment processed
Oct 03 05:39:57 myserver myapp[8251]: ERROR - API response time: 45ms
Oct 03 05:40:12 myserver myapp[4036]: ERROR - User authentication successful
Oct 03 05:40:26 myserver myapp[2357]: INFO - User authentication successful
Oct 03 05:40:41 myserver myapp[8422]: ERROR - Request processed successfully
Oct 03 05:40:55 myserver myapp[8861]: ERROR - User authentication successful
Oct 03 05:41:09 myserver myapp[2195]: ERROR - Session created
Oct 03 05:41:24 myserver myapp[8296]: INFO - API response time: 45ms
Oct 03 05:41:38 myserver myapp[6946]: WARN - Payment processed
Oct 03 05:41:53 myserver myapp[8784]: INFO - File uploaded: document.pdf
Oct 03 05:42:07 myserver myapp[3096]: INFO - File uploaded: document.pdf
Oct 03 05:42:21 myserver myapp[2258]: INFO - Request processed successfully
Oct 03 05:42:36 myserver myapp[3406]: WARN - Background job completed
Oct 03 05:42:50 myserver myapp[8762]: INFO - Background job completed
Oct 03 05:43:05 myserver myapp[7965]: DEBUG - Email sent to user
Oct 03 05:43:19 myserver myapp[8609]: INFO - User authentication successful
Oct 03 05:43:33 myserver myapp[1543]: ERROR - API response time: 45ms
Oct 03 05:43:48 myserver myapp[8007]: ERROR - Request processed successfully
Oct 03 05:44:02 myserver myapp[4401]: ERROR - Email sent to user
Oct 03 05:44:17 myserver myapp[8720]: WARN - Background job completed
Oct 03 05:44:31 myserver myapp[9585]: DEBUG - Background job completed
Oct 03 05:44:45 myserver myapp[3190]: ERROR - User authentication successful
Oct 03 05:45:00 myserver myapp[7307]: INFO - API response time: 45ms
Oct 03 05:45:14 myserver myapp[9379]: INFO - Session created
Oct 03 05:45:29 myserver myapp[8255]: INFO - Email sent to user
Oct 03 05:45:43 myserver myapp[5230]: WARN - File uploaded: document.pdf
Oct 03 05:45:57 myserver myapp[8750]: INFO - User authentication successful
Oct 03 05:46:12 myserver myapp[2093]: DEBUG - File uploaded: document.pdf
Oct 03 05:46:26 myserver myapp[5463]: INFO - Background job completed
Oct 03 05:46:41 myserver myapp[4409]: INFO - Session created
Oct 03 05:46:55 myserver myapp[6291]: INFO - Request processed successfully
Oct 03 05:47:09 myserver myapp[7954]: ERROR - Request processed successfully
Oct 03 05:47:24 myserver myapp[5346]: INFO - API response time: 45ms
Oct 03 05:47:38 myserver myapp[6314]: WARN - Request processed successfully
Oct 03 05:47:53 myserver myapp[4308]: WARN - User authentication successful
Oct 03 05:48:07 myserver myapp[5918]: WARN - Cache hit on key: product_123
Oct 03 05:48:21 myserver myapp[4559]: WARN - API response time: 45ms
Oct 03 05:48:36 myserver myapp[9597]: WARN - User authentication successful
Oct 03 05:48:50 myserver myapp[7907]: WARN - Background job completed
Oct 03 05:49:05 myserver myapp[5385]: DEBUG - API response time: 45ms
Oct 03 05:49:19 myserver myapp[9075]: DEBUG - User authentication successful
Oct 03 05:49:33 myserver myapp[8183]: DEBUG - Request processed successfully
Oct 03 05:49:48 myserver myapp[9802]: INFO - Request processed successfully
Oct 03 05:50:02 myserver myapp[7300]: INFO - File uploaded: document.pdf
Oct 03 05:50:17 myserver myapp[8131]: DEBUG - Payment processed
Oct 03 05:50:31 myserver myapp[2825]: DEBUG - Request processed successfully
Oct 03 05:50:45 myserver myapp[7732]: INFO - Request processed successfully
Oct 03 05:51:00 myserver myapp[1745]: WARN - API response time: 45ms
Oct 03 05:51:14 myserver myapp[3787]: ERROR - Request processed successfully
Oct 03 05:51:29 myserver myapp[3916]: DEBUG - Background job completed
Oct 03 05:51:43 myserver myapp[2423]: INFO - Email sent to user
Oct 03 05:51:57 myserver myapp[7898]: INFO - Email sent to user
Oct 03 05:52:12 myserver myapp[8321]: DEBUG - Database connection established
Oct 03 05:52:26 myserver myapp[6519]: ERROR - Background job completed
Oct 03 05:52:41 myserver myapp[8422]: DEBUG - Cache hit on key: product_123
Oct 03 05:52:55 myserver myapp[7375]: INFO - Database connection established
Oct 03 05:53:09 myserver myapp[2562]: INFO - File uploaded: document.pdf
Oct 03 05:53:24 myserver myapp[9339]: DEBUG - Email sent to user
Oct 03 05:53:38 myserver myapp[8796]: ERROR - Background job completed
Oct 03 05:53:53 myserver myapp[3320]: WARN - Background job completed
Oct 03 05:54:07 myserver myapp[5008]: INFO - Email sent to user
Oct 03 05:54:21 myserver myapp[1282]: DEBUG - API response time: 45ms
Oct 03 05:54:36 myserver myapp[5290]: INFO - Email sent to user
Oct 03 05:54:50 myserver myapp[7737]: WARN - Database connection established
Oct 03 05:55:05 myserver myapp[7320]: ERROR - User authentication successful
Oct 03 05:55:19 myserver myapp[6387]: WARN - Email sent to user
Oct 03 05:55:33 myserver myapp[3621]: ERROR - Request processed successfully
Oct 03 05:55:48 myserver myapp[4949]: WARN - Email sent to user
Oct 03 05:56:02 myserver myapp[1590]: ERROR - File uploaded: document.pdf
Oct 03 05:56:17 myserver myapp[1242]: DEBUG - Email sent to user
Oct 03 05:56:31 myserver myapp[7404]: INFO - Cache hit on key: product_123
Oct 03 05:56:45 myserver myapp[2506]: WARN - Request processed successfully
Oct 03 05:57:00 myserver myapp[5309]: INFO - Database connection established
Oct 03 05:57:14 myserver myapp[8589]: WARN - Email sent to user
Oct 03 05:57:29 myserver myapp[8309]: DEBUG - Background job completed
Oct 03 05:57:43 myserver myapp[5524]: DEBUG - API response time: 45ms
Oct 03 05:57:57 myserver myapp[9807]: DEBUG - Background job completed
Oct 03 05:58:12 myserver myapp[4357]: ERROR - Background job completed
Oct 03 05:58:26 myserver myapp[4448]: DEBUG - Email sent to user
Oct 03 05:58:41 myserver myapp[4227]: INFO - Background job completed
Oct 03 05:58:55 myserver myapp[2819]: DEBUG - Session created
Oct 03 05:59:09 myserver myapp[3567]: INFO - API response time: 45ms
Oct 03 05:59:24 myserver myapp[3081]: INFO - API response time: 45ms
Oct 03 05:59:38 myserver myapp[7386]: WARN - Database connection established
Oct 03 05:59:53 myserver myapp[7543]: ERROR - Session created
Oct 03 06:00:07 myserver myapp[9619]: ERROR - Background job completed
Oct 03 06:00:21 myserver myapp[1456]: ERROR - Database connection established
Oct 03 06:00:36 myserver myapp[2112]: INFO - Background job completed
Oct 03 06:00:50 myserver myapp[1253]: INFO - Email sent to user
Oct 03 06:01:05 myserver myapp[9875]: DEBUG - Background job completed
Oct 03 06:01:19 myserver myapp[9030]: INFO - API response time: 45ms
Oct 03 06:01:33 myserver myapp[4463]: WARN - API response time: 45ms
Oct 03 06:01:48 myserver myapp[6197]: DEBUG - Background job completed
Oct 03 06:02:02 myserver myapp[7835]: ERROR - Request processed successfully
Oct 03 06:02:17 myserver myapp[1682]: DEBUG - Database connection established
Oct 03 06:02:31 myserver myapp[8034]: DEBUG - User authentication successful
Oct 03 06:02:45 myserver myapp[7388]: ERROR - User authentication successful
Oct 03 06:03:00 myserver myapp[3304]: DEBUG - Payment processed
Oct 03 06:03:14 myserver myapp[5362]: ERROR - File uploaded: document.pdf
Oct 03 06:03:29 myserver myapp[2516]: WARN - Session created
Oct 03 06:03:43 myserver myapp[4810]: DEBUG - Database connection established
Oct 03 06:03:57 myserver myapp[6045]: INFO - User authentication successful
Oct 03 06:04:12 myserver myapp[9488]: INFO - Database connection established
Oct 03 06:04:26 myserver myapp[4543]: INFO - Database connection established
Oct 03 06:04:41 myserver myapp[1414]: WARN - File uploaded: document.pdf
Oct 03 06:04:55 myserver myapp[8898]: WARN - Payment processed
Oct 03 06:05:09 myserver myapp[1598]: DEBUG - Payment processed
Oct 03 06:05:24 myserver myapp[5270]: WARN - Request processed successfully
Oct 03 06:05:38 myserver myapp[7318]: WARN - Background job completed
Oct 03 06:05:53 myserver myapp[7089]: WARN - User authentication successful
Oct 03 06:06:07 myserver myapp[7170]: ERROR - Background job completed
Oct 03 06:06:21 myserver myapp[3145]: DEBUG - Background job completed
Oct 03 06:06:36 myserver myapp[5511]: INFO - Database connection established
Oct 03 06:06:50 myserver myapp[2671]: WARN - API response time: 45ms
Oct 03 06:07:05 myserver myapp[3560]: ERROR - Request processed successfully
Oct 03 06:07:19 myserver myapp[9441]: ERROR - API response time: 45ms
Oct 03 06:07:33 myserver myapp[9979]: INFO - File uploaded: document.pdf
Oct 03 06:07:48 myserver myapp[4899]: DEBUG - Email sent to user
Oct 03 06:08:02 myserver myapp[7408]: INFO - Cache hit on key: product_123
Oct 03 06:08:17 myserver myapp[2039]: WARN - File uploaded: document.pdf
Oct 03 06:08:31 myserver myapp[8983]: ERROR - Payment processed
Oct 03 06:08:45 myserver myapp[5508]: WARN - Request processed successfully
Oct 03 06:09:00 myserver myapp[7223]: DEBUG - Cache hit on key: product_123
Oct 03 06:09:14 myserver myapp[3379]: INFO - Payment processed
Oct 03 06:09:29 myserver myapp[7158]: WARN - File uploaded: document.pdf
Oct 03 06:09:43 myserver myapp[5252]: ERROR - Session created
Oct 03 06:09:57 myserver myapp[4831]: DEBUG - Payment processed
Oct 03 06:10:12 myserver myapp[7090]: WARN - Database connection established
Oct 03 06:10:26 myserver myapp[2561]: WARN - Session created
Oct 03 06:10:41 myserver myapp[8041]: ERROR - Database connection established
Oct 03 06:10:55 myserver myapp[5003]: WARN - Request processed successfully
Oct 03 06:11:09 myserver myapp[2348]: DEBUG - Request processed successfully
Oct 03 06:11:24 myserver myapp[2198]: WARN - User authentication successful
Oct 03 06:11:38 myserver myapp[7689]: INFO - Background job completed
Oct 03 06:11:53 myserver myapp[1782]: WARN - Email sent to user
Oct 03 06:12:07 myserver myapp[4360]: WARN - File uploaded: document.pdf
Oct 03 06:12:21 myserver myapp[8627]: INFO - User authentication successful
Oct 03 06:12:36 myserver myapp[5885]: WARN - Payment processed
Oct 03 06:12:50 myserver myapp[7638]: DEBUG - API response time: 45ms
Oct 03 06:13:05 myserver myapp[5075]: WARN - File uploaded: document.pdf
Oct 03 06:13:19 myserver myapp[8415]: ERROR - Background job completed
Oct 03 06:13:33 myserver myapp[1564]: INFO - API response time: 45ms
Oct 03 06:13:48 myserver myapp[2051]: DEBUG - Database connection established
Oct 03 06:14:02 myserver myapp[1175]: ERROR - File uploaded: document.pdf
Oct 03 06:14:17 myserver myapp[1935]: DEBUG - User authentication successful
Oct 03 06:14:31 myserver myapp[3600]: ERROR - Database connection established
Oct 03 06:14:45 myserver myapp[6255]: INFO - Cache hit on key: product_123
Oct 03 06:15:00 myserver myapp[4950]: DEBUG - Cache hit on key: product_123
Oct 03 06:15:14 myserver myapp[6162]: ERROR - File uploaded: document.pdf
Oct 03 06:15:29 myserver myapp[5648]: INFO - Request processed successfully
Oct 03 06:15:43 myserver myapp[1368]: INFO - File uploaded: document.pdf
Oct 03 06:15:57 myserver myapp[5115]: ERROR - API response time: 45ms
Oct 03 06:16:12 myserver myapp[4725]: ERROR - Payment processed
Oct 03 06:16:26 myserver myapp[9415]: ERROR - Background job completed
Oct 03 06:16:41 myserver myapp[3663]: WARN - API response time: 45ms
Oct 03 06:16:55 myserver myapp[6000]: ERROR - Cache hit on key: product_123
Oct 03 06:17:09 myserver myapp[7745]: DEBUG - Session created
Oct 03 06:17:24 myserver myapp[9192]: ERROR - Email sent to user
Oct 03 06:17:38 myserver myapp[3379]: INFO - Email sent to user
Oct 03 06:17:53 myserver myapp[8866]: DEBUG - Database connection established
Oct 03 06:18:07 myserver myapp[4793]: WARN - User authentication successful
Oct 03 06:18:21 myserver myapp[3948]: WARN - Background job completed
Oct 03 06:18:36 myserver myapp[9482]: INFO - Background job completed
Oct 03 06:18:50 myserver myapp[6281]: INFO - Payment processed
Oct 03 06:19:05 myserver myapp[1503]: WARN - Request processed successfully
Oct 03 06:19:19 myserver myapp[2012]: INFO - Session created
Oct 03 06:19:33 myserver myapp[4247]: ERROR - File uploaded: document.pdf
Oct 03 06:19:48 myserver myapp[5145]: INFO - Background job completed
Oct 03 06:20:02 myserver myapp[7650]: DEBUG - API response time: 45ms
Oct 03 06:20:17 myserver myapp[6048]: ERROR - File uploaded: document.pdf
Oct 03 06:20:31 myserver myapp[7617]: INFO - Database connection established
Oct 03 06:20:45 myserver myapp[1612]: WARN - Payment processed
Oct 03 06:21:00 myserver myapp[6200]: INFO - Cache hit on key: product_123
Oct 03 06:21:14 myserver myapp[9115]: DEBUG - Request processed successfully
Oct 03 06:21:29 myserver myapp[7591]: ERROR - API response time: 45ms
Oct 03 06:21:43 myserver myapp[5373]: WARN - Request processed successfully
Oct 03 06:21:57 myserver myapp[9507]: ERROR - Request processed successfully
Oct 03 06:22:12 myserver myapp[3405]: INFO - Email sent to user
Oct 03 06:22:26 myserver myapp[2248]: ERROR - Background job completed
Oct 03 06:22:41 myserver myapp[1820]: ERROR - Cache hit on key: product_123
Oct 03 06:22:55 myserver myapp[2852]: ERROR - Database connection established
Oct 03 06:23:09 myserver myapp[9400]: DEBUG - Email sent to user
Oct 03 06:23:24 myserver myapp[9820]: INFO - File uploaded: document.pdf
Oct 03 06:23:38 myserver myapp[4450]: DEBUG - Session created
Oct 03 06:23:53 myserver myapp[5353]: DEBUG - Background job completed
Oct 03 06:24:07 myserver myapp[5216]: DEBUG - Request processed successfully
Oct 03 06:24:21 myserver myapp[4830]: DEBUG - File uploaded: document.pdf
Oct 03 06:24:36 myserver myapp[7058]: DEBUG - API response time: 45ms
Oct 03 06:24:50 myserver myapp[8657]: DEBUG - Request processed successfully
Oct 03 06:25:05 myserver myapp[8923]: DEBUG - User authentication successful
Oct 03 06:25:19 myserver myapp[1899]: ERROR - Database connection established
Oct 03 06:25:33 myserver myapp[5892]: INFO - API response time: 45ms
Oct 03 06:25:48 myserver myapp[4370]: ERROR - Request processed successfully
Oct 03 06:26:02 myserver myapp[8714]: WARN - API response time: 45ms
Oct 03 06:26:17 myserver myapp[4280]: WARN - Email sent to user
Oct 03 06:26:31 myserver myapp[6850]: INFO - API response time: 45ms
Oct 03 06:26:45 myserver myapp[5509]: DEBUG - User authentication successful
Oct 03 06:27:00 myserver myapp[4791]: DEBUG - Email sent to user
Oct 03 06:27:14 myserver myapp[1869]: INFO - File uploaded: document.pdf
Oct 03 06:27:29 myserver myapp[9431]: INFO - API response time: 45ms
Oct 03 06:27:43 myserver myapp[4645]: ERROR - Payment processed
Oct 03 06:27:57 myserver myapp[5203]: ERROR - Cache hit on key: product_123
Oct 03 06:28:12 myserver myapp[4233]: ERROR - Cache hit on key: product_123
Oct 03 06:28:26 myserver myapp[8645]: ERROR - Database connection established
Oct 03 06:28:41 myserver myapp[2075]: INFO - File uploaded: document.pdf
Oct 03 06:28:55 myserver myapp[8697]: ERROR - File uploaded: document.pdf
Oct 03 06:29:09 myserver myapp[7347]: WARN - API response time: 45ms
Oct 03 06:29:24 myserver myapp[3931]: WARN - File uploaded: document.pdf
Oct 03 06:29:38 myserver myapp[5741]: ERROR - Cache hit on key: product_123
Oct 03 06:29:53 myserver myapp[4582]: ERROR - Email sent to user
Oct 03 06:30:07 myserver myapp[2686]: INFO - Background job completed
Oct 03 06:30:21 myserver myapp[3451]: INFO - Email sent to user
Oct 03 06:30:36 myserver myapp[5745]: ERROR - Request processed successfully
Oct 03 06:30:50 myserver myapp[2264]: WARN - Payment processed
Oct 03 06:31:05 myserver myapp[4394]: WARN - Database connection established
Oct 03 06:31:19 myserver myapp[7734]: INFO - Database connection established
Oct 03 06:31:33 myserver myapp[6059]: INFO - Payment processed
Oct 03 06:31:48 myserver myapp[7834]: ERROR - API response time: 45ms
Oct 03 06:32:02 myserver myapp[4620]: ERROR - Payment processed
Oct 03 06:32:17 myserver myapp[4967]: ERROR - Database connection established
Oct 03 06:32:31 myserver myapp[9641]: ERROR - Payment processed
Oct 03 06:32:45 myserver myapp[9757]: ERROR - User authentication successful
Oct 03 06:33:00 myserver myapp[9280]: DEBUG - File uploaded: document.pdf
Oct 03 06:33:14 myserver myapp[1784]: WARN - Request processed successfully
Oct 03 06:33:29 myserver myapp[7587]: DEBUG - Request processed successfully
Oct 03 06:33:43 myserver myapp[7971]: INFO - File uploaded: document.pdf
Oct 03 06:33:57 myserver myapp[6704]: ERROR - Session created
Oct 03 06:34:12 myserver myapp[3348]: ERROR - Request processed successfully
Oct 03 06:34:26 myserver myapp[4684]: INFO - API response time: 45ms
Oct 03 06:34:41 myserver myapp[3735]: DEBUG - Cache hit on key: product_123
Oct 03 06:34:55 myserver myapp[5585]: WARN - Request processed successfully
Oct 03 06:35:09 myserver myapp[1811]: WARN - Background job completed
Oct 03 06:35:24 myserver myapp[2588]: WARN - Payment processed
Oct 03 06:35:38 myserver myapp[6916]: WARN - Database connection established
Oct 03 06:35:53 myserver myapp[2125]: ERROR - Payment processed
Oct 03 06:36:07 myserver myapp[3585]: DEBUG - User authentication successful
Oct 03 06:36:21 myserver myapp[4179]: DEBUG - Email sent to user
Oct 03 06:36:36 myserver myapp[2998]: ERROR - Payment processed
Oct 03 06:36:50 myserver myapp[6825]: DEBUG - Payment processed
Oct 03 06:37:05 myserver myapp[9931]: WARN - Request processed successfully
Oct 03 06:37:19 myserver myapp[5804]: WARN - File uploaded: document.pdf
Oct 03 06:37:33 myserver myapp[6172]: DEBUG - API response time: 45ms
Oct 03 06:37:48 myserver myapp[6981]: ERROR - Database connection established
Oct 03 06:38:02 myserver myapp[5189]: ERROR - File uploaded: document.pdf
Oct 03 06:38:17 myserver myapp[8894]: DEBUG - Request processed successfully
Oct 03 06:38:31 myserver myapp[8203]: ERROR - API response time: 45ms
Oct 03 06:38:45 myserver myapp[2298]: WARN - File uploaded: document.pdf
Oct 03 06:39:00 myserver myapp[6734]: DEBUG - Background job completed
Oct 03 06:39:14 myserver myapp[5215]: WARN - Session created
Oct 03 06:39:29 myserver myapp[8383]: DEBUG - Cache hit on key: product_123
Oct 03 06:39:43 myserver myapp[6044]: INFO - Payment processed
Oct 03 06:39:57 myserver myapp[5222]: INFO - Cache hit on key: product_123
Oct 03 06:40:12 myserver myapp[9608]: WARN - Payment processed
Oct 03 06:40:26 myserver myapp[2366]: DEBUG - Request processed successfully
Oct 03 06:40:41 myserver myapp[7080]: INFO - API response time: 45ms
Oct 03 06:40:55 myserver myapp[4379]: WARN - Database connection established
Oct 03 06:41:09 myserver myapp[8280]: DEBUG - User authentication successful
Oct 03 06:41:24 myserver myapp[2766]: ERROR - Session created
Oct 03 06:41:38 myserver myapp[5161]: DEBUG - File uploaded: document.pdf
Oct 03 06:41:53 myserver myapp[5767]: WARN - Email sent to user
Oct 03 06:42:07 myserver myapp[1798]: ERROR - Database connection established
Oct 03 06:42:21 myserver myapp[7030]: DEBUG - Background job completed
Oct 03 06:42:36 myserver myapp[6862]: INFO - Database connection established
Oct 03 06:42:50 myserver myapp[5474]: WARN - Session created
Oct 03 06:43:05 myserver myapp[8314]: INFO - Request processed successfully
Oct 03 06:43:19 myserver myapp[1024]: WARN - API response time: 45ms
Oct 03 06:43:33 myserver myapp[5533]: INFO - Request processed successfully
Oct 03 06:43:48 myserver myapp[3786]: WARN - User authentication successful
Oct 03 06:44:02 myserver myapp[1149]: ERROR - Cache hit on key: product_123
Oct 03 06:44:17 myserver myapp[6475]: INFO - Database connection established
Oct 03 06:44:31 myserver myapp[2919]: DEBUG - Cache hit on key: product_123
Oct 03 06:44:45 myserver myapp[1883]: DEBUG - User authentication successful
Oct 03 06:45:00 myserver myapp[3715]: INFO - Cache hit on key: product_123
Oct 03 06:45:14 myserver myapp[9440]: ERROR - File uploaded: document.pdf
Oct 03 06:45:29 myserver myapp[8191]: DEBUG - User authentication successful
Oct 03 06:45:43 myserver myapp[2788]: INFO - API response time: 45ms
Oct 03 06:45:57 myserver myapp[6158]: WARN - User authentication successful
Oct 03 06:46:12 myserver myapp[3423]: ERROR - Session created
Oct 03 06:46:26 myserver myapp[9834]: INFO - Session created
Oct 03 06:46:41 myserver myapp[4923]: DEBUG - Database connection established
Oct 03 06:46:55 myserver myapp[5394]: ERROR - User authentication successful
Oct 03 06:47:09 myserver myapp[6128]: INFO - Background job completed
Oct 03 06:47:24 myserver myapp[1077]: ERROR - Payment processed
Oct 03 06:47:38 myserver myapp[2215]: INFO - File uploaded: document.pdf
Oct 03 06:47:53 myserver myapp[4876]: INFO - Background job completed
Oct 03 06:48:07 myserver myapp[8850]: ERROR - Database connection established
Oct 03 06:48:21 myserver myapp[1975]: INFO - Session created
Oct 03 06:48:36 myserver myapp[2012]: WARN - Session created
Oct 03 06:48:50 myserver myapp[4064]: WARN - Session created
Oct 03 06:49:05 myserver myapp[2345]: INFO - Session created
Oct 03 06:49:19 myserver myapp[6894]: ERROR - API response time: 45ms
Oct 03 06:49:33 myserver myapp[9168]: DEBUG - Cache hit on key: product_123
Oct 03 06:49:48 myserver myapp[9493]: ERROR - Background job completed
Oct 03 06:50:02 myserver myapp[6453]: DEBUG - File uploaded: document.pdf
Oct 03 06:50:17 myserver myapp[3348]: ERROR - File uploaded: document.pdf
Oct 03 06:50:31 myserver myapp[5593]: DEBUG - Session created
Oct 03 06:50:45 myserver myapp[1270]: WARN - User authentication successful
Oct 03 06:51:00 myserver myapp[3301]: ERROR - Session created
Oct 03 06:51:14 myserver myapp[5475]: WARN - Session created
Oct 03 06:51:29 myserver myapp[9268]: WARN - Database connection established
Oct 03 06:51:43 myserver myapp[6076]: ERROR - Email sent to user
Oct 03 06:51:57 myserver myapp[8313]: WARN - Background job completed
Oct 03 06:52:12 myserver myapp[6883]: WARN - Session created
Oct 03 06:52:26 myserver myapp[1042]: WARN - Session created
Oct 03 06:52:41 myserver myapp[8201]: INFO - User authentication successful
Oct 03 06:52:55 myserver myapp[6015]: INFO - Database connection established
Oct 03 06:53:09 myserver myapp[5771]: DEBUG - Payment processed
Oct 03 06:53:24 myserver myapp[1910]: DEBUG - User authentication successful
Oct 03 06:53:38 myserver myapp[2782]: DEBUG - Background job completed
Oct 03 06:53:53 myserver myapp[4037]: WARN - Background job completed
Oct 03 06:54:07 myserver myapp[8519]: DEBUG - Email sent to user
Oct 03 06:54:21 myserver myapp[7348]: WARN - Cache hit on key: product_123
Oct 03 06:54:36 myserver myapp[1326]: INFO - Session created
Oct 03 06:54:50 myserver myapp[6350]: DEBUG - Email sent to user
Oct 03 06:55:05 myserver myapp[7976]: INFO - Payment processed
Oct 03 06:55:19 myserver myapp[5127]: DEBUG - Email sent to user
Oct 03 06:55:33 myserver myapp[5082]: ERROR - Request processed successfully
Oct 03 06:55:48 myserver myapp[4258]: DEBUG - Session created
Oct 03 06:56:02 myserver myapp[8867]: INFO - Payment processed
Oct 03 06:56:17 myserver myapp[8368]: DEBUG - Request processed successfully
Oct 03 06:56:31 myserver myapp[2344]: INFO - Database connection established
Oct 03 06:56:45 myserver myapp[5184]: WARN - Payment processed
Oct 03 06:57:00 myserver myapp[9292]: ERROR - Email sent to user
Oct 03 06:57:14 myserver myapp[4647]: INFO - Payment processed
Oct 03 06:57:29 myserver myapp[6016]: ERROR - API response time: 45ms
Oct 03 06:57:43 myserver myapp[3498]: WARN - Request processed successfully
Oct 03 06:57:57 myserver myapp[9067]: ERROR - User authentication successful
Oct 03 06:58:12 myserver myapp[3377]: WARN - Database connection established
Oct 03 06:58:26 myserver myapp[4973]: WARN - Session created
Oct 03 06:58:41 myserver myapp[3507]: DEBUG - Request processed successfully
Oct 03 06:58:55 myserver myapp[9962]: WARN - User authentication successful
Oct 03 06:59:09 myserver myapp[6999]: WARN - Request processed successfully
Oct 03 06:59:24 myserver myapp[5719]: DEBUG - Session created
Oct 03 06:59:38 myserver myapp[8960]: ERROR - Request processed successfully
Oct 03 06:59:53 myserver myapp[4277]: ERROR - File uploaded: document.pdf
Oct 03 07:00:07 myserver myapp[1647]: INFO - File uploaded: document.pdf
Oct 03 07:00:21 myserver myapp[5866]: ERROR - Email sent to user
Oct 03 07:00:36 myserver myapp[4896]: WARN - Background job completed
Oct 03 07:00:50 myserver myapp[9076]: DEBUG - Payment processed
Oct 03 07:01:05 myserver myapp[7093]: ERROR - Background job completed
Oct 03 07:01:19 myserver myapp[6261]: WARN - Payment processed
Oct 03 07:01:33 myserver myapp[8787]: INFO - File uploaded: document.pdf
Oct 03 07:01:48 myserver myapp[3928]: DEBUG - User authentication successful
Oct 03 07:02:02 myserver myapp[3339]: ERROR - Database connection established
Oct 03 07:02:17 myserver myapp[5254]: DEBUG - Request processed successfully
Oct 03 07:02:31 myserver myapp[7361]: WARN - Cache hit on key: product_123
Oct 03 07:02:45 myserver myapp[5146]: DEBUG - Request processed successfully
Oct 03 07:03:00 myserver myapp[5426]: ERROR - Background job completed
Oct 03 07:03:14 myserver myapp[9931]: DEBUG - Request processed successfully
Oct 03 07:03:29 myserver myapp[7931]: WARN - File uploaded: document.pdf
Oct 03 07:03:43 myserver myapp[4103]: INFO - Payment processed
Oct 03 07:03:57 myserver myapp[9743]: DEBUG - Payment processed
Oct 03 07:04:12 myserver myapp[4962]: INFO - Session created
Oct 03 07:04:26 myserver myapp[5507]: ERROR - Background job completed
Oct 03 07:04:41 myserver myapp[4057]: DEBUG - Cache hit on key: product_123
Oct 03 07:04:55 myserver myapp[1427]: ERROR - File uploaded: document.pdf
Oct 03 07:05:09 myserver myapp[5032]: ERROR - Database connection established
Oct 03 07:05:24 myserver myapp[2544]: WARN - Email sent to user
Oct 03 07:05:38 myserver myapp[6395]: ERROR - Database connection established
Oct 03 07:05:53 myserver myapp[2598]: INFO - Database connection established
Oct 03 07:06:07 myserver myapp[3589]: WARN - Session created
Oct 03 07:06:21 myserver myapp[5739]: ERROR - Email sent to user
Oct 03 07:06:36 myserver myapp[1721]: DEBUG - Database connection established
Oct 03 07:06:50 myserver myapp[7222]: WARN - Cache hit on key: product_123
Oct 03 07:07:05 myserver myapp[6306]: INFO - Session created
Oct 03 07:07:19 myserver myapp[2792]: INFO - Session created
Oct 03 07:07:33 myserver myapp[7397]: DEBUG - Session created
Oct 03 07:07:48 myserver myapp[9114]: WARN - Cache hit on key: product_123
Oct 03 07:08:02 myserver myapp[3938]: WARN - Database connection established
Oct 03 07:08:17 myserver myapp[3392]: DEBUG - Payment processed
Oct 03 07:08:31 myserver myapp[2085]: WARN - Session created
Oct 03 07:08:45 myserver myapp[7158]: WARN - User authentication successful
Oct 03 07:09:00 myserver myapp[2514]: WARN - Background job completed
Oct 03 07:09:14 myserver myapp[4417]: INFO - Session created
Oct 03 07:09:29 myserver myapp[9191]: ERROR - Email sent to user
Oct 03 07:09:43 myserver myapp[2216]: DEBUG - File uploaded: document.pdf
Oct 03 07:09:57 myserver myapp[3915]: DEBUG - API response time: 45ms
Oct 03 07:10:12 myserver myapp[5859]: DEBUG - Background job completed
Oct 03 07:10:26 myserver myapp[8706]: INFO - Email sent to user
Oct 03 07:10:41 myserver myapp[2885]: WARN - Email sent to user
Oct 03 07:10:55 myserver myapp[5201]: INFO - Payment processed
Oct 03 07:11:09 myserver myapp[1157]: WARN - Database connection established
Oct 03 07:11:24 myserver myapp[3565]: WARN - User authentication successful
Oct 03 07:11:38 myserver myapp[4439]: INFO - Request processed successfully
Oct 03 07:11:53 myserver myapp[9345]: DEBUG - Payment processed
Oct 03 07:12:07 myserver myapp[6843]: ERROR - User authentication successful
Oct 03 07:12:21 myserver myapp[2598]: DEBUG - Payment processed
Oct 03 07:12:36 myserver myapp[4992]: WARN - Database connection established
Oct 03 07:12:50 myserver myapp[7956]: WARN - Background job completed
Oct 03 07:13:05 myserver myapp[2510]: DEBUG - File uploaded: document.pdf
Oct 03 07:13:19 myserver myapp[2658]: ERROR - Background job completed
Oct 03 07:13:33 myserver myapp[4474]: DEBUG - Background job completed
Oct 03 07:13:48 myserver myapp[6828]: WARN - File uploaded: document.pdf
Oct 03 07:14:02 myserver myapp[1652]: ERROR - Session created
Oct 03 07:14:17 myserver myapp[3610]: DEBUG - Request processed successfully
Oct 03 07:14:31 myserver myapp[6696]: ERROR - File uploaded: document.pdf
Oct 03 07:14:45 myserver myapp[7793]: INFO - Database connection established
Oct 03 07:15:00 myserver myapp[9591]: DEBUG - Email sent to user
Oct 03 07:15:14 myserver myapp[4043]: ERROR - Session created
Oct 03 07:15:29 myserver myapp[9035]: ERROR - User authentication successful
Oct 03 07:15:43 myserver myapp[4521]: DEBUG - Email sent to user
Oct 03 07:15:57 myserver myapp[1526]: WARN - Request processed successfully
Oct 03 07:16:12 myserver myapp[9417]: DEBUG - Database connection established
Oct 03 07:16:26 myserver myapp[6218]: ERROR - Database connection established
Oct 03 07:16:41 myserver myapp[4355]: DEBUG - Database connection established
Oct 03 07:16:55 myserver myapp[3978]: INFO - Session created
Oct 03 07:17:09 myserver myapp[6681]: WARN - Email sent to user
Oct 03 07:17:24 myserver myapp[7075]: DEBUG - User authentication successful
Oct 03 07:17:38 myserver myapp[3565]: WARN - Database connection established
Oct 03 07:17:53 myserver myapp[4728]: WARN - Payment processed
Oct 03 07:18:07 myserver myapp[4436]: INFO - API response time: 45ms
Oct 03 07:18:21 myserver myapp[5367]: WARN - Request processed successfully
Oct 03 07:18:36 myserver myapp[5677]: DEBUG - User authentication successful
Oct 03 07:18:50 myserver myapp[7971]: WARN - Session created
Oct 03 07:19:05 myserver myapp[3280]: DEBUG - Background job completed
Oct 03 07:19:19 myserver myapp[9559]: WARN - Payment processed
Oct 03 07:19:33 myserver myapp[6618]: ERROR - API response time: 45ms
Oct 03 07:19:48 myserver myapp[8194]: ERROR - Cache hit on key: product_123
Oct 03 07:20:02 myserver myapp[1071]: WARN - User authentication successful
Oct 03 07:20:17 myserver myapp[4759]: DEBUG - Database connection established
Oct 03 07:20:31 myserver myapp[9737]: INFO - Payment processed
Oct 03 07:20:45 myserver myapp[7333]: INFO - Payment processed
Oct 03 07:21:00 myserver myapp[8786]: WARN - API response time: 45ms
Oct 03 07:21:14 myserver myapp[1387]: WARN - Email sent to user
Oct 03 07:21:29 myserver myapp[3453]: ERROR - Database connection established
Oct 03 07:21:43 myserver myapp[2933]: WARN - Email sent to user
Oct 03 07:21:57 myserver myapp[8248]: WARN - User authentication successful
Oct 03 07:22:12 myserver myapp[8283]: ERROR - Session created
Oct 03 07:22:26 myserver myapp[2529]: ERROR - Database connection established
Oct 03 07:22:41 myserver myapp[7524]: ERROR - Email sent to user
Oct 03 07:22:55 myserver myapp[1850]: WARN - Session created
Oct 03 07:23:09 myserver myapp[8024]: WARN - Cache hit on key: product_123
Oct 03 07:23:24 myserver myapp[1037]: DEBUG - Database connection established
Oct 03 07:23:38 myserver myapp[8083]: DEBUG - User authentication successful
Oct 03 07:23:53 myserver myapp[1625]: WARN - Payment processed
Oct 03 07:24:07 myserver myapp[4218]: INFO - Email sent to user
Oct 03 07:24:21 myserver myapp[7912]: DEBUG - User authentication successful
Oct 03 07:24:36 myserver myapp[8129]: DEBUG - Cache hit on key: product_123
Oct 03 07:24:50 myserver myapp[7776]: DEBUG - User authentication successful
Oct 03 07:25:05 myserver myapp[8290]: DEBUG - Email sent to user
Oct 03 07:25:19 myserver myapp[3884]: INFO - API response time: 45ms
Oct 03 07:25:33 myserver myapp[8612]: DEBUG - Payment processed
Oct 03 07:25:48 myserver myapp[7111]: INFO - Database connection established
Oct 03 07:26:02 myserver myapp[7659]: ERROR - File uploaded: document.pdf
Oct 03 07:26:17 myserver myapp[1420]: DEBUG - Request processed successfully
Oct 03 07:26:31 myserver myapp[4453]: ERROR - Email sent to user
Oct 03 07:26:45 myserver myapp[1367]: ERROR - Request processed successfully
Oct 03 07:27:00 myserver myapp[9585]: INFO - User authentication successful
Oct 03 07:27:14 myserver myapp[7616]: DEBUG - User authentication successful
Oct 03 07:27:29 myserver myapp[7349]: DEBUG - Background job completed
Oct 03 07:27:43 myserver myapp[5585]: INFO - Email sent to user
Oct 03 07:27:57 myserver myapp[7594]: DEBUG - API response time: 45ms
Oct 03 07:28:12 myserver myapp[1011]: ERROR - Request processed successfully
Oct 03 07:28:26 myserver myapp[5230]: INFO - Background job completed
Oct 03 07:28:41 myserver myapp[3476]: INFO - File uploaded: document.pdf
Oct 03 07:28:55 myserver myapp[9693]: DEBUG - Request processed successfully
Oct 03 07:29:09 myserver myapp[6088]: INFO - API response time: 45ms
Oct 03 07:29:24 myserver myapp[4014]: DEBUG - Database connection established
Oct 03 07:29:38 myserver myapp[9952]: DEBUG - Request processed successfully
Oct 03 07:29:53 myserver myapp[5889]: INFO - Session created
Oct 03 07:30:07 myserver myapp[1969]: INFO - Background job completed
Oct 03 07:30:21 myserver myapp[4968]: WARN - API response time: 45ms
Oct 03 07:30:36 myserver myapp[9076]: ERROR - Session created
Oct 03 07:30:50 myserver myapp[3005]: WARN - Payment processed
Oct 03 07:31:05 myserver myapp[1128]: DEBUG - Payment processed
Oct 03 07:31:19 myserver myapp[4108]: DEBUG - Session created
Oct 03 07:31:33 myserver myapp[3377]: WARN - File uploaded: document.pdf
Oct 03 07:31:48 myserver myapp[7255]: WARN - File uploaded: document.pdf
Oct 03 07:32:02 myserver myapp[7403]: DEBUG - Background job completed
Oct 03 07:32:17 myserver myapp[4665]: ERROR - File uploaded: document.pdf
Oct 03 07:32:31 myserver myapp[7467]: WARN - Cache hit on key: product_123
Oct 03 07:32:45 myserver myapp[5922]: INFO - Cache hit on key: product_123
Oct 03 07:33:00 myserver myapp[9638]: DEBUG - Payment processed
Oct 03 07:33:14 myserver myapp[7359]: ERROR - Cache hit on key: product_123
Oct 03 07:33:29 myserver myapp[5207]: DEBUG - Payment processed
Oct 03 07:33:43 myserver myapp[1212]: INFO - Payment processed
Oct 03 07:33:57 myserver myapp[9483]: INFO - Session created
Oct 03 07:34:12 myserver myapp[4420]: INFO - Database connection established
Oct 03 07:34:26 myserver myapp[2326]: INFO - Request processed successfully
Oct 03 07:34:41 myserver myapp[4547]: ERROR - Request processed successfully
Oct 03 07:34:55 myserver myapp[7874]: ERROR - Database connection established
Oct 03 07:35:09 myserver myapp[9094]: INFO - API response time: 45ms
Oct 03 07:35:24 myserver myapp[2434]: DEBUG - Cache hit on key: product_123
Oct 03 07:35:38 myserver myapp[4622]: WARN - API response time: 45ms
Oct 03 07:35:53 myserver myapp[5237]: WARN - User authentication successful
Oct 03 07:36:07 myserver myapp[3400]: INFO - Cache hit on key: product_123
Oct 03 07:36:21 myserver myapp[3830]: INFO - Background job completed
Oct 03 07:36:36 myserver myapp[3608]: DEBUG - API response time: 45ms
Oct 03 07:36:50 myserver myapp[7160]: ERROR - Request processed successfully
Oct 03 07:37:05 myserver myapp[9901]: INFO - User authentication successful
Oct 03 07:37:19 myserver myapp[5299]: INFO - Email sent to user
Oct 03 07:37:33 myserver myapp[8068]: ERROR - Database connection established
Oct 03 07:37:48 myserver myapp[6810]: DEBUG - Request processed successfully
Oct 03 07:38:02 myserver myapp[7173]: ERROR - File uploaded: document.pdf
Oct 03 07:38:17 myserver myapp[3052]: WARN - Payment processed
Oct 03 07:38:31 myserver myapp[7392]: WARN - Session created
