05:38:45 WARN - Request processed successfully
05:39:00 WARN - API response time: 45ms
05:39:14 WARN - Payment processed
05:39:29 DEBUG - API response time: 45ms
05:39:43 ERROR - User authentication successful
05:39:57 WARN - Cache hit on key: product_123
05:40:12 INFO - Payment processed
05:40:26 WARN - Background job completed
05:40:41 DEBUG - Cache hit on key: product_123
05:40:55 WARN - Session created
05:41:09 INFO - Database connection established
05:41:24 WARN - Session created
05:41:38 DEBUG - Cache hit on key: product_123
05:41:53 INFO - File uploaded: document.pdf
05:42:07 ERROR - Cache hit on key: product_123
05:42:21 DEBUG - File uploaded: document.pdf
05:42:36 WARN - API response time: 45ms
05:42:50 ERROR - File uploaded: document.pdf
05:43:05 INFO - Background job completed
05:43:19 INFO - User authentication successful
05:43:33 DEBUG - User authentication successful
05:43:48 WARN - User authentication successful
05:44:02 INFO - Background job completed
05:44:17 INFO - Database connection established
05:44:31 ERROR - Background job completed
05:44:45 INFO - Session created
05:45:00 WARN - Session created
05:45:14 INFO - Database connection established
05:45:29 WARN - Cache hit on key: product_123
05:45:43 ERROR - Session created
05:45:57 WARN - Background job completed
05:46:12 DEBUG - Background job completed
05:46:26 WARN - Payment processed
05:46:41 INFO - Payment processed
05:46:55 WARN - Background job completed
05:47:09 INFO - Background job completed
05:47:24 ERROR - API response time: 45ms
05:47:38 DEBUG - Cache hit on key: product_123
05:47:53 ERROR - Session created
05:48:07 ERROR - Cache hit on key: product_123
05:48:21 DEBUG - User authentication successful
05:48:36 ERROR - API response time: 45ms
05:48:50 ERROR - Email sent to user
05:49:05 INFO - Cache hit on key: product_123
05:49:19 INFO - Session created
05:49:33 DEBUG - API response time: 45ms
05:49:48 DEBUG - Email sent to user
05:50:02 WARN - Cache hit on key: product_123
05:50:17 INFO - File uploaded: document.pdf
05:50:31 WARN - Payment processed
05:50:45 DEBUG - Request processed successfully
05:51:00 DEBUG - Request processed successfully
05:51:14 INFO - Session created
05:51:29 DEBUG - Email sent to user
05:51:43 ERROR - Database connection established
05:51:57 INFO - API response time: 45ms
05:52:12 ERROR - Request processed successfully
05:52:26 DEBUG - Database connection established
05:52:41 ERROR - File uploaded: document.pdf
05:52:55 DEBUG - Background job completed
05:53:09 DEBUG - Request processed successfully
05:53:24 ERROR - Request processed successfully
05:53:38 DEBUG - Session created
05:53:53 ERROR - Email sent to user
05:54:07 INFO - Request processed successfully
05:54:21 DEBUG - Payment processed
05:54:36 WARN - User authentication successful
05:54:50 WARN - Database connection established
05:55:05 DEBUG - Payment processed
05:55:19 DEBUG - User authentication successful
05:55:33 WARN - File uploaded: document.pdf
05:55:48 INFO - Database connection established
05:56:02 DEBUG - File uploaded: document.pdf
05:56:17 WARN - Payment processed
05:56:31 DEBUG - Cache hit on key: product_123
05:56:45 INFO - API response time: 45ms
05:57:00 WARN - Session created
05:57:14 INFO - Cache hit on key: product_123
05:57:29 DEBUG - Payment processed
05:57:43 DEBUG - Session created
05:57:57 WARN - User authentication successful
05:58:12 DEBUG - API response time: 45ms
05:58:26 INFO - Cache hit on key: product_123
05:58:41 WARN - File uploaded: document.pdf
05:58:55 ERROR - Background job completed
05:59:09 ERROR - API response time: 45ms
05:59:24 DEBUG - Session created
05:59:38 DEBUG - File uploaded: document.pdf
05:59:53 INFO - API response time: 45ms
06:00:07 ERROR - Session created
06:00:21 INFO - Payment processed
06:00:36 INFO - Database connection established
06:00:50 WARN - User authentication successful
06:01:05 INFO - Background job completed
06:01:19 INFO - Database connection established
06:01:33 DEBUG - File uploaded: document.pdf
06:01:48 INFO - Background job completed
06:02:02 ERROR - Request processed successfully
06:02:17 INFO - API response time: 45ms
06:02:31 WARN - Session created
06:02:45 INFO - API response time: 45ms
06:03:00 DEBUG - Request processed successfully
06:03:14 WARN - API response time: 45ms
06:03:29 DEBUG - Email sent to user
06:03:43 DEBUG - Request processed successfully
06:03:57 ERROR - Payment processed
06:04:12 WARN - Email sent to user
06:04:26 WARN - Cache hit on key: product_123
06:04:41 WARN - File uploaded: document.pdf
06:04:55 ERROR - Email sent to user
06:05:09 ERROR - Payment processed
06:05:24 WARN - Email sent to user
06:05:38 DEBUG - Background job completed
06:05:53 INFO - Session created
06:06:07 INFO - Payment processed
06:06:21 INFO - Session created
06:06:36 DEBUG - Email sent to user
06:06:50 INFO - API response time: 45ms
06:07:05 ERROR - Request processed successfully
06:07:19 WARN - User authentication successful
06:07:33 ERROR - Email sent to user
06:07:48 DEBUG - File uploaded: document.pdf
06:08:02 ERROR - Payment processed
06:08:17 INFO - User authentication successful
06:08:31 WARN - API response time: 45ms
06:08:45 DEBUG - Payment processed
06:09:00 WARN - Session created
06:09:14 WARN - Session created
06:09:29 WARN - Cache hit on key: product_123
06:09:43 DEBUG - Database connection established
06:09:57 INFO - Request processed successfully
06:10:12 INFO - API response time: 45ms
06:10:26 INFO - Payment processed
06:10:41 WARN - Session created
06:10:55 WARN - Background job completed
06:11:09 ERROR - API response time: 45ms
06:11:24 ERROR - Email sent to user
06:11:38 DEBUG - Email sent to user
06:11:53 INFO - User authentication successful
06:12:07 ERROR - Cache hit on key: product_123
06:12:21 ERROR - Payment processed
06:12:36 DEBUG - User authentication successful
06:12:50 ERROR - Request processed successfully
06:13:05 DEBUG - Email sent to user
06:13:19 ERROR - Database connection established
06:13:33 WARN - Email sent to user
06:13:48 ERROR - Session created
06:14:02 DEBUG - File uploaded: document.pdf
06:14:17 DEBUG - Session created
06:14:31 WARN - API response time: 45ms
06:14:45 ERROR - Cache hit on key: product_123
06:15:00 WARN - Email sent to user
06:15:14 ERROR - API response time: 45ms
06:15:29 ERROR - Email sent to user
06:15:43 INFO - Payment processed
06:15:57 DEBUG - Background job completed
06:16:12 ERROR - Session created
06:16:26 ERROR - Session created
06:16:41 DEBUG - Background job completed
06:16:55 INFO - Request processed successfully
06:17:09 WARN - API response time: 45ms
06:17:24 DEBUG - API response time: 45ms
06:17:38 WARN - Background job completed
06:17:53 WARN - File uploaded: document.pdf
06:18:07 DEBUG - Background job completed
06:18:21 ERROR - File uploaded: document.pdf
06:18:36 ERROR - User authentication successful
06:18:50 ERROR - Session created
06:19:05 DEBUG - Request processed successfully
06:19:19 DEBUG - File uploaded: document.pdf
06:19:33 INFO - API response time: 45ms
06:19:48 ERROR - User authentication successful
06:20:02 WARN - API response time: 45ms
06:20:17 DEBUG - Database connection established
06:20:31 DEBUG - File uploaded: document.pdf
06:20:45 ERROR - Email sent to user
06:21:00 ERROR - API response time: 45ms
06:21:14 WARN - Session created
06:21:29 DEBUG - Email sent to user
06:21:43 WARN - Email sent to user
06:21:57 INFO - Session created
06:22:12 DEBUG - Background job completed
06:22:26 ERROR - Cache hit on key: product_123
06:22:41 ERROR - Database connection established
06:22:55 ERROR - Session created
06:23:09 ERROR - Cache hit on key: product_123
06:23:24 ERROR - Background job completed
06:23:38 DEBUG - Payment processed
06:23:53 DEBUG - API response time: 45ms
06:24:07 INFO - User authentication successful
06:24:21 ERROR - API response time: 45ms
06:24:36 INFO - File uploaded: document.pdf
06:24:50 DEBUG - Database connection established
06:25:05 WARN - Database connection established
06:25:19 WARN - Email sent to user
06:25:33 WARN - Request processed successfully
06:25:48 WARN - Background job completed
06:26:02 WARN - Payment processed
06:26:17 DEBUG - User authentication successful
06:26:31 INFO - Request processed successfully
06:26:45 WARN - Session created
06:27:00 DEBUG - Session created
06:27:14 DEBUG - Cache hit on key: product_123
06:27:29 WARN - File uploaded: document.pdf
06:27:43 DEBUG - Database connection established
06:27:57 INFO - Session created
06:28:12 DEBUG - Database connection established
06:28:26 WARN - File uploaded: document.pdf
06:28:41 WARN - Background job completed
06:28:55 WARN - Cache hit on key: product_123
06:29:09 WARN - User authentication successful
06:29:24 INFO - Session created
06:29:38 ERROR - Email sent to user
06:29:53 ERROR - Request processed successfully
06:30:07 DEBUG - Cache hit on key: product_123
06:30:21 DEBUG - File uploaded: document.pdf
06:30:36 WARN - Database connection established
06:30:50 INFO - Cache hit on key: product_123
06:31:05 DEBUG - Request processed successfully
06:31:19 INFO - Cache hit on key: product_123
06:31:33 INFO - Cache hit on key: product_123
06:31:48 ERROR - API response time: 45ms
06:32:02 DEBUG - Email sent to user
06:32:17 WARN - Background job completed
06:32:31 DEBUG - Request processed successfully
06:32:45 ERROR - Payment processed
06:33:00 INFO - Database connection established
06:33:14 WARN - API response time: 45ms
06:33:29 ERROR - Email sent to user
06:33:43 INFO - Payment processed
06:33:57 WARN - Payment processed
06:34:12 INFO - Background job completed
06:34:26 INFO - Request processed successfully
06:34:41 ERROR - API response time: 45ms
06:34:55 INFO - API response time: 45ms
06:35:09 WARN - File uploaded: document.pdf
06:35:24 ERROR - Email sent to user
06:35:38 WARN - Cache hit on key: product_123
06:35:53 INFO - Payment processed
06:36:07 DEBUG - Request processed successfully
06:36:21 ERROR - Database connection established
06:36:36 WARN - Cache hit on key: product_123
06:36:50 WARN - Session created
06:37:05 ERROR - Database connection established
06:37:19 INFO - Session created
06:37:33 INFO - API response time: 45ms
06:37:48 INFO - Cache hit on key: product_123
06:38:02 INFO - Cache hit on key: product_123
06:38:17 DEBUG - Cache hit on key: product_123
06:38:31 INFO - Background job completed
06:38:45 ERROR - API response time: 45ms
06:39:00 DEBUG - Database connection established
06:39:14 ERROR - Cache hit on key: product_123
06:39:29 WARN - Email sent to user
06:39:43 INFO - Database connection established
06:39:57 WARN - Cache hit on key: product_123
06:40:12 WARN - Session created
06:40:26 DEBUG - Background job completed
06:40:41 DEBUG - Database connection established
06:40:55 ERROR - Session created
06:41:09 WARN - File uploaded: document.pdf
06:41:24 INFO - Cache hit on key: product_123
06:41:38 DEBUG - API response time: 45ms
06:41:53 ERROR - Payment processed
06:42:07 INFO - Cache hit on key: product_123
06:42:21 WARN - API response time: 45ms
06:42:36 DEBUG - Session created
06:42:50 DEBUG - API response time: 45ms
06:43:05 INFO - File uploaded: document.pdf
06:43:19 DEBUG - API response time: 45ms
06:43:33 ERROR - Background job completed
06:43:48 WARN - Payment processed
06:44:02 ERROR - File uploaded: document.pdf
06:44:17 ERROR - Database connection established
06:44:31 ERROR - Payment processed
06:44:45 ERROR - API response time: 45ms
06:45:00 DEBUG - Session created
06:45:14 WARN - Request processed successfully
06:45:29 DEBUG - Background job completed
06:45:43 INFO - User authentication successful
06:45:57 WARN - Payment processed
06:46:12 INFO - User authentication successful
06:46:26 WARN - Session created
06:46:41 WARN - User authentication successful
06:46:55 INFO - Database connection established
06:47:09 ERROR - User authentication successful
06:47:24 INFO - Cache hit on key: product_123
06:47:38 INFO - API response time: 45ms
06:47:53 INFO - User authentication successful
06:48:07 ERROR - File uploaded: document.pdf
06:48:21 ERROR - API response time: 45ms
06:48:36 WARN - Email sent to user
06:48:50 DEBUG - Session created
06:49:05 INFO - File uploaded: document.pdf
06:49:19 WARN - Background job completed
06:49:33 ERROR - Payment processed
06:49:48 WARN - Session created
06:50:02 WARN - Session created
06:50:17 ERROR - Database connection established
06:50:31 INFO - User authentication successful
06:50:45 DEBUG - Request processed successfully
06:51:00 DEBUG - Cache hit on key: product_123
06:51:14 WARN - Email sent to user
06:51:29 ERROR - Payment processed
06:51:43 WARN - Cache hit on key: product_123
06:51:57 WARN - Session created
06:52:12 ERROR - Session created
06:52:26 ERROR - Request processed successfully
06:52:41 ERROR - Request processed successfully
06:52:55 DEBUG - Payment processed
06:53:09 WARN - Database connection established
06:53:24 WARN - Session created
06:53:38 INFO - File uploaded: document.pdf
06:53:53 WARN - API response time: 45ms
06:54:07 ERROR - API response time: 45ms
06:54:21 DEBUG - Session created
06:54:36 DEBUG - Session created
06:54:50 ERROR - Email sent to user
06:55:05 DEBUG - Email sent to user
06:55:19 ERROR - Payment processed
06:55:33 DEBUG - File uploaded: document.pdf
06:55:48 DEBUG - Cache hit on key: product_123
06:56:02 ERROR - Database connection established
06:56:17 INFO - User authentication successful
06:56:31 INFO - Email sent to user
06:56:45 WARN - File uploaded: document.pdf
06:57:00 WARN - Request processed successfully
06:57:14 ERROR - Cache hit on key: product_123
06:57:29 DEBUG - Payment processed
06:57:43 WARN - Session created
06:57:57 INFO - Cache hit on key: product_123
06:58:12 WARN - Cache hit on key: product_123
06:58:26 INFO - Payment processed
06:58:41 WARN - Request processed successfully
06:58:55 WARN - API response time: 45ms
06:59:09 ERROR - Request processed successfully
06:59:24 ERROR - File uploaded: document.pdf
06:59:38 INFO - User authentication successful
06:59:53 ERROR - Session created
07:00:07 ERROR - File uploaded: document.pdf
07:00:21 INFO - Background job completed
07:00:36 ERROR - Cache hit on key: product_123
07:00:50 DEBUG - Session created
07:01:05 ERROR - Payment processed
07:01:19 ERROR - Request processed successfully
07:01:33 WARN - API response time: 45ms
07:01:48 WARN - User authentication successful
07:02:02 ERROR - Payment processed
07:02:17 DEBUG - File uploaded: document.pdf
07:02:31 DEBUG - Background job completed
07:02:45 INFO - File uploaded: document.pdf
07:03:00 WARN - User authentication successful
07:03:14 WARN - File uploaded: document.pdf
07:03:29 WARN - Cache hit on key: product_123
07:03:43 ERROR - Session created
07:03:57 ERROR - Background job completed
07:04:12 DEBUG - Payment processed
07:04:26 ERROR - Request processed successfully
07:04:41 INFO - Email sent to user
07:04:55 INFO - API response time: 45ms
07:05:09 DEBUG - API response time: 45ms
07:05:24 WARN - API response time: 45ms
07:05:38 DEBUG - Background job completed
07:05:53 INFO - Background job completed
07:06:07 WARN - Session created
07:06:21 INFO - Request processed successfully
07:06:36 INFO - Cache hit on key: product_123
07:06:50 WARN - Database connection established
07:07:05 DEBUG - Background job completed
07:07:19 INFO - User authentication successful
07:07:33 ERROR - Payment processed
07:07:48 DEBUG - Background job completed
07:08:02 INFO - Email sent to user
07:08:17 INFO - Request processed successfully
07:08:31 INFO - Database connection established
07:08:45 ERROR - API response time: 45ms
07:09:00 DEBUG - Session created
07:09:14 ERROR - Session created
07:09:29 ERROR - Email sent to user
07:09:43 INFO - Email sent to user
07:09:57 ERROR - Background job completed
07:10:12 WARN - Cache hit on key: product_123
07:10:26 WARN - Background job completed
07:10:41 ERROR - Cache hit on key: product_123
07:10:55 DEBUG - User authentication successful
07:11:09 WARN - User authentication successful
07:11:24 INFO - Background job completed
07:11:38 DEBUG - Payment processed
07:11:53 ERROR - Background job completed
07:12:07 WARN - API response time: 45ms
07:12:21 WARN - User authentication successful
07:12:36 ERROR - API response time: 45ms
07:12:50 ERROR - Database connection established
07:13:05 INFO - User authentication successful
07:13:19 ERROR - Payment processed
07:13:33 DEBUG - Cache hit on key: product_123
07:13:48 INFO - File uploaded: document.pdf
07:14:02 WARN - Email sent to user
07:14:17 DEBUG - User authentication successful
07:14:31 DEBUG - Cache hit on key: product_123
07:14:45 ERROR - Cache hit on key: product_123
07:15:00 WARN - Cache hit on key: product_123
07:15:14 ERROR - User authentication successful
07:15:29 WARN - File uploaded: document.pdf
07:15:43 ERROR - Email sent to user
07:15:57 INFO - API response time: 45ms
07:16:12 INFO - Payment processed
07:16:26 WARN - Payment processed
07:16:41 DEBUG - Request processed successfully
07:16:55 DEBUG - User authentication successful
07:17:09 ERROR - Payment processed
07:17:24 WARN - Cache hit on key: product_123
07:17:38 WARN - API response time: 45ms
07:17:53 INFO - Payment processed
07:18:07 INFO - Cache hit on key: product_123
07:18:21 ERROR - Email sent to user
07:18:36 ERROR - Email sent to user
07:18:50 WARN - Payment processed
07:19:05 WARN - Payment processed
07:19:19 DEBUG - Email sent to user
07:19:33 WARN - Payment processed
07:19:48 DEBUG - Payment processed
07:20:02 WARN - Background job completed
07:20:17 WARN - Cache hit on key: product_123
07:20:31 ERROR - Request processed successfully
07:20:45 DEBUG - Email sent to user
07:21:00 WARN - API response time: 45ms
07:21:14 DEBUG - File uploaded: document.pdf
07:21:29 DEBUG - File uploaded: document.pdf
07:21:43 ERROR - API response time: 45ms
07:21:57 WARN - User authentication successful
07:22:12 DEBUG - Database connection established
07:22:26 DEBUG - Email sent to user
07:22:41 DEBUG - Email sent to user
07:22:55 WARN - Email sent to user
07:23:09 DEBUG - Database connection established
07:23:24 DEBUG - Background job completed
07:23:38 WARN - File uploaded: document.pdf
07:23:53 ERROR - Request processed successfully
07:24:07 ERROR - User authentication successful
07:24:21 WARN - User authentication successful
07:24:36 INFO - File uploaded: document.pdf
07:24:50 WARN - User authentication successful
07:25:05 WARN - Background job completed
07:25:19 WARN - Email sent to user
07:25:33 DEBUG - User authentication successful
07:25:48 DEBUG - File uploaded: document.pdf
07:26:02 WARN - Email sent to user
07:26:17 WARN - Payment processed
07:26:31 INFO - Request processed successfully
07:26:45 ERROR - User authentication successful
07:27:00 INFO - Background job completed
07:27:14 WARN - Payment processed
07:27:29 DEBUG - Email sent to user
07:27:43 ERROR - Session created
07:27:57 WARN - Database connection established
07:28:12 INFO - Session created
07:28:26 ERROR - Payment processed
07:28:41 WARN - Payment processed
07:28:55 WARN - API response time: 45ms
07:29:09 WARN - Database connection established
07:29:24 INFO - API response time: 45ms
07:29:38 DEBUG - File uploaded: document.pdf
07:29:53 DEBUG - Background job completed
07:30:07 INFO - Payment processed
07:30:21 ERROR - User authentication successful
07:30:36 DEBUG - Request processed successfully
07:30:50 WARN - File uploaded: document.pdf
07:31:05 INFO - Email sent to user
07:31:19 WARN - Background job completed
07:31:33 ERROR - User authentication successful
07:31:48 WARN - Session created
07:32:02 DEBUG - Payment processed
07:32:17 ERROR - API response time: 45ms
07:32:31 ERROR - API response time: 45ms
07:32:45 WARN - Payment processed
07:33:00 INFO - File uploaded: document.pdf
07:33:14 INFO - API response time: 45ms
07:33:29 ERROR - Database connection established
07:33:43 DEBUG - Database connection established
07:33:57 WARN - Payment processed
07:34:12 ERROR - Database connection established
07:34:26 INFO - Payment processed
07:34:41 DEBUG - File uploaded: document.pdf
07:34:55 WARN - Session created
07:35:09 DEBUG - Request processed successfully
07:35:24 ERROR - Database connection established
07:35:38 DEBUG - User authentication successful
07:35:53 WARN - Email sent to user
07:36:07 INFO - Background job completed
07:36:21 WARN - User authentication successful
07:36:36 DEBUG - Background job completed
07:36:50 WARN - Database connection established
07:37:05 INFO - Email sent to user
07:37:19 ERROR - Request processed successfully
07:37:33 DEBUG - Session created
07:37:48 DEBUG - API response time: 45ms
07:38:02 WARN - User authentication successful
07:38:17 WARN - Database connection established
07:38:31 ERROR - Payment processed
