1759466325 DEBUG - User authentication successful
1759466340 INFO - Database connection established
1759466354 ERROR - Payment processed
1759466369 DEBUG - Request processed successfully
1759466383 INFO - Background job completed
1759466397 DEBUG - Session created
1759466412 WARN - Session created
1759466426 WARN - Payment processed
1759466441 WARN - Email sent to user
1759466455 INFO - API response time: 45ms
1759466469 ERROR - Background job completed
1759466484 WARN - Payment processed
1759466498 INFO - Background job completed
1759466513 ERROR - Database connection established
1759466527 DEBUG - Session created
1759466541 WARN - Background job completed
1759466556 INFO - Request processed successfully
1759466570 ERROR - API response time: 45ms
1759466585 ERROR - User authentication successful
1759466599 ERROR - Background job completed
1759466613 WARN - Session created
1759466628 ERROR - Background job completed
1759466642 DEBUG - Cache hit on key: product_123
1759466657 ERROR - Database connection established
1759466671 INFO - Email sent to user
1759466685 DEBUG - Database connection established
1759466700 WARN - Session created
1759466714 ERROR - Payment processed
1759466729 INFO - Database connection established
1759466743 WARN - Payment processed
1759466757 INFO - User authentication successful
1759466772 DEBUG - User authentication successful
1759466786 DEBUG - Database connection established
1759466801 ERROR - Session created
1759466815 DEBUG - Payment processed
1759466829 DEBUG - Background job completed
1759466844 INFO - User authentication successful
1759466858 INFO - Background job completed
1759466873 INFO - Email sent to user
1759466887 ERROR - Database connection established
1759466901 DEBUG - Session created
1759466916 INFO - Email sent to user
1759466930 WARN - Background job completed
1759466945 ERROR - Session created
1759466959 DEBUG - Session created
1759466973 ERROR - Session created
1759466988 DEBUG - User authentication successful
1759467002 INFO - Database connection established
1759467017 INFO - User authentication successful
1759467031 ERROR - User authentication successful
1759467045 DEBUG - Background job completed
1759467060 DEBUG - Cache hit on key: product_123
1759467074 INFO - Request processed successfully
1759467089 DEBUG - Cache hit on key: product_123
1759467103 ERROR - Email sent to user
1759467117 DEBUG - Background job completed
1759467132 ERROR - Session created
1759467146 DEBUG - Database connection established
1759467161 WARN - API response time: 45ms
1759467175 ERROR - Database connection established
1759467189 ERROR - File uploaded: document.pdf
1759467204 DEBUG - Cache hit on key: product_123
1759467218 ERROR - Cache hit on key: product_123
1759467233 INFO - Database connection established
1759467247 DEBUG - Cache hit on key: product_123
1759467261 DEBUG - Request processed successfully
1759467276 WARN - Database connection established
1759467290 INFO - API response time: 45ms
1759467305 WARN - File uploaded: document.pdf
1759467319 WARN - Payment processed
1759467333 INFO - Session created
1759467348 INFO - Payment processed
1759467362 INFO - Payment processed
1759467377 WARN - Payment processed
1759467391 INFO - Payment processed
1759467405 WARN - Database connection established
1759467420 DEBUG - API response time: 45ms
1759467434 INFO - API response time: 45ms
1759467449 WARN - User authentication successful
1759467463 INFO - File uploaded: document.pdf
1759467477 INFO - Email sent to user
1759467492 WARN - Cache hit on key: product_123
1759467506 INFO - Email sent to user
1759467521 INFO - Database connection established
1759467535 WARN - API response time: 45ms
1759467549 WARN - Cache hit on key: product_123
1759467564 WARN - User authentication successful
1759467578 ERROR - Background job completed
1759467593 ERROR - Payment processed
1759467607 ERROR - Email sent to user
1759467621 WARN - User authentication successful
1759467636 ERROR - Background job completed
1759467650 ERROR - User authentication successful
1759467665 DEBUG - Email sent to user
1759467679 WARN - User authentication successful
1759467693 ERROR - Background job completed
1759467708 ERROR - Background job completed
1759467722 WARN - Session created
1759467737 DEBUG - Cache hit on key: product_123
1759467751 WARN - User authentication successful
1759467765 DEBUG - Database connection established
1759467780 ERROR - User authentication successful
1759467794 INFO - User authentication successful
1759467809 WARN - Payment processed
1759467823 INFO - Session created
1759467837 WARN - User authentication successful
1759467852 INFO - API response time: 45ms
1759467866 INFO - Database connection established
1759467881 ERROR - Background job completed
1759467895 WARN - File uploaded: document.pdf
1759467909 WARN - User authentication successful
1759467924 ERROR - Database connection established
1759467938 WARN - Database connection established
1759467953 ERROR - Background job completed
1759467967 WARN - Email sent to user
1759467981 ERROR - Database connection established
1759467996 DEBUG - Background job completed
1759468010 WARN - Background job completed
1759468025 DEBUG - Cache hit on key: product_123
1759468039 INFO - Cache hit on key: product_123
1759468053 ERROR - Database connection established
1759468068 WARN - File uploaded: document.pdf
1759468082 DEBUG - Session created
1759468097 WARN - File uploaded: document.pdf
1759468111 ERROR - Email sent to user
1759468125 ERROR - File uploaded: document.pdf
1759468140 ERROR - Session created
1759468154 WARN - Payment processed
1759468169 ERROR - Email sent to user
1759468183 INFO - Database connection established
1759468197 INFO - API response time: 45ms
1759468212 DEBUG - Session created
1759468226 INFO - API response time: 45ms
1759468241 ERROR - Request processed successfully
1759468255 INFO - File uploaded: document.pdf
1759468269 ERROR - User authentication successful
1759468284 DEBUG - Request processed successfully
1759468298 INFO - API response time: 45ms
1759468313 INFO - User authentication successful
1759468327 ERROR - Session created
1759468341 DEBUG - Database connection established
1759468356 ERROR - Payment processed
1759468370 WARN - User authentication successful
1759468385 INFO - Background job completed
1759468399 WARN - Background job completed
1759468413 INFO - Payment processed
1759468428 INFO - Database connection established
1759468442 DEBUG - File uploaded: document.pdf
1759468457 DEBUG - Cache hit on key: product_123
1759468471 WARN - Session created
1759468485 INFO - Background job completed
1759468500 WARN - Database connection established
1759468514 ERROR - Payment processed
1759468529 WARN - Database connection established
1759468543 DEBUG - Cache hit on key: product_123
1759468557 WARN - Request processed successfully
1759468572 WARN - Payment processed
1759468586 DEBUG - Background job completed
1759468601 INFO - API response time: 45ms
1759468615 ERROR - Email sent to user
1759468629 INFO - Request processed successfully
1759468644 INFO - Payment processed
1759468658 ERROR - File uploaded: document.pdf
1759468673 INFO - Cache hit on key: product_123
1759468687 ERROR - Database connection established
1759468701 DEBUG - API response time: 45ms
1759468716 DEBUG - API response time: 45ms
1759468730 ERROR - Request processed successfully
1759468745 ERROR - User authentication successful
1759468759 INFO - Request processed successfully
1759468773 DEBUG - Cache hit on key: product_123
1759468788 ERROR - User authentication successful
1759468802 WARN - Session created
1759468817 INFO - File uploaded: document.pdf
1759468831 WARN - User authentication successful
1759468845 ERROR - Session created
1759468860 DEBUG - Email sent to user
1759468874 ERROR - Background job completed
1759468889 DEBUG - Request processed successfully
1759468903 DEBUG - Session created
1759468917 ERROR - File uploaded: document.pdf
1759468932 INFO - File uploaded: document.pdf
1759468946 DEBUG - Payment processed
1759468961 DEBUG - File uploaded: document.pdf
1759468975 INFO - API response time: 45ms
1759468989 WARN - Request processed successfully
1759469004 INFO - API response time: 45ms
1759469018 WARN - Payment processed
1759469033 INFO - User authentication successful
1759469047 INFO - Payment processed
1759469061 WARN - Cache hit on key: product_123
1759469076 WARN - File uploaded: document.pdf
1759469090 DEBUG - File uploaded: document.pdf
1759469105 WARN - File uploaded: document.pdf
1759469119 ERROR - Request processed successfully
1759469133 INFO - File uploaded: document.pdf
1759469148 INFO - Request processed successfully
1759469162 WARN - Payment processed
1759469177 ERROR - API response time: 45ms
1759469191 INFO - Database connection established
1759469205 ERROR - Session created
1759469220 INFO - User authentication successful
1759469234 DEBUG - Email sent to user
1759469249 WARN - Cache hit on key: product_123
1759469263 ERROR - User authentication successful
1759469277 WARN - Payment processed
1759469292 WARN - Request processed successfully
1759469306 DEBUG - File uploaded: document.pdf
1759469321 DEBUG - Database connection established
1759469335 WARN - Email sent to user
1759469349 INFO - Email sent to user
1759469364 DEBUG - Payment processed
1759469378 WARN - Payment processed
1759469393 INFO - Email sent to user
1759469407 ERROR - Background job completed
1759469421 DEBUG - Payment processed
1759469436 ERROR - Email sent to user
1759469450 WARN - User authentication successful
1759469465 WARN - Database connection established
1759469479 DEBUG - Email sent to user
1759469493 WARN - Session created
1759469508 ERROR - Request processed successfully
1759469522 DEBUG - Cache hit on key: product_123
1759469537 WARN - Database connection established
1759469551 WARN - Background job completed
1759469565 INFO - API response time: 45ms
1759469580 WARN - File uploaded: document.pdf
1759469594 WARN - User authentication successful
1759469609 ERROR - Database connection established
1759469623 WARN - Payment processed
1759469637 ERROR - Database connection established
1759469652 WARN - Database connection established
1759469666 INFO - Request processed successfully
1759469681 ERROR - Request processed successfully
1759469695 ERROR - Request processed successfully
1759469709 INFO - Background job completed
1759469724 INFO - API response time: 45ms
1759469738 ERROR - Session created
1759469753 INFO - Request processed successfully
1759469767 WARN - Email sent to user
1759469781 DEBUG - Database connection established
1759469796 ERROR - File uploaded: document.pdf
1759469810 INFO - Session created
1759469825 INFO - Email sent to user
1759469839 DEBUG - Database connection established
1759469853 INFO - Request processed successfully
1759469868 INFO - Session created
1759469882 WARN - Request processed successfully
1759469897 DEBUG - Cache hit on key: product_123
1759469911 ERROR - Email sent to user
1759469925 ERROR - API response time: 45ms
1759469940 WARN - User authentication successful
1759469954 DEBUG - Request processed successfully
1759469969 ERROR - Cache hit on key: product_123
1759469983 DEBUG - Payment processed
1759469997 DEBUG - Session created
1759470012 DEBUG - File uploaded: document.pdf
1759470026 WARN - Email sent to user
1759470041 DEBUG - Email sent to user
1759470055 WARN - Background job completed
1759470069 WARN - Request processed successfully
1759470084 DEBUG - Database connection established
1759470098 DEBUG - Request processed successfully
1759470113 INFO - Session created
1759470127 DEBUG - Payment processed
1759470141 INFO - Email sent to user
1759470156 INFO - Cache hit on key: product_123
1759470170 ERROR - Email sent to user
1759470185 DEBUG - Cache hit on key: product_123
1759470199 INFO - Email sent to user
1759470213 ERROR - Database connection established
1759470228 DEBUG - API response time: 45ms
1759470242 ERROR - API response time: 45ms
1759470257 ERROR - API response time: 45ms
1759470271 DEBUG - Email sent to user
1759470285 DEBUG - Database connection established
1759470300 ERROR - Request processed successfully
1759470314 DEBUG - Email sent to user
1759470329 ERROR - Database connection established
1759470343 ERROR - Background job completed
1759470357 ERROR - Request processed successfully
1759470372 WARN - User authentication successful
1759470386 WARN - Session created
1759470401 DEBUG - User authentication successful
1759470415 ERROR - File uploaded: document.pdf
1759470429 INFO - Background job completed
1759470444 DEBUG - Cache hit on key: product_123
1759470458 DEBUG - Database connection established
1759470473 WARN - User authentication successful
1759470487 DEBUG - Session created
1759470501 ERROR - Cache hit on key: product_123
1759470516 ERROR - Request processed successfully
1759470530 DEBUG - Session created
1759470545 INFO - API response time: 45ms
1759470559 DEBUG - Session created
1759470573 WARN - Payment processed
1759470588 WARN - File uploaded: document.pdf
1759470602 DEBUG - File uploaded: document.pdf
1759470617 ERROR - Database connection established
1759470631 INFO - User authentication successful
1759470645 INFO - Background job completed
1759470660 INFO - File uploaded: document.pdf
1759470674 DEBUG - API response time: 45ms
1759470689 INFO - Database connection established
1759470703 ERROR - User authentication successful
1759470717 DEBUG - Request processed successfully
1759470732 ERROR - API response time: 45ms
1759470746 WARN - Cache hit on key: product_123
1759470761 ERROR - Email sent to user
1759470775 INFO - API response time: 45ms
1759470789 ERROR - File uploaded: document.pdf
1759470804 ERROR - API response time: 45ms
1759470818 DEBUG - Cache hit on key: product_123
1759470833 WARN - File uploaded: document.pdf
1759470847 INFO - Payment processed
1759470861 ERROR - Session created
1759470876 INFO - API response time: 45ms
1759470890 WARN - Payment processed
1759470905 INFO - User authentication successful
1759470919 INFO - File uploaded: document.pdf
1759470933 WARN - User authentication successful
1759470948 ERROR - User authentication successful
1759470962 ERROR - Payment processed
1759470977 WARN - Database connection established
1759470991 WARN - User authentication successful
1759471005 WARN - Cache hit on key: product_123
1759471020 WARN - File uploaded: document.pdf
1759471034 ERROR - Session created
1759471049 WARN - Payment processed
1759471063 ERROR - User authentication successful
1759471077 WARN - File uploaded: document.pdf
1759471092 DEBUG - Cache hit on key: product_123
1759471106 DEBUG - Payment processed
1759471121 INFO - Database connection established
1759471135 ERROR - Request processed successfully
1759471149 DEBUG - Session created
1759471164 ERROR - Session created
1759471178 WARN - User authentication successful
1759471193 WARN - File uploaded: document.pdf
1759471207 ERROR - User authentication successful
1759471221 WARN - Request processed successfully
1759471236 DEBUG - Request processed successfully
1759471250 WARN - File uploaded: document.pdf
1759471265 INFO - Email sent to user
1759471279 ERROR - API response time: 45ms
1759471293 INFO - API response time: 45ms
1759471308 DEBUG - API response time: 45ms
1759471322 WARN - Cache hit on key: product_123
1759471337 WARN - API response time: 45ms
1759471351 ERROR - File uploaded: document.pdf
1759471365 WARN - Email sent to user
1759471380 WARN - Background job completed
1759471394 INFO - Session created
1759471409 INFO - Session created
1759471423 DEBUG - Request processed successfully
1759471437 DEBUG - Email sent to user
1759471452 DEBUG - File uploaded: document.pdf
1759471466 INFO - Request processed successfully
1759471481 INFO - API response time: 45ms
1759471495 DEBUG - User authentication successful
1759471509 ERROR - Database connection established
1759471524 WARN - File uploaded: document.pdf
1759471538 ERROR - Request processed successfully
1759471553 INFO - Email sent to user
1759471567 INFO - Payment processed
1759471581 DEBUG - Payment processed
1759471596 ERROR - User authentication successful
1759471610 DEBUG - User authentication successful
1759471625 ERROR - Session created
1759471639 ERROR - Session created
1759471653 ERROR - User authentication successful
1759471668 WARN - Payment processed
1759471682 DEBUG - User authentication successful
1759471697 ERROR - File uploaded: document.pdf
1759471711 DEBUG - API response time: 45ms
1759471725 INFO - Database connection established
1759471740 INFO - File uploaded: document.pdf
1759471754 WARN - Background job completed
1759471769 DEBUG - Database connection established
1759471783 ERROR - Background job completed
1759471797 ERROR - File uploaded: document.pdf
1759471812 ERROR - API response time: 45ms
1759471826 DEBUG - Request processed successfully
1759471841 DEBUG - Payment processed
1759471855 DEBUG - User authentication successful
1759471869 WARN - Email sent to user
1759471884 WARN - Session created
1759471898 DEBUG - File uploaded: document.pdf
1759471913 ERROR - Email sent to user
1759471927 WARN - Email sent to user
1759471941 DEBUG - Email sent to user
1759471956 WARN - Request processed successfully
1759471970 INFO - Database connection established
1759471985 INFO - Database connection established
1759471999 ERROR - API response time: 45ms
1759472013 WARN - Payment processed
1759472028 ERROR - Session created
1759472042 DEBUG - File uploaded: document.pdf
1759472057 DEBUG - Email sent to user
1759472071 WARN - Payment processed
1759472085 INFO - Background job completed
1759472100 INFO - Payment processed
1759472114 DEBUG - Request processed successfully
1759472129 DEBUG - Request processed successfully
1759472143 INFO - Database connection established
1759472157 DEBUG - Cache hit on key: product_123
1759472172 ERROR - Background job completed
1759472186 DEBUG - Session created
1759472201 DEBUG - File uploaded: document.pdf
1759472215 ERROR - Cache hit on key: product_123
1759472229 INFO - Request processed successfully
1759472244 DEBUG - Session created
1759472258 WARN - Request processed successfully
1759472273 WARN - Request processed successfully
1759472287 ERROR - API response time: 45ms
1759472301 DEBUG - User authentication successful
1759472316 WARN - Cache hit on key: product_123
1759472330 WARN - Email sent to user
1759472345 DEBUG - File uploaded: document.pdf
1759472359 INFO - API response time: 45ms
1759472373 DEBUG - API response time: 45ms
1759472388 ERROR - Cache hit on key: product_123
1759472402 WARN - User authentication successful
1759472417 DEBUG - Email sent to user
1759472431 WARN - Database connection established
1759472445 INFO - API response time: 45ms
1759472460 DEBUG - Background job completed
1759472474 INFO - File uploaded: document.pdf
1759472489 INFO - Database connection established
1759472503 DEBUG - Payment processed
1759472517 WARN - User authentication successful
1759472532 DEBUG - Request processed successfully
1759472546 DEBUG - API response time: 45ms
1759472561 INFO - File uploaded: document.pdf
1759472575 DEBUG - Cache hit on key: product_123
1759472589 WARN - API response time: 45ms
1759472604 WARN - Payment processed
1759472618 DEBUG - Session created
1759472633 ERROR - Payment processed
1759472647 WARN - Cache hit on key: product_123
1759472661 ERROR - Payment processed
1759472676 ERROR - Email sent to user
1759472690 INFO - Session created
1759472705 DEBUG - Database connection established
1759472719 INFO - Session created
1759472733 DEBUG - Email sent to user
1759472748 INFO - Request processed successfully
1759472762 DEBUG - Session created
1759472777 WARN - Request processed successfully
1759472791 INFO - File uploaded: document.pdf
1759472805 ERROR - Background job completed
1759472820 INFO - Database connection established
1759472834 WARN - Background job completed
1759472849 WARN - Cache hit on key: product_123
1759472863 ERROR - Background job completed
1759472877 INFO - Request processed successfully
1759472892 DEBUG - Payment processed
1759472906 INFO - Cache hit on key: product_123
1759472921 DEBUG - Cache hit on key: product_123
1759472935 WARN - Request processed successfully
1759472949 DEBUG - Request processed successfully
1759472964 INFO - Email sent to user
1759472978 DEBUG - Cache hit on key: product_123
1759472993 DEBUG - Cache hit on key: product_123
1759473007 ERROR - API response time: 45ms
1759473021 ERROR - User authentication successful
1759473036 DEBUG - Payment processed
1759473050 DEBUG - File uploaded: document.pdf
1759473065 DEBUG - Background job completed
1759473079 ERROR - Email sent to user
1759473093 ERROR - API response time: 45ms
1759473108 INFO - Payment processed
1759473122 DEBUG - API response time: 45ms
1759473137 DEBUG - Database connection established
1759473151 ERROR - Background job completed
1759473165 ERROR - User authentication successful
1759473180 WARN - Cache hit on key: product_123
1759473194 DEBUG - Session created
1759473209 WARN - Request processed successfully
1759473223 ERROR - Session created
1759473237 INFO - File uploaded: document.pdf
1759473252 WARN - Session created
1759473266 DEBUG - Cache hit on key: product_123
1759473281 INFO - Email sent to user
1759473295 DEBUG - Email sent to user
1759473309 DEBUG - Cache hit on key: product_123
1759473324 ERROR - Database connection established
1759473338 DEBUG - Email sent to user
1759473353 INFO - File uploaded: document.pdf
1759473367 INFO - Request processed successfully
1759473381 WARN - User authentication successful
1759473396 WARN - User authentication successful
1759473410 DEBUG - Session created
1759473425 INFO - Request processed successfully
1759473439 ERROR - Database connection established
1759473453 ERROR - Session created
1759473468 ERROR - Cache hit on key: product_123
1759473482 DEBUG - API response time: 45ms
1759473497 INFO - User authentication successful
1759473511 WARN - Request processed successfully
