10/03/2025 05:38:45 INFO - Email sent to user
10/03/2025 05:39:00 INFO - API response time: 45ms
10/03/2025 05:39:14 DEBUG - File uploaded: document.pdf
10/03/2025 05:39:29 ERROR - Request processed successfully
10/03/2025 05:39:43 ERROR - Email sent to user
10/03/2025 05:39:57 ERROR - Background job completed
10/03/2025 05:40:12 WARN - Session created
10/03/2025 05:40:26 DEBUG - Email sent to user
10/03/2025 05:40:41 WARN - Database connection established
10/03/2025 05:40:55 WARN - User authentication successful
10/03/2025 05:41:09 WARN - Database connection established
10/03/2025 05:41:24 INFO - Request processed successfully
10/03/2025 05:41:38 INFO - Background job completed
10/03/2025 05:41:53 DEBUG - Cache hit on key: product_123
10/03/2025 05:42:07 ERROR - API response time: 45ms
10/03/2025 05:42:21 WARN - Payment processed
10/03/2025 05:42:36 WARN - Email sent to user
10/03/2025 05:42:50 WARN - File uploaded: document.pdf
10/03/2025 05:43:05 DEBUG - API response time: 45ms
10/03/2025 05:43:19 DEBUG - User authentication successful
10/03/2025 05:43:33 DEBUG - Request processed successfully
10/03/2025 05:43:48 ERROR - Cache hit on key: product_123
10/03/2025 05:44:02 ERROR - API response time: 45ms
10/03/2025 05:44:17 DEBUG - File uploaded: document.pdf
10/03/2025 05:44:31 WARN - Background job completed
10/03/2025 05:44:45 WARN - Session created
10/03/2025 05:45:00 WARN - File uploaded: document.pdf
10/03/2025 05:45:14 WARN - Database connection established
10/03/2025 05:45:29 DEBUG - Background job completed
10/03/2025 05:45:43 INFO - API response time: 45ms
10/03/2025 05:45:57 DEBUG - Request processed successfully
10/03/2025 05:46:12 WARN - File uploaded: document.pdf
10/03/2025 05:46:26 ERROR - Background job completed
10/03/2025 05:46:41 DEBUG - Cache hit on key: product_123
10/03/2025 05:46:55 WARN - File uploaded: document.pdf
10/03/2025 05:47:09 INFO - Database connection established
10/03/2025 05:47:24 WARN - Cache hit on key: product_123
10/03/2025 05:47:38 DEBUG - User authentication successful
10/03/2025 05:47:53 INFO - Payment processed
10/03/2025 05:48:07 WARN - Cache hit on key: product_123
10/03/2025 05:48:21 WARN - API response time: 45ms
10/03/2025 05:48:36 WARN - File uploaded: document.pdf
10/03/2025 05:48:50 WARN - Background job completed
10/03/2025 05:49:05 DEBUG - Request processed successfully
10/03/2025 05:49:19 ERROR - Background job completed
10/03/2025 05:49:33 WARN - Database connection established
10/03/2025 05:49:48 WARN - Background job completed
10/03/2025 05:50:02 INFO - Request processed successfully
10/03/2025 05:50:17 DEBUG - Background job completed
10/03/2025 05:50:31 DEBUG - File uploaded: document.pdf
10/03/2025 05:50:45 DEBUG - Email sent to user
10/03/2025 05:51:00 DEBUG - Session created
10/03/2025 05:51:14 WARN - User authentication successful
10/03/2025 05:51:29 ERROR - Email sent to user
10/03/2025 05:51:43 INFO - Session created
10/03/2025 05:51:57 INFO - Database connection established
10/03/2025 05:52:12 WARN - Request processed successfully
10/03/2025 05:52:26 WARN - Cache hit on key: product_123
10/03/2025 05:52:41 WARN - Cache hit on key: product_123
10/03/2025 05:52:55 DEBUG - Session created
10/03/2025 05:53:09 ERROR - File uploaded: document.pdf
10/03/2025 05:53:24 WARN - API response time: 45ms
10/03/2025 05:53:38 DEBUG - Cache hit on key: product_123
10/03/2025 05:53:53 INFO - File uploaded: document.pdf
10/03/2025 05:54:07 INFO - Session created
10/03/2025 05:54:21 ERROR - Session created
10/03/2025 05:54:36 DEBUG - Cache hit on key: product_123
10/03/2025 05:54:50 DEBUG - Cache hit on key: product_123
10/03/2025 05:55:05 ERROR - Payment processed
10/03/2025 05:55:19 INFO - Cache hit on key: product_123
10/03/2025 05:55:33 INFO - Payment processed
10/03/2025 05:55:48 DEBUG - Session created
10/03/2025 05:56:02 WARN - Session created
10/03/2025 05:56:17 WARN - Payment processed
10/03/2025 05:56:31 DEBUG - Email sent to user
10/03/2025 05:56:45 ERROR - Cache hit on key: product_123
10/03/2025 05:57:00 ERROR - Request processed successfully
10/03/2025 05:57:14 ERROR - User authentication successful
10/03/2025 05:57:29 DEBUG - Cache hit on key: product_123
10/03/2025 05:57:43 INFO - File uploaded: document.pdf
10/03/2025 05:57:57 WARN - API response time: 45ms
10/03/2025 05:58:12 INFO - Request processed successfully
10/03/2025 05:58:26 WARN - User authentication successful
10/03/2025 05:58:41 INFO - File uploaded: document.pdf
10/03/2025 05:58:55 WARN - API response time: 45ms
10/03/2025 05:59:09 DEBUG - Email sent to user
10/03/2025 05:59:24 WARN - Payment processed
10/03/2025 05:59:38 ERROR - Payment processed
10/03/2025 05:59:53 INFO - Payment processed
10/03/2025 06:00:07 WARN - Request processed successfully
10/03/2025 06:00:21 WARN - Database connection established
10/03/2025 06:00:36 INFO - File uploaded: document.pdf
10/03/2025 06:00:50 DEBUG - Cache hit on key: product_123
10/03/2025 06:01:05 ERROR - API response time: 45ms
10/03/2025 06:01:19 DEBUG - Request processed successfully
10/03/2025 06:01:33 DEBUG - File uploaded: document.pdf
10/03/2025 06:01:48 ERROR - Payment processed
10/03/2025 06:02:02 ERROR - Cache hit on key: product_123
10/03/2025 06:02:17 ERROR - API response time: 45ms
10/03/2025 06:02:31 WARN - Cache hit on key: product_123
10/03/2025 06:02:45 ERROR - Database connection established
10/03/2025 06:03:00 WARN - Cache hit on key: product_123
10/03/2025 06:03:14 INFO - User authentication successful
10/03/2025 06:03:29 INFO - Email sent to user
10/03/2025 06:03:43 DEBUG - Background job completed
10/03/2025 06:03:57 WARN - Email sent to user
10/03/2025 06:04:12 INFO - Email sent to user
10/03/2025 06:04:26 DEBUG - Request processed successfully
10/03/2025 06:04:41 ERROR - Payment processed
10/03/2025 06:04:55 WARN - Payment processed
10/03/2025 06:05:09 INFO - Request processed successfully
10/03/2025 06:05:24 INFO - Session created
10/03/2025 06:05:38 INFO - Session created
10/03/2025 06:05:53 WARN - Request processed successfully
10/03/2025 06:06:07 DEBUG - Background job completed
10/03/2025 06:06:21 ERROR - Request processed successfully
10/03/2025 06:06:36 WARN - Background job completed
10/03/2025 06:06:50 WARN - Database connection established
10/03/2025 06:07:05 WARN - Session created
10/03/2025 06:07:19 INFO - Request processed successfully
10/03/2025 06:07:33 DEBUG - Request processed successfully
10/03/2025 06:07:48 ERROR - User authentication successful
10/03/2025 06:08:02 DEBUG - Cache hit on key: product_123
10/03/2025 06:08:17 INFO - User authentication successful
10/03/2025 06:08:31 ERROR - Request processed successfully
10/03/2025 06:08:45 INFO - API response time: 45ms
10/03/2025 06:09:00 INFO - Cache hit on key: product_123
10/03/2025 06:09:14 WARN - Session created
10/03/2025 06:09:29 DEBUG - API response time: 45ms
10/03/2025 06:09:43 DEBUG - File uploaded: document.pdf
10/03/2025 06:09:57 WARN - File uploaded: document.pdf
10/03/2025 06:10:12 ERROR - Session created
10/03/2025 06:10:26 INFO - Email sent to user
10/03/2025 06:10:41 WARN - Cache hit on key: product_123
10/03/2025 06:10:55 DEBUG - Email sent to user
10/03/2025 06:11:09 WARN - User authentication successful
10/03/2025 06:11:24 INFO - Database connection established
10/03/2025 06:11:38 INFO - Background job completed
10/03/2025 06:11:53 DEBUG - Request processed successfully
10/03/2025 06:12:07 DEBUG - Background job completed
10/03/2025 06:12:21 INFO - Database connection established
10/03/2025 06:12:36 ERROR - Background job completed
10/03/2025 06:12:50 DEBUG - Database connection established
10/03/2025 06:13:05 INFO - Database connection established
10/03/2025 06:13:19 INFO - Payment processed
10/03/2025 06:13:33 INFO - Payment processed
10/03/2025 06:13:48 INFO - File uploaded: document.pdf
10/03/2025 06:14:02 WARN - Session created
10/03/2025 06:14:17 ERROR - User authentication successful
10/03/2025 06:14:31 DEBUG - Payment processed
10/03/2025 06:14:45 INFO - Cache hit on key: product_123
10/03/2025 06:15:00 DEBUG - Database connection established
10/03/2025 06:15:14 DEBUG - Email sent to user
10/03/2025 06:15:29 INFO - Request processed successfully
10/03/2025 06:15:43 ERROR - Background job completed
10/03/2025 06:15:57 DEBUG - Session created
10/03/2025 06:16:12 WARN - Database connection established
10/03/2025 06:16:26 INFO - Email sent to user
10/03/2025 06:16:41 WARN - Payment processed
10/03/2025 06:16:55 DEBUG - Session created
10/03/2025 06:17:09 ERROR - API response time: 45ms
10/03/2025 06:17:24 ERROR - Payment processed
10/03/2025 06:17:38 WARN - Email sent to user
10/03/2025 06:17:53 WARN - Request processed successfully
10/03/2025 06:18:07 DEBUG - Payment processed
10/03/2025 06:18:21 WARN - File uploaded: document.pdf
10/03/2025 06:18:36 ERROR - Payment processed
10/03/2025 06:18:50 WARN - Cache hit on key: product_123
10/03/2025 06:19:05 ERROR - API response time: 45ms
10/03/2025 06:19:19 INFO - User authentication successful
10/03/2025 06:19:33 DEBUG - User authentication successful
10/03/2025 06:19:48 INFO - Database connection established
10/03/2025 06:20:02 INFO - Background job completed
10/03/2025 06:20:17 ERROR - Session created
10/03/2025 06:20:31 WARN - API response time: 45ms
10/03/2025 06:20:45 WARN - Request processed successfully
10/03/2025 06:21:00 DEBUG - File uploaded: document.pdf
10/03/2025 06:21:14 INFO - Request processed successfully
10/03/2025 06:21:29 DEBUG - Background job completed
10/03/2025 06:21:43 ERROR - Payment processed
10/03/2025 06:21:57 INFO - Database connection established
10/03/2025 06:22:12 ERROR - API response time: 45ms
10/03/2025 06:22:26 WARN - Session created
10/03/2025 06:22:41 INFO - Background job completed
10/03/2025 06:22:55 DEBUG - Payment processed
10/03/2025 06:23:09 DEBUG - Payment processed
10/03/2025 06:23:24 DEBUG - Database connection established
10/03/2025 06:23:38 WARN - Request processed successfully
10/03/2025 06:23:53 INFO - Request processed successfully
10/03/2025 06:24:07 WARN - Background job completed
10/03/2025 06:24:21 DEBUG - Email sent to user
10/03/2025 06:24:36 ERROR - Session created
10/03/2025 06:24:50 INFO - File uploaded: document.pdf
10/03/2025 06:25:05 WARN - Email sent to user
10/03/2025 06:25:19 ERROR - Background job completed
10/03/2025 06:25:33 INFO - User authentication successful
10/03/2025 06:25:48 ERROR - File uploaded: document.pdf
10/03/2025 06:26:02 INFO - File uploaded: document.pdf
10/03/2025 06:26:17 ERROR - Email sent to user
10/03/2025 06:26:31 DEBUG - Payment processed
10/03/2025 06:26:45 DEBUG - Request processed successfully
10/03/2025 06:27:00 DEBUG - Database connection established
10/03/2025 06:27:14 DEBUG - Database connection established
10/03/2025 06:27:29 WARN - Payment processed
10/03/2025 06:27:43 WARN - File uploaded: document.pdf
10/03/2025 06:27:57 DEBUG - Session created
10/03/2025 06:28:12 DEBUG - Request processed successfully
10/03/2025 06:28:26 DEBUG - User authentication successful
10/03/2025 06:28:41 WARN - Database connection established
10/03/2025 06:28:55 INFO - Request processed successfully
10/03/2025 06:29:09 WARN - Session created
10/03/2025 06:29:24 WARN - File uploaded: document.pdf
10/03/2025 06:29:38 INFO - Database connection established
10/03/2025 06:29:53 INFO - Background job completed
10/03/2025 06:30:07 DEBUG - Request processed successfully
10/03/2025 06:30:21 WARN - User authentication successful
10/03/2025 06:30:36 INFO - Payment processed
10/03/2025 06:30:50 DEBUG - Session created
10/03/2025 06:31:05 INFO - Email sent to user
10/03/2025 06:31:19 ERROR - Email sent to user
10/03/2025 06:31:33 WARN - User authentication successful
10/03/2025 06:31:48 ERROR - Payment processed
10/03/2025 06:32:02 DEBUG - Request processed successfully
10/03/2025 06:32:17 WARN - Session created
10/03/2025 06:32:31 ERROR - API response time: 45ms
10/03/2025 06:32:45 ERROR - Background job completed
10/03/2025 06:33:00 ERROR - Payment processed
10/03/2025 06:33:14 DEBUG - Database connection established
10/03/2025 06:33:29 WARN - API response time: 45ms
10/03/2025 06:33:43 ERROR - Payment processed
10/03/2025 06:33:57 ERROR - Database connection established
10/03/2025 06:34:12 INFO - Session created
10/03/2025 06:34:26 INFO - Request processed successfully
10/03/2025 06:34:41 ERROR - Payment processed
10/03/2025 06:34:55 DEBUG - Session created
10/03/2025 06:35:09 ERROR - Request processed successfully
10/03/2025 06:35:24 WARN - Request processed successfully
10/03/2025 06:35:38 ERROR - Payment processed
10/03/2025 06:35:53 INFO - User authentication successful
10/03/2025 06:36:07 WARN - Background job completed
10/03/2025 06:36:21 WARN - Session created
10/03/2025 06:36:36 WARN - File uploaded: document.pdf
10/03/2025 06:36:50 ERROR - Email sent to user
10/03/2025 06:37:05 WARN - API response time: 45ms
10/03/2025 06:37:19 INFO - User authentication successful
10/03/2025 06:37:33 ERROR - Request processed successfully
10/03/2025 06:37:48 DEBUG - Request processed successfully
10/03/2025 06:38:02 INFO - Database connection established
10/03/2025 06:38:17 WARN - Background job completed
10/03/2025 06:38:31 WARN - Background job completed
10/03/2025 06:38:45 DEBUG - Cache hit on key: product_123
10/03/2025 06:39:00 DEBUG - File uploaded: document.pdf
10/03/2025 06:39:14 ERROR - User authentication successful
10/03/2025 06:39:29 WARN - Background job completed
10/03/2025 06:39:43 ERROR - File uploaded: document.pdf
10/03/2025 06:39:57 DEBUG - Cache hit on key: product_123
10/03/2025 06:40:12 INFO - API response time: 45ms
10/03/2025 06:40:26 DEBUG - Payment processed
10/03/2025 06:40:41 ERROR - Email sent to user
10/03/2025 06:40:55 WARN - Email sent to user
10/03/2025 06:41:09 ERROR - Payment processed
10/03/2025 06:41:24 ERROR - Background job completed
10/03/2025 06:41:38 WARN - Cache hit on key: product_123
10/03/2025 06:41:53 ERROR - Background job completed
10/03/2025 06:42:07 DEBUG - Request processed successfully
10/03/2025 06:42:21 WARN - User authentication successful
10/03/2025 06:42:36 DEBUG - Background job completed
10/03/2025 06:42:50 ERROR - API response time: 45ms
10/03/2025 06:43:05 DEBUG - File uploaded: document.pdf
10/03/2025 06:43:19 WARN - Database connection established
10/03/2025 06:43:33 DEBUG - Background job completed
10/03/2025 06:43:48 ERROR - Email sent to user
10/03/2025 06:44:02 WARN - Request processed successfully
10/03/2025 06:44:17 WARN - Background job completed
10/03/2025 06:44:31 DEBUG - Cache hit on key: product_123
10/03/2025 06:44:45 WARN - Database connection established
10/03/2025 06:45:00 DEBUG - Payment processed
10/03/2025 06:45:14 ERROR - Cache hit on key: product_123
10/03/2025 06:45:29 ERROR - API response time: 45ms
10/03/2025 06:45:43 ERROR - API response time: 45ms
10/03/2025 06:45:57 DEBUG - User authentication successful
10/03/2025 06:46:12 DEBUG - Session created
10/03/2025 06:46:26 DEBUG - Background job completed
10/03/2025 06:46:41 INFO - Payment processed
10/03/2025 06:46:55 ERROR - Session created
10/03/2025 06:47:09 DEBUG - API response time: 45ms
10/03/2025 06:47:24 ERROR - Cache hit on key: product_123
10/03/2025 06:47:38 WARN - Session created
10/03/2025 06:47:53 DEBUG - API response time: 45ms
10/03/2025 06:48:07 ERROR - Session created
10/03/2025 06:48:21 ERROR - Email sent to user
10/03/2025 06:48:36 DEBUG - Email sent to user
10/03/2025 06:48:50 WARN - File uploaded: document.pdf
10/03/2025 06:49:05 WARN - Email sent to user
10/03/2025 06:49:19 DEBUG - File uploaded: document.pdf
10/03/2025 06:49:33 DEBUG - API response time: 45ms
10/03/2025 06:49:48 DEBUG - Cache hit on key: product_123
10/03/2025 06:50:02 INFO - Background job completed
10/03/2025 06:50:17 WARN - Database connection established
10/03/2025 06:50:31 DEBUG - Email sent to user
10/03/2025 06:50:45 INFO - Email sent to user
10/03/2025 06:51:00 INFO - Session created
10/03/2025 06:51:14 DEBUG - Request processed successfully
10/03/2025 06:51:29 INFO - Session created
10/03/2025 06:51:43 WARN - Database connection established
10/03/2025 06:51:57 ERROR - API response time: 45ms
10/03/2025 06:52:12 ERROR - User authentication successful
10/03/2025 06:52:26 INFO - Background job completed
10/03/2025 06:52:41 DEBUG - Request processed successfully
10/03/2025 06:52:55 ERROR - User authentication successful
10/03/2025 06:53:09 WARN - User authentication successful
10/03/2025 06:53:24 ERROR - File uploaded: document.pdf
10/03/2025 06:53:38 ERROR - Request processed successfully
10/03/2025 06:53:53 INFO - Email sent to user
10/03/2025 06:54:07 ERROR - Email sent to user
10/03/2025 06:54:21 DEBUG - Database connection established
10/03/2025 06:54:36 DEBUG - Session created
10/03/2025 06:54:50 INFO - Session created
10/03/2025 06:55:05 DEBUG - Cache hit on key: product_123
10/03/2025 06:55:19 DEBUG - Background job completed
10/03/2025 06:55:33 ERROR - Session created
10/03/2025 06:55:48 INFO - Payment processed
10/03/2025 06:56:02 DEBUG - File uploaded: document.pdf
10/03/2025 06:56:17 WARN - Email sent to user
10/03/2025 06:56:31 INFO - Payment processed
10/03/2025 06:56:45 INFO - Database connection established
10/03/2025 06:57:00 WARN - Cache hit on key: product_123
10/03/2025 06:57:14 WARN - Email sent to user
10/03/2025 06:57:29 DEBUG - API response time: 45ms
10/03/2025 06:57:43 INFO - Background job completed
10/03/2025 06:57:57 WARN - User authentication successful
10/03/2025 06:58:12 ERROR - Session created
10/03/2025 06:58:26 INFO - Payment processed
10/03/2025 06:58:41 WARN - Database connection established
10/03/2025 06:58:55 DEBUG - Database connection established
10/03/2025 06:59:09 WARN - Background job completed
10/03/2025 06:59:24 ERROR - Database connection established
10/03/2025 06:59:38 DEBUG - Request processed successfully
10/03/2025 06:59:53 DEBUG - Cache hit on key: product_123
10/03/2025 07:00:07 INFO - API response time: 45ms
10/03/2025 07:00:21 WARN - Email sent to user
10/03/2025 07:00:36 WARN - User authentication successful
10/03/2025 07:00:50 ERROR - Email sent to user
10/03/2025 07:01:05 INFO - Payment processed
10/03/2025 07:01:19 ERROR - Session created
10/03/2025 07:01:33 INFO - File uploaded: document.pdf
10/03/2025 07:01:48 WARN - Request processed successfully
10/03/2025 07:02:02 DEBUG - Email sent to user
10/03/2025 07:02:17 ERROR - Payment processed
10/03/2025 07:02:31 WARN - User authentication successful
10/03/2025 07:02:45 DEBUG - API response time: 45ms
10/03/2025 07:03:00 WARN - Payment processed
10/03/2025 07:03:14 WARN - Payment processed
10/03/2025 07:03:29 WARN - Email sent to user
10/03/2025 07:03:43 INFO - Request processed successfully
10/03/2025 07:03:57 DEBUG - Background job completed
10/03/2025 07:04:12 INFO - Payment processed
10/03/2025 07:04:26 DEBUG - Cache hit on key: product_123
10/03/2025 07:04:41 ERROR - API response time: 45ms
10/03/2025 07:04:55 INFO - Session created
10/03/2025 07:05:09 WARN - Request processed successfully
10/03/2025 07:05:24 DEBUG - Email sent to user
10/03/2025 07:05:38 WARN - API response time: 45ms
10/03/2025 07:05:53 INFO - Session created
10/03/2025 07:06:07 INFO - Session created
10/03/2025 07:06:21 WARN - User authentication successful
10/03/2025 07:06:36 INFO - Database connection established
10/03/2025 07:06:50 WARN - Background job completed
10/03/2025 07:07:05 DEBUG - Email sent to user
10/03/2025 07:07:19 WARN - Payment processed
10/03/2025 07:07:33 ERROR - File uploaded: document.pdf
10/03/2025 07:07:48 DEBUG - File uploaded: document.pdf
10/03/2025 07:08:02 INFO - Email sent to user
10/03/2025 07:08:17 ERROR - Email sent to user
10/03/2025 07:08:31 INFO - Background job completed
10/03/2025 07:08:45 INFO - Email sent to user
10/03/2025 07:09:00 ERROR - Request processed successfully
10/03/2025 07:09:14 DEBUG - API response time: 45ms
10/03/2025 07:09:29 WARN - API response time: 45ms
10/03/2025 07:09:43 INFO - Payment processed
10/03/2025 07:09:57 DEBUG - Payment processed
10/03/2025 07:10:12 DEBUG - Session created
10/03/2025 07:10:26 DEBUG - Cache hit on key: product_123
10/03/2025 07:10:41 ERROR - Email sent to user
10/03/2025 07:10:55 INFO - API response time: 45ms
10/03/2025 07:11:09 INFO - Payment processed
10/03/2025 07:11:24 WARN - User authentication successful
10/03/2025 07:11:38 DEBUG - Payment processed
10/03/2025 07:11:53 INFO - Database connection established
10/03/2025 07:12:07 WARN - Session created
10/03/2025 07:12:21 WARN - User authentication successful
10/03/2025 07:12:36 INFO - Request processed successfully
10/03/2025 07:12:50 INFO - Payment processed
10/03/2025 07:13:05 WARN - Background job completed
10/03/2025 07:13:19 INFO - Cache hit on key: product_123
10/03/2025 07:13:33 WARN - Payment processed
10/03/2025 07:13:48 ERROR - Database connection established
10/03/2025 07:14:02 WARN - Email sent to user
10/03/2025 07:14:17 INFO - Database connection established
10/03/2025 07:14:31 WARN - File uploaded: document.pdf
10/03/2025 07:14:45 DEBUG - Session created
10/03/2025 07:15:00 WARN - Background job completed
10/03/2025 07:15:14 ERROR - Session created
10/03/2025 07:15:29 ERROR - Payment processed
10/03/2025 07:15:43 INFO - Request processed successfully
10/03/2025 07:15:57 DEBUG - Request processed successfully
10/03/2025 07:16:12 WARN - File uploaded: document.pdf
10/03/2025 07:16:26 INFO - Cache hit on key: product_123
10/03/2025 07:16:41 WARN - Cache hit on key: product_123
10/03/2025 07:16:55 DEBUG - Database connection established
10/03/2025 07:17:09 INFO - Cache hit on key: product_123
10/03/2025 07:17:24 INFO - API response time: 45ms
10/03/2025 07:17:38 WARN - Email sent to user
10/03/2025 07:17:53 WARN - Payment processed
10/03/2025 07:18:07 INFO - Payment processed
10/03/2025 07:18:21 DEBUG - Database connection established
10/03/2025 07:18:36 DEBUG - Payment processed
10/03/2025 07:18:50 WARN - Background job completed
10/03/2025 07:19:05 DEBUG - Request processed successfully
10/03/2025 07:19:19 WARN - Background job completed
10/03/2025 07:19:33 DEBUG - Request processed successfully
10/03/2025 07:19:48 INFO - Background job completed
10/03/2025 07:20:02 WARN - Request processed successfully
10/03/2025 07:20:17 DEBUG - Session created
10/03/2025 07:20:31 DEBUG - Cache hit on key: product_123
10/03/2025 07:20:45 ERROR - File uploaded: document.pdf
10/03/2025 07:21:00 ERROR - User authentication successful
10/03/2025 07:21:14 WARN - File uploaded: document.pdf
10/03/2025 07:21:29 ERROR - Email sent to user
10/03/2025 07:21:43 DEBUG - Background job completed
10/03/2025 07:21:57 INFO - Database connection established
10/03/2025 07:22:12 DEBUG - Background job completed
10/03/2025 07:22:26 INFO - Session created
10/03/2025 07:22:41 ERROR - Cache hit on key: product_123
10/03/2025 07:22:55 ERROR - Database connection established
10/03/2025 07:23:09 WARN - Database connection established
10/03/2025 07:23:24 WARN - File uploaded: document.pdf
10/03/2025 07:23:38 WARN - Email sent to user
10/03/2025 07:23:53 DEBUG - Database connection established
10/03/2025 07:24:07 INFO - File uploaded: document.pdf
10/03/2025 07:24:21 WARN - User authentication successful
10/03/2025 07:24:36 ERROR - Cache hit on key: product_123
10/03/2025 07:24:50 WARN - Session created
10/03/2025 07:25:05 DEBUG - Email sent to user
10/03/2025 07:25:19 ERROR - Background job completed
10/03/2025 07:25:33 WARN - Request processed successfully
10/03/2025 07:25:48 ERROR - Background job completed
10/03/2025 07:26:02 WARN - Request processed successfully
10/03/2025 07:26:17 ERROR - Session created
10/03/2025 07:26:31 ERROR - Database connection established
10/03/2025 07:26:45 WARN - Session created
10/03/2025 07:27:00 ERROR - Email sent to user
10/03/2025 07:27:14 DEBUG - Database connection established
10/03/2025 07:27:29 DEBUG - Session created
10/03/2025 07:27:43 INFO - Database connection established
10/03/2025 07:27:57 DEBUG - Email sent to user
10/03/2025 07:28:12 WARN - Database connection established
10/03/2025 07:28:26 DEBUG - Cache hit on key: product_123
10/03/2025 07:28:41 WARN - Database connection established
10/03/2025 07:28:55 DEBUG - Background job completed
10/03/2025 07:29:09 WARN - User authentication successful
10/03/2025 07:29:24 DEBUG - API response time: 45ms
10/03/2025 07:29:38 ERROR - API response time: 45ms
10/03/2025 07:29:53 DEBUG - Request processed successfully
10/03/2025 07:30:07 WARN - Request processed successfully
10/03/2025 07:30:21 ERROR - Database connection established
10/03/2025 07:30:36 DEBUG - Request processed successfully
10/03/2025 07:30:50 INFO - User authentication successful
10/03/2025 07:31:05 INFO - Session created
10/03/2025 07:31:19 INFO - Request processed successfully
10/03/2025 07:31:33 DEBUG - Session created
10/03/2025 07:31:48 WARN - API response time: 45ms
10/03/2025 07:32:02 ERROR - Request processed successfully
10/03/2025 07:32:17 WARN - User authentication successful
10/03/2025 07:32:31 ERROR - Email sent to user
10/03/2025 07:32:45 INFO - File uploaded: document.pdf
10/03/2025 07:33:00 DEBUG - User authentication successful
10/03/2025 07:33:14 DEBUG - Payment processed
10/03/2025 07:33:29 INFO - Database connection established
10/03/2025 07:33:43 ERROR - Payment processed
10/03/2025 07:33:57 WARN - Cache hit on key: product_123
10/03/2025 07:34:12 ERROR - API response time: 45ms
10/03/2025 07:34:26 WARN - Email sent to user
10/03/2025 07:34:41 INFO - Cache hit on key: product_123
10/03/2025 07:34:55 WARN - Database connection established
10/03/2025 07:35:09 DEBUG - Payment processed
10/03/2025 07:35:24 DEBUG - Email sent to user
10/03/2025 07:35:38 INFO - Background job completed
10/03/2025 07:35:53 WARN - File uploaded: document.pdf
10/03/2025 07:36:07 DEBUG - Database connection established
10/03/2025 07:36:21 ERROR - Background job completed
10/03/2025 07:36:36 WARN - Payment processed
10/03/2025 07:36:50 ERROR - Background job completed
10/03/2025 07:37:05 DEBUG - Request processed successfully
10/03/2025 07:37:19 INFO - Payment processed
10/03/2025 07:37:33 ERROR - File uploaded: document.pdf
10/03/2025 07:37:48 DEBUG - File uploaded: document.pdf
10/03/2025 07:38:02 DEBUG - Database connection established
10/03/2025 07:38:17 WARN - Request processed successfully
10/03/2025 07:38:31 WARN - Payment processed
